<?xml version="1.0" encoding="UTF-8"?>
<testsuite name="Categoria - Tests de Entidad" tests="8" skipped="0" failures="0" errors="0" timestamp="2026-03-06T01:17:51" hostname="GS1727958D01LP" time="0.004">
  <properties/>
  <testcase name="Debe crear categoria completa" classname="com.nexoohub.almacen.catalogo.entity.CategoriaTest" time="0.0"/>
  <testcase name="Debe crear categoria con ID" classname="com.nexoohub.almacen.catalogo.entity.CategoriaTest" time="0.0"/>
  <testcase name="Debe manejar descripciones largas" classname="com.nexoohub.almacen.catalogo.entity.CategoriaTest" time="0.0"/>
  <testcase name="Debe manejar nombres con caracteres especiales" classname="com.nexoohub.almacen.catalogo.entity.CategoriaTest" time="0.0"/>
  <testcase name="Debe permitir descripcion null" classname="com.nexoohub.almacen.catalogo.entity.CategoriaTest" time="0.001"/>
  <testcase name="Debe establecer y obtener nombre" classname="com.nexoohub.almacen.catalogo.entity.CategoriaTest" time="0.001"/>
  <testcase name="Debe crear instancia sin valores por defecto" classname="com.nexoohub.almacen.catalogo.entity.CategoriaTest" time="0.0"/>
  <testcase name="Debe establecer y obtener descripcion" classname="com.nexoohub.almacen.catalogo.entity.CategoriaTest" time="0.0"/>
  <system-out><![CDATA[]]></system-out>
  <system-err><![CDATA[]]></system-err>
</testsuite>
