<?xml version="1.0" encoding="UTF-8"?>
<testsuite name="ConfiguracionFinanciera - Tests de Entidad" tests="15" skipped="0" failures="0" errors="0" timestamp="2026-03-06T01:17:54" hostname="GS1727958D01LP" time="0.004">
  <properties/>
  <testcase name="Debe establecer y obtener margenGananciaBase" classname="com.nexoohub.almacen.finanzas.entity.ConfiguracionFinancieraTest" time="0.0"/>
  <testcase name="Debe establecer y obtener IVA" classname="com.nexoohub.almacen.finanzas.entity.ConfiguracionFinancieraTest" time="0.0"/>
  <testcase name="Debe crear configuración con ID" classname="com.nexoohub.almacen.finanzas.entity.ConfiguracionFinancieraTest" time="0.0"/>
  <testcase name="Debe validar que margen sea mayor que comisión" classname="com.nexoohub.almacen.finanzas.entity.ConfiguracionFinancieraTest" time="0.0"/>
  <testcase name="Debe permitir valores null" classname="com.nexoohub.almacen.finanzas.entity.ConfiguracionFinancieraTest" time="0.001"/>
  <testcase name="Debe establecer y obtener gastosFijosMensuales" classname="com.nexoohub.almacen.finanzas.entity.ConfiguracionFinancieraTest" time="0.0"/>
  <testcase name="Debe calcular precio con IVA correctamente" classname="com.nexoohub.almacen.finanzas.entity.ConfiguracionFinancieraTest" time="0.0"/>
  <testcase name="Debe manejar gastos fijos grandes" classname="com.nexoohub.almacen.finanzas.entity.ConfiguracionFinancieraTest" time="0.0"/>
  <testcase name="Debe manejar diferentes tasas de IVA" classname="com.nexoohub.almacen.finanzas.entity.ConfiguracionFinancieraTest" time="0.001"/>
  <testcase name="Debe manejar diferentes porcentajes de margen" classname="com.nexoohub.almacen.finanzas.entity.ConfiguracionFinancieraTest" time="0.0"/>
  <testcase name="Debe establecer y obtener comisionTarjeta" classname="com.nexoohub.almacen.finanzas.entity.ConfiguracionFinancieraTest" time="0.0"/>
  <testcase name="Debe establecer y obtener metaVentasMensual" classname="com.nexoohub.almacen.finanzas.entity.ConfiguracionFinancieraTest" time="0.0"/>
  <testcase name="Debe crear instancia sin valores por defecto" classname="com.nexoohub.almacen.finanzas.entity.ConfiguracionFinancieraTest" time="0.001"/>
  <testcase name="Debe validar meta mayor que gastos" classname="com.nexoohub.almacen.finanzas.entity.ConfiguracionFinancieraTest" time="0.0"/>
  <testcase name="Debe crear configuración financiera completa" classname="com.nexoohub.almacen.finanzas.entity.ConfiguracionFinancieraTest" time="0.0"/>
  <system-out><![CDATA[]]></system-out>
  <system-err><![CDATA[]]></system-err>
</testsuite>
