<?xml version="1.0" encoding="UTF-8"?>
<testsuite name="com.nexoohub.almacen.empleados.controller.EmpleadoControllerIntegrationTest" tests="6" skipped="0" failures="0" errors="0" timestamp="2026-03-06T01:17:54" hostname="GS1727958D01LP" time="0.107">
  <properties/>
  <testcase name="obtenerEmpleadosPorSucursal_ConDatos()" classname="com.nexoohub.almacen.empleados.controller.EmpleadoControllerIntegrationTest" time="0.027"/>
  <testcase name="darDeBajaEmpleado_Exitoso()" classname="com.nexoohub.almacen.empleados.controller.EmpleadoControllerIntegrationTest" time="0.017"/>
  <testcase name="obtenerEmpleadosPorSucursal_SinDatos()" classname="com.nexoohub.almacen.empleados.controller.EmpleadoControllerIntegrationTest" time="0.016"/>
  <testcase name="darDeBajaEmpleado_NoExiste()" classname="com.nexoohub.almacen.empleados.controller.EmpleadoControllerIntegrationTest" time="0.012"/>
  <testcase name="registrarEmpleado_Exitoso()" classname="com.nexoohub.almacen.empleados.controller.EmpleadoControllerIntegrationTest" time="0.021"/>
  <testcase name="registrarEmpleado_NombreVacio()" classname="com.nexoohub.almacen.empleados.controller.EmpleadoControllerIntegrationTest" time="0.013"/>
  <system-out><![CDATA[2026-03-05T19:17:54.391-06:00 DEBUG 216068 --- [    Test worker] o.s.orm.jpa.JpaTransactionManager        : Creating new transaction with name [com.nexoohub.almacen.empleados.controller.EmpleadoControllerIntegrationTest.obtenerEmpleadosPorSucursal_ConDatos]: PROPAGATION_REQUIRED,ISOLATION_DEFAULT
2026-03-05T19:17:54.391-06:00 DEBUG 216068 --- [    Test worker] o.s.orm.jpa.JpaTransactionManager        : Opened new EntityManager [SessionImpl(1503997948<open>)] for JPA transaction
2026-03-05T19:17:54.391-06:00 DEBUG 216068 --- [    Test worker] o.s.orm.jpa.JpaTransactionManager        : Exposing JPA transaction as JDBC [org.springframework.orm.jpa.vendor.HibernateJpaDialect$HibernateConnectionHandle@1b94c8b3]
2026-03-05T19:17:54.392-06:00 DEBUG 216068 --- [    Test worker] o.s.orm.jpa.JpaTransactionManager        : Found thread-bound EntityManager [SessionImpl(1503997948<open>)] for JPA transaction
2026-03-05T19:17:54.392-06:00 DEBUG 216068 --- [    Test worker] o.s.orm.jpa.JpaTransactionManager        : Participating in existing transaction
2026-03-05T19:17:54.393-06:00 DEBUG 216068 --- [    Test worker] org.hibernate.SQL                        : 
    select
        e1_0.id,
        e1_0.activo,
        e1_0.apellidos,
        e1_0.fecha_actualizacion,
        e1_0.fecha_contratacion,
        e1_0.fecha_creacion,
        e1_0.nombre,
        e1_0.puesto,
        e1_0.sucursal_id,
        e1_0.usuario_actualizacion,
        e1_0.usuario_creacion 
    from
        empleados e1_0
2026-03-05T19:17:54.393-06:00 DEBUG 216068 --- [    Test worker] o.h.stat.internal.StatisticsImpl         : HHH000117: HQL: [CRITERIA] select e1_0.id,e1_0.activo,e1_0.apellidos,e1_0.fecha_actualizacion,e1_0.fecha_contratacion,e1_0.fecha_creacion,e1_0.nombre,e1_0.puesto,e1_0.sucursal_id,e1_0.usuario_actualizacion,e1_0.usuario_creacion from empleados e1_0, time: 0ms, rows: 0
2026-03-05T19:17:54.393-06:00 DEBUG 216068 --- [    Test worker] o.s.orm.jpa.JpaTransactionManager        : Found thread-bound EntityManager [SessionImpl(1503997948<open>)] for JPA transaction
2026-03-05T19:17:54.393-06:00 DEBUG 216068 --- [    Test worker] o.s.orm.jpa.JpaTransactionManager        : Participating in existing transaction
2026-03-05T19:17:54.394-06:00 DEBUG 216068 --- [    Test worker] org.hibernate.SQL                        : 
    select
        u1_0.id,
        u1_0.empleado_id,
        u1_0.fecha_actualizacion,
        u1_0.fecha_creacion,
        u1_0.password,
        u1_0.role,
        u1_0.username,
        u1_0.usuario_actualizacion,
        u1_0.usuario_creacion 
    from
        usuarios u1_0
2026-03-05T19:17:54.394-06:00 DEBUG 216068 --- [    Test worker] o.h.stat.internal.StatisticsImpl         : HHH000117: HQL: [CRITERIA] select u1_0.id,u1_0.empleado_id,u1_0.fecha_actualizacion,u1_0.fecha_creacion,u1_0.password,u1_0.role,u1_0.username,u1_0.usuario_actualizacion,u1_0.usuario_creacion from usuarios u1_0, time: 0ms, rows: 0
2026-03-05T19:17:54.394-06:00 DEBUG 216068 --- [    Test worker] o.s.orm.jpa.JpaTransactionManager        : Found thread-bound EntityManager [SessionImpl(1503997948<open>)] for JPA transaction
2026-03-05T19:17:54.394-06:00 DEBUG 216068 --- [    Test worker] o.s.orm.jpa.JpaTransactionManager        : Participating in existing transaction
2026-03-05T19:17:54.395-06:00 DEBUG 216068 --- [    Test worker] org.hibernate.SQL                        : 
    insert 
    into
        usuarios
        (empleado_id, fecha_actualizacion, fecha_creacion, password, role, username, usuario_actualizacion, usuario_creacion, id) 
    values
        (?, ?, ?, ?, ?, ?, ?, ?, default)
2026-03-05T19:17:54.396-06:00 DEBUG 216068 --- [    Test worker] o.s.orm.jpa.JpaTransactionManager        : Found thread-bound EntityManager [SessionImpl(1503997948<open>)] for JPA transaction
2026-03-05T19:17:54.396-06:00 DEBUG 216068 --- [    Test worker] o.s.orm.jpa.JpaTransactionManager        : Participating in existing transaction
2026-03-05T19:17:54.399-06:00 DEBUG 216068 --- [    Test worker] org.hibernate.SQL                        : 
    insert 
    into
        empleados
        (activo, apellidos, fecha_actualizacion, fecha_contratacion, fecha_creacion, nombre, puesto, sucursal_id, usuario_actualizacion, usuario_creacion, id) 
    values
        (?, ?, ?, ?, ?, ?, ?, ?, ?, ?, default)
2026-03-05T19:17:54.400-06:00 DEBUG 216068 --- [    Test worker] o.s.orm.jpa.JpaTransactionManager        : Found thread-bound EntityManager [SessionImpl(1503997948<open>)] for JPA transaction
2026-03-05T19:17:54.400-06:00 DEBUG 216068 --- [    Test worker] o.s.orm.jpa.JpaTransactionManager        : Participating in existing transaction
2026-03-05T19:17:54.400-06:00 DEBUG 216068 --- [    Test worker] org.hibernate.SQL                        : 
    insert 
    into
        empleados
        (activo, apellidos, fecha_actualizacion, fecha_contratacion, fecha_creacion, nombre, puesto, sucursal_id, usuario_actualizacion, usuario_creacion, id) 
    values
        (?, ?, ?, ?, ?, ?, ?, ?, ?, ?, default)
2026-03-05T19:17:54.401-06:00 DEBUG 216068 --- [    Test worker] o.s.orm.jpa.JpaTransactionManager        : Found thread-bound EntityManager [SessionImpl(1503997948<open>)] for JPA transaction
2026-03-05T19:17:54.401-06:00 DEBUG 216068 --- [    Test worker] o.s.orm.jpa.JpaTransactionManager        : Participating in existing transaction
2026-03-05T19:17:54.401-06:00 DEBUG 216068 --- [    Test worker] org.hibernate.SQL                        : 
    insert 
    into
        empleados
        (activo, apellidos, fecha_actualizacion, fecha_contratacion, fecha_creacion, nombre, puesto, sucursal_id, usuario_actualizacion, usuario_creacion, id) 
    values
        (?, ?, ?, ?, ?, ?, ?, ?, ?, ?, default)
2026-03-05T19:17:54.405-06:00 DEBUG 216068 --- [    Test worker] org.hibernate.SQL                        : 
    select
        u1_0.id,
        u1_0.empleado_id,
        u1_0.fecha_actualizacion,
        u1_0.fecha_creacion,
        u1_0.password,
        u1_0.role,
        u1_0.username,
        u1_0.usuario_actualizacion,
        u1_0.usuario_creacion 
    from
        usuarios u1_0 
    where
        u1_0.username=?
2026-03-05T19:17:54.405-06:00 DEBUG 216068 --- [    Test worker] o.h.stat.internal.StatisticsImpl         : HHH000117: HQL: [CRITERIA] select u1_0.id,u1_0.empleado_id,u1_0.fecha_actualizacion,u1_0.fecha_creacion,u1_0.password,u1_0.role,u1_0.username,u1_0.usuario_actualizacion,u1_0.usuario_creacion from usuarios u1_0 where u1_0.username=?, time: 0ms, rows: 1
2026-03-05T19:17:54.407-06:00  INFO 216068 --- [    Test worker] c.n.almacen.common.config.LogFilter      : >> Iniciando petición: GET /api/v1/empleados/sucursal/1
2026-03-05T19:17:54.411-06:00 DEBUG 216068 --- [    Test worker] org.hibernate.SQL                        : 
    select
        e1_0.id,
        e1_0.activo,
        e1_0.apellidos,
        e1_0.fecha_actualizacion,
        e1_0.fecha_contratacion,
        e1_0.fecha_creacion,
        e1_0.nombre,
        e1_0.puesto,
        e1_0.sucursal_id,
        e1_0.usuario_actualizacion,
        e1_0.usuario_creacion 
    from
        empleados e1_0 
    where
        e1_0.sucursal_id=? 
        and e1_0.activo 
    order by
        e1_0.nombre 
    offset
        ? rows 
    fetch
        first ? rows only
2026-03-05T19:17:54.412-06:00 DEBUG 216068 --- [    Test worker] o.h.stat.internal.StatisticsImpl         : HHH000117: HQL: [CRITERIA] select e1_0.id,e1_0.activo,e1_0.apellidos,e1_0.fecha_actualizacion,e1_0.fecha_contratacion,e1_0.fecha_creacion,e1_0.nombre,e1_0.puesto,e1_0.sucursal_id,e1_0.usuario_actualizacion,e1_0.usuario_creacion from empleados e1_0 where e1_0.sucursal_id=? and e1_0.activo order by e1_0.nombre offset ? rows fetch first ? rows only, time: 1ms, rows: 2
2026-03-05T19:17:54.414-06:00  INFO 216068 --- [    Test worker] c.n.almacen.common.config.LogFilter      : << Petición finalizada en 7 ms
2026-03-05T19:17:54.417-06:00 DEBUG 216068 --- [    Test worker] o.s.orm.jpa.JpaTransactionManager        : Initiating transaction rollback
2026-03-05T19:17:54.417-06:00 DEBUG 216068 --- [    Test worker] o.s.orm.jpa.JpaTransactionManager        : Rolling back JPA transaction on EntityManager [SessionImpl(1503997948<open>)]
2026-03-05T19:17:54.417-06:00 DEBUG 216068 --- [    Test worker] o.s.orm.jpa.JpaTransactionManager        : Closing JPA EntityManager [SessionImpl(1503997948<open>)] after transaction
2026-03-05T19:17:54.419-06:00 DEBUG 216068 --- [    Test worker] o.s.orm.jpa.JpaTransactionManager        : Creating new transaction with name [com.nexoohub.almacen.empleados.controller.EmpleadoControllerIntegrationTest.darDeBajaEmpleado_Exitoso]: PROPAGATION_REQUIRED,ISOLATION_DEFAULT
2026-03-05T19:17:54.419-06:00 DEBUG 216068 --- [    Test worker] o.s.orm.jpa.JpaTransactionManager        : Opened new EntityManager [SessionImpl(2004535536<open>)] for JPA transaction
2026-03-05T19:17:54.419-06:00 DEBUG 216068 --- [    Test worker] o.s.orm.jpa.JpaTransactionManager        : Exposing JPA transaction as JDBC [org.springframework.orm.jpa.vendor.HibernateJpaDialect$HibernateConnectionHandle@1c118a97]
2026-03-05T19:17:54.420-06:00 DEBUG 216068 --- [    Test worker] o.s.orm.jpa.JpaTransactionManager        : Found thread-bound EntityManager [SessionImpl(2004535536<open>)] for JPA transaction
2026-03-05T19:17:54.420-06:00 DEBUG 216068 --- [    Test worker] o.s.orm.jpa.JpaTransactionManager        : Participating in existing transaction
2026-03-05T19:17:54.421-06:00 DEBUG 216068 --- [    Test worker] org.hibernate.SQL                        : 
    select
        e1_0.id,
        e1_0.activo,
        e1_0.apellidos,
        e1_0.fecha_actualizacion,
        e1_0.fecha_contratacion,
        e1_0.fecha_creacion,
        e1_0.nombre,
        e1_0.puesto,
        e1_0.sucursal_id,
        e1_0.usuario_actualizacion,
        e1_0.usuario_creacion 
    from
        empleados e1_0
2026-03-05T19:17:54.422-06:00 DEBUG 216068 --- [    Test worker] o.h.stat.internal.StatisticsImpl         : HHH000117: HQL: [CRITERIA] select e1_0.id,e1_0.activo,e1_0.apellidos,e1_0.fecha_actualizacion,e1_0.fecha_contratacion,e1_0.fecha_creacion,e1_0.nombre,e1_0.puesto,e1_0.sucursal_id,e1_0.usuario_actualizacion,e1_0.usuario_creacion from empleados e1_0, time: 0ms, rows: 0
2026-03-05T19:17:54.422-06:00 DEBUG 216068 --- [    Test worker] o.s.orm.jpa.JpaTransactionManager        : Found thread-bound EntityManager [SessionImpl(2004535536<open>)] for JPA transaction
2026-03-05T19:17:54.422-06:00 DEBUG 216068 --- [    Test worker] o.s.orm.jpa.JpaTransactionManager        : Participating in existing transaction
2026-03-05T19:17:54.423-06:00 DEBUG 216068 --- [    Test worker] org.hibernate.SQL                        : 
    select
        u1_0.id,
        u1_0.empleado_id,
        u1_0.fecha_actualizacion,
        u1_0.fecha_creacion,
        u1_0.password,
        u1_0.role,
        u1_0.username,
        u1_0.usuario_actualizacion,
        u1_0.usuario_creacion 
    from
        usuarios u1_0
2026-03-05T19:17:54.423-06:00 DEBUG 216068 --- [    Test worker] o.h.stat.internal.StatisticsImpl         : HHH000117: HQL: [CRITERIA] select u1_0.id,u1_0.empleado_id,u1_0.fecha_actualizacion,u1_0.fecha_creacion,u1_0.password,u1_0.role,u1_0.username,u1_0.usuario_actualizacion,u1_0.usuario_creacion from usuarios u1_0, time: 0ms, rows: 0
2026-03-05T19:17:54.423-06:00 DEBUG 216068 --- [    Test worker] o.s.orm.jpa.JpaTransactionManager        : Found thread-bound EntityManager [SessionImpl(2004535536<open>)] for JPA transaction
2026-03-05T19:17:54.423-06:00 DEBUG 216068 --- [    Test worker] o.s.orm.jpa.JpaTransactionManager        : Participating in existing transaction
2026-03-05T19:17:54.424-06:00 DEBUG 216068 --- [    Test worker] org.hibernate.SQL                        : 
    insert 
    into
        usuarios
        (empleado_id, fecha_actualizacion, fecha_creacion, password, role, username, usuario_actualizacion, usuario_creacion, id) 
    values
        (?, ?, ?, ?, ?, ?, ?, ?, default)
2026-03-05T19:17:54.425-06:00 DEBUG 216068 --- [    Test worker] o.s.orm.jpa.JpaTransactionManager        : Found thread-bound EntityManager [SessionImpl(2004535536<open>)] for JPA transaction
2026-03-05T19:17:54.425-06:00 DEBUG 216068 --- [    Test worker] o.s.orm.jpa.JpaTransactionManager        : Participating in existing transaction
2026-03-05T19:17:54.426-06:00 DEBUG 216068 --- [    Test worker] org.hibernate.SQL                        : 
    insert 
    into
        empleados
        (activo, apellidos, fecha_actualizacion, fecha_contratacion, fecha_creacion, nombre, puesto, sucursal_id, usuario_actualizacion, usuario_creacion, id) 
    values
        (?, ?, ?, ?, ?, ?, ?, ?, ?, ?, default)
2026-03-05T19:17:54.428-06:00 DEBUG 216068 --- [    Test worker] org.hibernate.SQL                        : 
    select
        u1_0.id,
        u1_0.empleado_id,
        u1_0.fecha_actualizacion,
        u1_0.fecha_creacion,
        u1_0.password,
        u1_0.role,
        u1_0.username,
        u1_0.usuario_actualizacion,
        u1_0.usuario_creacion 
    from
        usuarios u1_0 
    where
        u1_0.username=?
2026-03-05T19:17:54.429-06:00 DEBUG 216068 --- [    Test worker] o.h.stat.internal.StatisticsImpl         : HHH000117: HQL: [CRITERIA] select u1_0.id,u1_0.empleado_id,u1_0.fecha_actualizacion,u1_0.fecha_creacion,u1_0.password,u1_0.role,u1_0.username,u1_0.usuario_actualizacion,u1_0.usuario_creacion from usuarios u1_0 where u1_0.username=?, time: 0ms, rows: 1
2026-03-05T19:17:54.430-06:00  INFO 216068 --- [    Test worker] c.n.almacen.common.config.LogFilter      : >> Iniciando petición: DELETE /api/v1/empleados/4
2026-03-05T19:17:54.431-06:00 DEBUG 216068 --- [    Test worker] o.s.orm.jpa.JpaTransactionManager        : Found thread-bound EntityManager [SessionImpl(2004535536<open>)] for JPA transaction
2026-03-05T19:17:54.431-06:00 DEBUG 216068 --- [    Test worker] o.s.orm.jpa.JpaTransactionManager        : Participating in existing transaction
2026-03-05T19:17:54.432-06:00 DEBUG 216068 --- [    Test worker] o.s.orm.jpa.JpaTransactionManager        : Found thread-bound EntityManager [SessionImpl(2004535536<open>)] for JPA transaction
2026-03-05T19:17:54.432-06:00 DEBUG 216068 --- [    Test worker] o.s.orm.jpa.JpaTransactionManager        : Participating in existing transaction
2026-03-05T19:17:54.432-06:00  INFO 216068 --- [    Test worker] c.n.almacen.common.config.LogFilter      : << Petición finalizada en 2 ms
2026-03-05T19:17:54.433-06:00 DEBUG 216068 --- [    Test worker] o.s.orm.jpa.JpaTransactionManager        : Found thread-bound EntityManager [SessionImpl(2004535536<open>)] for JPA transaction
2026-03-05T19:17:54.433-06:00 DEBUG 216068 --- [    Test worker] o.s.orm.jpa.JpaTransactionManager        : Participating in existing transaction
2026-03-05T19:17:54.434-06:00 DEBUG 216068 --- [    Test worker] o.s.orm.jpa.JpaTransactionManager        : Initiating transaction rollback
2026-03-05T19:17:54.434-06:00 DEBUG 216068 --- [    Test worker] o.s.orm.jpa.JpaTransactionManager        : Rolling back JPA transaction on EntityManager [SessionImpl(2004535536<open>)]
2026-03-05T19:17:54.434-06:00 DEBUG 216068 --- [    Test worker] o.s.orm.jpa.JpaTransactionManager        : Closing JPA EntityManager [SessionImpl(2004535536<open>)] after transaction
2026-03-05T19:17:54.436-06:00 DEBUG 216068 --- [    Test worker] o.s.orm.jpa.JpaTransactionManager        : Creating new transaction with name [com.nexoohub.almacen.empleados.controller.EmpleadoControllerIntegrationTest.obtenerEmpleadosPorSucursal_SinDatos]: PROPAGATION_REQUIRED,ISOLATION_DEFAULT
2026-03-05T19:17:54.436-06:00 DEBUG 216068 --- [    Test worker] o.s.orm.jpa.JpaTransactionManager        : Opened new EntityManager [SessionImpl(1276765352<open>)] for JPA transaction
2026-03-05T19:17:54.436-06:00 DEBUG 216068 --- [    Test worker] o.s.orm.jpa.JpaTransactionManager        : Exposing JPA transaction as JDBC [org.springframework.orm.jpa.vendor.HibernateJpaDialect$HibernateConnectionHandle@7ee43525]
2026-03-05T19:17:54.437-06:00 DEBUG 216068 --- [    Test worker] o.s.orm.jpa.JpaTransactionManager        : Found thread-bound EntityManager [SessionImpl(1276765352<open>)] for JPA transaction
2026-03-05T19:17:54.437-06:00 DEBUG 216068 --- [    Test worker] o.s.orm.jpa.JpaTransactionManager        : Participating in existing transaction
2026-03-05T19:17:54.437-06:00 DEBUG 216068 --- [    Test worker] org.hibernate.SQL                        : 
    select
        e1_0.id,
        e1_0.activo,
        e1_0.apellidos,
        e1_0.fecha_actualizacion,
        e1_0.fecha_contratacion,
        e1_0.fecha_creacion,
        e1_0.nombre,
        e1_0.puesto,
        e1_0.sucursal_id,
        e1_0.usuario_actualizacion,
        e1_0.usuario_creacion 
    from
        empleados e1_0
2026-03-05T19:17:54.438-06:00 DEBUG 216068 --- [    Test worker] o.h.stat.internal.StatisticsImpl         : HHH000117: HQL: [CRITERIA] select e1_0.id,e1_0.activo,e1_0.apellidos,e1_0.fecha_actualizacion,e1_0.fecha_contratacion,e1_0.fecha_creacion,e1_0.nombre,e1_0.puesto,e1_0.sucursal_id,e1_0.usuario_actualizacion,e1_0.usuario_creacion from empleados e1_0, time: 0ms, rows: 0
2026-03-05T19:17:54.438-06:00 DEBUG 216068 --- [    Test worker] o.s.orm.jpa.JpaTransactionManager        : Found thread-bound EntityManager [SessionImpl(1276765352<open>)] for JPA transaction
2026-03-05T19:17:54.438-06:00 DEBUG 216068 --- [    Test worker] o.s.orm.jpa.JpaTransactionManager        : Participating in existing transaction
2026-03-05T19:17:54.439-06:00 DEBUG 216068 --- [    Test worker] org.hibernate.SQL                        : 
    select
        u1_0.id,
        u1_0.empleado_id,
        u1_0.fecha_actualizacion,
        u1_0.fecha_creacion,
        u1_0.password,
        u1_0.role,
        u1_0.username,
        u1_0.usuario_actualizacion,
        u1_0.usuario_creacion 
    from
        usuarios u1_0
2026-03-05T19:17:54.439-06:00 DEBUG 216068 --- [    Test worker] o.h.stat.internal.StatisticsImpl         : HHH000117: HQL: [CRITERIA] select u1_0.id,u1_0.empleado_id,u1_0.fecha_actualizacion,u1_0.fecha_creacion,u1_0.password,u1_0.role,u1_0.username,u1_0.usuario_actualizacion,u1_0.usuario_creacion from usuarios u1_0, time: 0ms, rows: 0
2026-03-05T19:17:54.440-06:00 DEBUG 216068 --- [    Test worker] o.s.orm.jpa.JpaTransactionManager        : Found thread-bound EntityManager [SessionImpl(1276765352<open>)] for JPA transaction
2026-03-05T19:17:54.440-06:00 DEBUG 216068 --- [    Test worker] o.s.orm.jpa.JpaTransactionManager        : Participating in existing transaction
2026-03-05T19:17:54.440-06:00 DEBUG 216068 --- [    Test worker] org.hibernate.SQL                        : 
    insert 
    into
        usuarios
        (empleado_id, fecha_actualizacion, fecha_creacion, password, role, username, usuario_actualizacion, usuario_creacion, id) 
    values
        (?, ?, ?, ?, ?, ?, ?, ?, default)
2026-03-05T19:17:54.444-06:00 DEBUG 216068 --- [    Test worker] org.hibernate.SQL                        : 
    select
        u1_0.id,
        u1_0.empleado_id,
        u1_0.fecha_actualizacion,
        u1_0.fecha_creacion,
        u1_0.password,
        u1_0.role,
        u1_0.username,
        u1_0.usuario_actualizacion,
        u1_0.usuario_creacion 
    from
        usuarios u1_0 
    where
        u1_0.username=?
2026-03-05T19:17:54.444-06:00 DEBUG 216068 --- [    Test worker] o.h.stat.internal.StatisticsImpl         : HHH000117: HQL: [CRITERIA] select u1_0.id,u1_0.empleado_id,u1_0.fecha_actualizacion,u1_0.fecha_creacion,u1_0.password,u1_0.role,u1_0.username,u1_0.usuario_actualizacion,u1_0.usuario_creacion from usuarios u1_0 where u1_0.username=?, time: 0ms, rows: 1
2026-03-05T19:17:54.445-06:00  INFO 216068 --- [    Test worker] c.n.almacen.common.config.LogFilter      : >> Iniciando petición: GET /api/v1/empleados/sucursal/999
2026-03-05T19:17:54.448-06:00 DEBUG 216068 --- [    Test worker] org.hibernate.SQL                        : 
    select
        e1_0.id,
        e1_0.activo,
        e1_0.apellidos,
        e1_0.fecha_actualizacion,
        e1_0.fecha_contratacion,
        e1_0.fecha_creacion,
        e1_0.nombre,
        e1_0.puesto,
        e1_0.sucursal_id,
        e1_0.usuario_actualizacion,
        e1_0.usuario_creacion 
    from
        empleados e1_0 
    where
        e1_0.sucursal_id=? 
        and e1_0.activo 
    order by
        e1_0.nombre 
    offset
        ? rows 
    fetch
        first ? rows only
2026-03-05T19:17:54.448-06:00 DEBUG 216068 --- [    Test worker] o.h.stat.internal.StatisticsImpl         : HHH000117: HQL: [CRITERIA] select e1_0.id,e1_0.activo,e1_0.apellidos,e1_0.fecha_actualizacion,e1_0.fecha_contratacion,e1_0.fecha_creacion,e1_0.nombre,e1_0.puesto,e1_0.sucursal_id,e1_0.usuario_actualizacion,e1_0.usuario_creacion from empleados e1_0 where e1_0.sucursal_id=? and e1_0.activo order by e1_0.nombre offset ? rows fetch first ? rows only, time: 0ms, rows: 0
2026-03-05T19:17:54.449-06:00  INFO 216068 --- [    Test worker] c.n.almacen.common.config.LogFilter      : << Petición finalizada en 4 ms
2026-03-05T19:17:54.451-06:00 DEBUG 216068 --- [    Test worker] o.s.orm.jpa.JpaTransactionManager        : Initiating transaction rollback
2026-03-05T19:17:54.451-06:00 DEBUG 216068 --- [    Test worker] o.s.orm.jpa.JpaTransactionManager        : Rolling back JPA transaction on EntityManager [SessionImpl(1276765352<open>)]
2026-03-05T19:17:54.451-06:00 DEBUG 216068 --- [    Test worker] o.s.orm.jpa.JpaTransactionManager        : Closing JPA EntityManager [SessionImpl(1276765352<open>)] after transaction
2026-03-05T19:17:54.452-06:00 DEBUG 216068 --- [    Test worker] o.s.orm.jpa.JpaTransactionManager        : Creating new transaction with name [com.nexoohub.almacen.empleados.controller.EmpleadoControllerIntegrationTest.darDeBajaEmpleado_NoExiste]: PROPAGATION_REQUIRED,ISOLATION_DEFAULT
2026-03-05T19:17:54.452-06:00 DEBUG 216068 --- [    Test worker] o.s.orm.jpa.JpaTransactionManager        : Opened new EntityManager [SessionImpl(1377356584<open>)] for JPA transaction
2026-03-05T19:17:54.452-06:00 DEBUG 216068 --- [    Test worker] o.s.orm.jpa.JpaTransactionManager        : Exposing JPA transaction as JDBC [org.springframework.orm.jpa.vendor.HibernateJpaDialect$HibernateConnectionHandle@68d2fc35]
2026-03-05T19:17:54.453-06:00 DEBUG 216068 --- [    Test worker] o.s.orm.jpa.JpaTransactionManager        : Found thread-bound EntityManager [SessionImpl(1377356584<open>)] for JPA transaction
2026-03-05T19:17:54.453-06:00 DEBUG 216068 --- [    Test worker] o.s.orm.jpa.JpaTransactionManager        : Participating in existing transaction
2026-03-05T19:17:54.454-06:00 DEBUG 216068 --- [    Test worker] org.hibernate.SQL                        : 
    select
        e1_0.id,
        e1_0.activo,
        e1_0.apellidos,
        e1_0.fecha_actualizacion,
        e1_0.fecha_contratacion,
        e1_0.fecha_creacion,
        e1_0.nombre,
        e1_0.puesto,
        e1_0.sucursal_id,
        e1_0.usuario_actualizacion,
        e1_0.usuario_creacion 
    from
        empleados e1_0
2026-03-05T19:17:54.454-06:00 DEBUG 216068 --- [    Test worker] o.h.stat.internal.StatisticsImpl         : HHH000117: HQL: [CRITERIA] select e1_0.id,e1_0.activo,e1_0.apellidos,e1_0.fecha_actualizacion,e1_0.fecha_contratacion,e1_0.fecha_creacion,e1_0.nombre,e1_0.puesto,e1_0.sucursal_id,e1_0.usuario_actualizacion,e1_0.usuario_creacion from empleados e1_0, time: 0ms, rows: 0
2026-03-05T19:17:54.454-06:00 DEBUG 216068 --- [    Test worker] o.s.orm.jpa.JpaTransactionManager        : Found thread-bound EntityManager [SessionImpl(1377356584<open>)] for JPA transaction
2026-03-05T19:17:54.454-06:00 DEBUG 216068 --- [    Test worker] o.s.orm.jpa.JpaTransactionManager        : Participating in existing transaction
2026-03-05T19:17:54.455-06:00 DEBUG 216068 --- [    Test worker] org.hibernate.SQL                        : 
    select
        u1_0.id,
        u1_0.empleado_id,
        u1_0.fecha_actualizacion,
        u1_0.fecha_creacion,
        u1_0.password,
        u1_0.role,
        u1_0.username,
        u1_0.usuario_actualizacion,
        u1_0.usuario_creacion 
    from
        usuarios u1_0
2026-03-05T19:17:54.455-06:00 DEBUG 216068 --- [    Test worker] o.h.stat.internal.StatisticsImpl         : HHH000117: HQL: [CRITERIA] select u1_0.id,u1_0.empleado_id,u1_0.fecha_actualizacion,u1_0.fecha_creacion,u1_0.password,u1_0.role,u1_0.username,u1_0.usuario_actualizacion,u1_0.usuario_creacion from usuarios u1_0, time: 0ms, rows: 0
2026-03-05T19:17:54.455-06:00 DEBUG 216068 --- [    Test worker] o.s.orm.jpa.JpaTransactionManager        : Found thread-bound EntityManager [SessionImpl(1377356584<open>)] for JPA transaction
2026-03-05T19:17:54.455-06:00 DEBUG 216068 --- [    Test worker] o.s.orm.jpa.JpaTransactionManager        : Participating in existing transaction
2026-03-05T19:17:54.456-06:00 DEBUG 216068 --- [    Test worker] org.hibernate.SQL                        : 
    insert 
    into
        usuarios
        (empleado_id, fecha_actualizacion, fecha_creacion, password, role, username, usuario_actualizacion, usuario_creacion, id) 
    values
        (?, ?, ?, ?, ?, ?, ?, ?, default)
2026-03-05T19:17:54.459-06:00 DEBUG 216068 --- [    Test worker] org.hibernate.SQL                        : 
    select
        u1_0.id,
        u1_0.empleado_id,
        u1_0.fecha_actualizacion,
        u1_0.fecha_creacion,
        u1_0.password,
        u1_0.role,
        u1_0.username,
        u1_0.usuario_actualizacion,
        u1_0.usuario_creacion 
    from
        usuarios u1_0 
    where
        u1_0.username=?
2026-03-05T19:17:54.459-06:00 DEBUG 216068 --- [    Test worker] o.h.stat.internal.StatisticsImpl         : HHH000117: HQL: [CRITERIA] select u1_0.id,u1_0.empleado_id,u1_0.fecha_actualizacion,u1_0.fecha_creacion,u1_0.password,u1_0.role,u1_0.username,u1_0.usuario_actualizacion,u1_0.usuario_creacion from usuarios u1_0 where u1_0.username=?, time: 0ms, rows: 1
2026-03-05T19:17:54.461-06:00  INFO 216068 --- [    Test worker] c.n.almacen.common.config.LogFilter      : >> Iniciando petición: DELETE /api/v1/empleados/99999
2026-03-05T19:17:54.461-06:00 DEBUG 216068 --- [    Test worker] o.s.orm.jpa.JpaTransactionManager        : Found thread-bound EntityManager [SessionImpl(1377356584<open>)] for JPA transaction
2026-03-05T19:17:54.461-06:00 DEBUG 216068 --- [    Test worker] o.s.orm.jpa.JpaTransactionManager        : Participating in existing transaction
2026-03-05T19:17:54.461-06:00 DEBUG 216068 --- [    Test worker] org.hibernate.SQL                        : 
    select
        e1_0.id,
        e1_0.activo,
        e1_0.apellidos,
        e1_0.fecha_actualizacion,
        e1_0.fecha_contratacion,
        e1_0.fecha_creacion,
        e1_0.nombre,
        e1_0.puesto,
        e1_0.sucursal_id,
        e1_0.usuario_actualizacion,
        e1_0.usuario_creacion 
    from
        empleados e1_0 
    where
        e1_0.id=?
2026-03-05T19:17:54.462-06:00  INFO 216068 --- [    Test worker] c.n.almacen.common.config.LogFilter      : << Petición finalizada en 2 ms
2026-03-05T19:17:54.463-06:00 DEBUG 216068 --- [    Test worker] o.s.orm.jpa.JpaTransactionManager        : Initiating transaction rollback
2026-03-05T19:17:54.463-06:00 DEBUG 216068 --- [    Test worker] o.s.orm.jpa.JpaTransactionManager        : Rolling back JPA transaction on EntityManager [SessionImpl(1377356584<open>)]
2026-03-05T19:17:54.464-06:00 DEBUG 216068 --- [    Test worker] o.s.orm.jpa.JpaTransactionManager        : Closing JPA EntityManager [SessionImpl(1377356584<open>)] after transaction
2026-03-05T19:17:54.465-06:00 DEBUG 216068 --- [    Test worker] o.s.orm.jpa.JpaTransactionManager        : Creating new transaction with name [com.nexoohub.almacen.empleados.controller.EmpleadoControllerIntegrationTest.registrarEmpleado_Exitoso]: PROPAGATION_REQUIRED,ISOLATION_DEFAULT
2026-03-05T19:17:54.465-06:00 DEBUG 216068 --- [    Test worker] o.s.orm.jpa.JpaTransactionManager        : Opened new EntityManager [SessionImpl(1400085107<open>)] for JPA transaction
2026-03-05T19:17:54.465-06:00 DEBUG 216068 --- [    Test worker] o.s.orm.jpa.JpaTransactionManager        : Exposing JPA transaction as JDBC [org.springframework.orm.jpa.vendor.HibernateJpaDialect$HibernateConnectionHandle@3ddb8be5]
2026-03-05T19:17:54.466-06:00 DEBUG 216068 --- [    Test worker] o.s.orm.jpa.JpaTransactionManager        : Found thread-bound EntityManager [SessionImpl(1400085107<open>)] for JPA transaction
2026-03-05T19:17:54.466-06:00 DEBUG 216068 --- [    Test worker] o.s.orm.jpa.JpaTransactionManager        : Participating in existing transaction
2026-03-05T19:17:54.467-06:00 DEBUG 216068 --- [    Test worker] org.hibernate.SQL                        : 
    select
        e1_0.id,
        e1_0.activo,
        e1_0.apellidos,
        e1_0.fecha_actualizacion,
        e1_0.fecha_contratacion,
        e1_0.fecha_creacion,
        e1_0.nombre,
        e1_0.puesto,
        e1_0.sucursal_id,
        e1_0.usuario_actualizacion,
        e1_0.usuario_creacion 
    from
        empleados e1_0
2026-03-05T19:17:54.467-06:00 DEBUG 216068 --- [    Test worker] o.h.stat.internal.StatisticsImpl         : HHH000117: HQL: [CRITERIA] select e1_0.id,e1_0.activo,e1_0.apellidos,e1_0.fecha_actualizacion,e1_0.fecha_contratacion,e1_0.fecha_creacion,e1_0.nombre,e1_0.puesto,e1_0.sucursal_id,e1_0.usuario_actualizacion,e1_0.usuario_creacion from empleados e1_0, time: 0ms, rows: 0
2026-03-05T19:17:54.467-06:00 DEBUG 216068 --- [    Test worker] o.s.orm.jpa.JpaTransactionManager        : Found thread-bound EntityManager [SessionImpl(1400085107<open>)] for JPA transaction
2026-03-05T19:17:54.467-06:00 DEBUG 216068 --- [    Test worker] o.s.orm.jpa.JpaTransactionManager        : Participating in existing transaction
2026-03-05T19:17:54.468-06:00 DEBUG 216068 --- [    Test worker] org.hibernate.SQL                        : 
    select
        u1_0.id,
        u1_0.empleado_id,
        u1_0.fecha_actualizacion,
        u1_0.fecha_creacion,
        u1_0.password,
        u1_0.role,
        u1_0.username,
        u1_0.usuario_actualizacion,
        u1_0.usuario_creacion 
    from
        usuarios u1_0
2026-03-05T19:17:54.468-06:00 DEBUG 216068 --- [    Test worker] o.h.stat.internal.StatisticsImpl         : HHH000117: HQL: [CRITERIA] select u1_0.id,u1_0.empleado_id,u1_0.fecha_actualizacion,u1_0.fecha_creacion,u1_0.password,u1_0.role,u1_0.username,u1_0.usuario_actualizacion,u1_0.usuario_creacion from usuarios u1_0, time: 0ms, rows: 0
2026-03-05T19:17:54.468-06:00 DEBUG 216068 --- [    Test worker] o.s.orm.jpa.JpaTransactionManager        : Found thread-bound EntityManager [SessionImpl(1400085107<open>)] for JPA transaction
2026-03-05T19:17:54.468-06:00 DEBUG 216068 --- [    Test worker] o.s.orm.jpa.JpaTransactionManager        : Participating in existing transaction
2026-03-05T19:17:54.469-06:00 DEBUG 216068 --- [    Test worker] org.hibernate.SQL                        : 
    insert 
    into
        usuarios
        (empleado_id, fecha_actualizacion, fecha_creacion, password, role, username, usuario_actualizacion, usuario_creacion, id) 
    values
        (?, ?, ?, ?, ?, ?, ?, ?, default)
2026-03-05T19:17:54.473-06:00 DEBUG 216068 --- [    Test worker] org.hibernate.SQL                        : 
    select
        u1_0.id,
        u1_0.empleado_id,
        u1_0.fecha_actualizacion,
        u1_0.fecha_creacion,
        u1_0.password,
        u1_0.role,
        u1_0.username,
        u1_0.usuario_actualizacion,
        u1_0.usuario_creacion 
    from
        usuarios u1_0 
    where
        u1_0.username=?
2026-03-05T19:17:54.473-06:00 DEBUG 216068 --- [    Test worker] o.h.stat.internal.StatisticsImpl         : HHH000117: HQL: [CRITERIA] select u1_0.id,u1_0.empleado_id,u1_0.fecha_actualizacion,u1_0.fecha_creacion,u1_0.password,u1_0.role,u1_0.username,u1_0.usuario_actualizacion,u1_0.usuario_creacion from usuarios u1_0 where u1_0.username=?, time: 0ms, rows: 1
2026-03-05T19:17:54.474-06:00  INFO 216068 --- [    Test worker] c.n.almacen.common.config.LogFilter      : >> Iniciando petición: POST /api/v1/empleados
2026-03-05T19:17:54.480-06:00 DEBUG 216068 --- [    Test worker] o.s.orm.jpa.JpaTransactionManager        : Found thread-bound EntityManager [SessionImpl(1400085107<open>)] for JPA transaction
2026-03-05T19:17:54.480-06:00 DEBUG 216068 --- [    Test worker] o.s.orm.jpa.JpaTransactionManager        : Participating in existing transaction
2026-03-05T19:17:54.481-06:00 DEBUG 216068 --- [    Test worker] org.hibernate.SQL                        : 
    insert 
    into
        empleados
        (activo, apellidos, fecha_actualizacion, fecha_contratacion, fecha_creacion, nombre, puesto, sucursal_id, usuario_actualizacion, usuario_creacion, id) 
    values
        (?, ?, ?, ?, ?, ?, ?, ?, ?, ?, default)
2026-03-05T19:17:54.482-06:00  INFO 216068 --- [    Test worker] c.n.almacen.common.config.LogFilter      : << Petición finalizada en 8 ms
2026-03-05T19:17:54.484-06:00 DEBUG 216068 --- [    Test worker] o.s.orm.jpa.JpaTransactionManager        : Initiating transaction rollback
2026-03-05T19:17:54.484-06:00 DEBUG 216068 --- [    Test worker] o.s.orm.jpa.JpaTransactionManager        : Rolling back JPA transaction on EntityManager [SessionImpl(1400085107<open>)]
2026-03-05T19:17:54.485-06:00 DEBUG 216068 --- [    Test worker] o.s.orm.jpa.JpaTransactionManager        : Closing JPA EntityManager [SessionImpl(1400085107<open>)] after transaction
2026-03-05T19:17:54.486-06:00 DEBUG 216068 --- [    Test worker] o.s.orm.jpa.JpaTransactionManager        : Creating new transaction with name [com.nexoohub.almacen.empleados.controller.EmpleadoControllerIntegrationTest.registrarEmpleado_NombreVacio]: PROPAGATION_REQUIRED,ISOLATION_DEFAULT
2026-03-05T19:17:54.486-06:00 DEBUG 216068 --- [    Test worker] o.s.orm.jpa.JpaTransactionManager        : Opened new EntityManager [SessionImpl(752484454<open>)] for JPA transaction
2026-03-05T19:17:54.486-06:00 DEBUG 216068 --- [    Test worker] o.s.orm.jpa.JpaTransactionManager        : Exposing JPA transaction as JDBC [org.springframework.orm.jpa.vendor.HibernateJpaDialect$HibernateConnectionHandle@250becb7]
2026-03-05T19:17:54.486-06:00 DEBUG 216068 --- [    Test worker] o.s.orm.jpa.JpaTransactionManager        : Found thread-bound EntityManager [SessionImpl(752484454<open>)] for JPA transaction
2026-03-05T19:17:54.486-06:00 DEBUG 216068 --- [    Test worker] o.s.orm.jpa.JpaTransactionManager        : Participating in existing transaction
2026-03-05T19:17:54.487-06:00 DEBUG 216068 --- [    Test worker] org.hibernate.SQL                        : 
    select
        e1_0.id,
        e1_0.activo,
        e1_0.apellidos,
        e1_0.fecha_actualizacion,
        e1_0.fecha_contratacion,
        e1_0.fecha_creacion,
        e1_0.nombre,
        e1_0.puesto,
        e1_0.sucursal_id,
        e1_0.usuario_actualizacion,
        e1_0.usuario_creacion 
    from
        empleados e1_0
2026-03-05T19:17:54.487-06:00 DEBUG 216068 --- [    Test worker] o.h.stat.internal.StatisticsImpl         : HHH000117: HQL: [CRITERIA] select e1_0.id,e1_0.activo,e1_0.apellidos,e1_0.fecha_actualizacion,e1_0.fecha_contratacion,e1_0.fecha_creacion,e1_0.nombre,e1_0.puesto,e1_0.sucursal_id,e1_0.usuario_actualizacion,e1_0.usuario_creacion from empleados e1_0, time: 0ms, rows: 0
2026-03-05T19:17:54.487-06:00 DEBUG 216068 --- [    Test worker] o.s.orm.jpa.JpaTransactionManager        : Found thread-bound EntityManager [SessionImpl(752484454<open>)] for JPA transaction
2026-03-05T19:17:54.487-06:00 DEBUG 216068 --- [    Test worker] o.s.orm.jpa.JpaTransactionManager        : Participating in existing transaction
2026-03-05T19:17:54.488-06:00 DEBUG 216068 --- [    Test worker] org.hibernate.SQL                        : 
    select
        u1_0.id,
        u1_0.empleado_id,
        u1_0.fecha_actualizacion,
        u1_0.fecha_creacion,
        u1_0.password,
        u1_0.role,
        u1_0.username,
        u1_0.usuario_actualizacion,
        u1_0.usuario_creacion 
    from
        usuarios u1_0
2026-03-05T19:17:54.488-06:00 DEBUG 216068 --- [    Test worker] o.h.stat.internal.StatisticsImpl         : HHH000117: HQL: [CRITERIA] select u1_0.id,u1_0.empleado_id,u1_0.fecha_actualizacion,u1_0.fecha_creacion,u1_0.password,u1_0.role,u1_0.username,u1_0.usuario_actualizacion,u1_0.usuario_creacion from usuarios u1_0, time: 0ms, rows: 0
2026-03-05T19:17:54.488-06:00 DEBUG 216068 --- [    Test worker] o.s.orm.jpa.JpaTransactionManager        : Found thread-bound EntityManager [SessionImpl(752484454<open>)] for JPA transaction
2026-03-05T19:17:54.488-06:00 DEBUG 216068 --- [    Test worker] o.s.orm.jpa.JpaTransactionManager        : Participating in existing transaction
2026-03-05T19:17:54.489-06:00 DEBUG 216068 --- [    Test worker] org.hibernate.SQL                        : 
    insert 
    into
        usuarios
        (empleado_id, fecha_actualizacion, fecha_creacion, password, role, username, usuario_actualizacion, usuario_creacion, id) 
    values
        (?, ?, ?, ?, ?, ?, ?, ?, default)
2026-03-05T19:17:54.492-06:00 DEBUG 216068 --- [    Test worker] org.hibernate.SQL                        : 
    select
        u1_0.id,
        u1_0.empleado_id,
        u1_0.fecha_actualizacion,
        u1_0.fecha_creacion,
        u1_0.password,
        u1_0.role,
        u1_0.username,
        u1_0.usuario_actualizacion,
        u1_0.usuario_creacion 
    from
        usuarios u1_0 
    where
        u1_0.username=?
2026-03-05T19:17:54.492-06:00 DEBUG 216068 --- [    Test worker] o.h.stat.internal.StatisticsImpl         : HHH000117: HQL: [CRITERIA] select u1_0.id,u1_0.empleado_id,u1_0.fecha_actualizacion,u1_0.fecha_creacion,u1_0.password,u1_0.role,u1_0.username,u1_0.usuario_actualizacion,u1_0.usuario_creacion from usuarios u1_0 where u1_0.username=?, time: 0ms, rows: 1
2026-03-05T19:17:54.494-06:00  INFO 216068 --- [    Test worker] c.n.almacen.common.config.LogFilter      : >> Iniciando petición: POST /api/v1/empleados
2026-03-05T19:17:54.495-06:00  WARN 216068 --- [    Test worker] c.n.a.c.e.GlobalExceptionHandler         : Fallo en validación de datos: [nombre: El nombre es obligatorio]
2026-03-05T19:17:54.496-06:00  INFO 216068 --- [    Test worker] c.n.almacen.common.config.LogFilter      : << Petición finalizada en 2 ms
2026-03-05T19:17:54.497-06:00 DEBUG 216068 --- [    Test worker] o.s.orm.jpa.JpaTransactionManager        : Initiating transaction rollback
2026-03-05T19:17:54.498-06:00 DEBUG 216068 --- [    Test worker] o.s.orm.jpa.JpaTransactionManager        : Rolling back JPA transaction on EntityManager [SessionImpl(752484454<open>)]
2026-03-05T19:17:54.498-06:00 DEBUG 216068 --- [    Test worker] o.s.orm.jpa.JpaTransactionManager        : Closing JPA EntityManager [SessionImpl(752484454<open>)] after transaction
]]></system-out>
  <system-err><![CDATA[]]></system-err>
</testsuite>
