<?xml version="1.0" encoding="UTF-8"?>
<testsuite name="DetalleCompra - Tests de Entidad" tests="12" skipped="0" failures="0" errors="0" timestamp="2026-03-06T01:17:54" hostname="GS1727958D01LP" time="0.003">
  <properties/>
  <testcase name="Debe manejar costos con decimales" classname="com.nexoohub.almacen.compras.entity.DetalleCompraTest" time="0.0"/>
  <testcase name="Debe calcular costo total correctamente" classname="com.nexoohub.almacen.compras.entity.DetalleCompraTest" time="0.001"/>
  <testcase name="Debe crear detalle compra con ID" classname="com.nexoohub.almacen.compras.entity.DetalleCompraTest" time="0.0"/>
  <testcase name="Debe manejar cantidades grandes de compra" classname="com.nexoohub.almacen.compras.entity.DetalleCompraTest" time="0.0"/>
  <testcase name="Debe establecer y obtener skuInterno" classname="com.nexoohub.almacen.compras.entity.DetalleCompraTest" time="0.0"/>
  <testcase name="Debe permitir valores null" classname="com.nexoohub.almacen.compras.entity.DetalleCompraTest" time="0.001"/>
  <testcase name="Debe manejar diferentes SKUs de compra" classname="com.nexoohub.almacen.compras.entity.DetalleCompraTest" time="0.0"/>
  <testcase name="Debe establecer y obtener compraId" classname="com.nexoohub.almacen.compras.entity.DetalleCompraTest" time="0.0"/>
  <testcase name="Debe establecer y obtener cantidad" classname="com.nexoohub.almacen.compras.entity.DetalleCompraTest" time="0.0"/>
  <testcase name="Debe crear instancia sin valores por defecto" classname="com.nexoohub.almacen.compras.entity.DetalleCompraTest" time="0.0"/>
  <testcase name="Debe crear detalle compra completo" classname="com.nexoohub.almacen.compras.entity.DetalleCompraTest" time="0.0"/>
  <testcase name="Debe establecer y obtener costoUnitarioCompra" classname="com.nexoohub.almacen.compras.entity.DetalleCompraTest" time="0.0"/>
  <system-out><![CDATA[]]></system-out>
  <system-err><![CDATA[]]></system-err>
</testsuite>
