<?xml version="1.0" encoding="UTF-8"?>
<testsuite name="com.nexoohub.almacen.common.controller.UsuarioControllerIntegrationTest" tests="3" skipped="0" failures="0" errors="0" timestamp="2026-03-06T01:17:53" hostname="GS1727958D01LP" time="0.464">
  <properties/>
  <testcase name="crearUsuario_PasswordEncriptada()" classname="com.nexoohub.almacen.common.controller.UsuarioControllerIntegrationTest" time="0.137"/>
  <testcase name="crearUsuario_RoleAdmin()" classname="com.nexoohub.almacen.common.controller.UsuarioControllerIntegrationTest" time="0.131"/>
  <testcase name="crearUsuario_Exitoso()" classname="com.nexoohub.almacen.common.controller.UsuarioControllerIntegrationTest" time="0.194"/>
  <system-out><![CDATA[2026-03-05T19:17:53.568-06:00 DEBUG 216068 --- [    Test worker] o.s.orm.jpa.JpaTransactionManager        : Creating new transaction with name [com.nexoohub.almacen.common.controller.UsuarioControllerIntegrationTest.crearUsuario_PasswordEncriptada]: PROPAGATION_REQUIRED,ISOLATION_DEFAULT
2026-03-05T19:17:53.568-06:00 DEBUG 216068 --- [    Test worker] o.s.orm.jpa.JpaTransactionManager        : Opened new EntityManager [SessionImpl(416928002<open>)] for JPA transaction
2026-03-05T19:17:53.568-06:00 DEBUG 216068 --- [    Test worker] o.s.orm.jpa.JpaTransactionManager        : Exposing JPA transaction as JDBC [org.springframework.orm.jpa.vendor.HibernateJpaDialect$HibernateConnectionHandle@6867940f]
2026-03-05T19:17:53.569-06:00 DEBUG 216068 --- [    Test worker] o.s.orm.jpa.JpaTransactionManager        : Found thread-bound EntityManager [SessionImpl(416928002<open>)] for JPA transaction
2026-03-05T19:17:53.569-06:00 DEBUG 216068 --- [    Test worker] o.s.orm.jpa.JpaTransactionManager        : Participating in existing transaction
2026-03-05T19:17:53.570-06:00 DEBUG 216068 --- [    Test worker] org.hibernate.SQL                        : 
    select
        u1_0.id,
        u1_0.empleado_id,
        u1_0.fecha_actualizacion,
        u1_0.fecha_creacion,
        u1_0.password,
        u1_0.role,
        u1_0.username,
        u1_0.usuario_actualizacion,
        u1_0.usuario_creacion 
    from
        usuarios u1_0
2026-03-05T19:17:53.570-06:00 DEBUG 216068 --- [    Test worker] o.h.stat.internal.StatisticsImpl         : HHH000117: HQL: [CRITERIA] select u1_0.id,u1_0.empleado_id,u1_0.fecha_actualizacion,u1_0.fecha_creacion,u1_0.password,u1_0.role,u1_0.username,u1_0.usuario_actualizacion,u1_0.usuario_creacion from usuarios u1_0, time: 0ms, rows: 0
2026-03-05T19:17:53.628-06:00 DEBUG 216068 --- [    Test worker] o.s.orm.jpa.JpaTransactionManager        : Found thread-bound EntityManager [SessionImpl(416928002<open>)] for JPA transaction
2026-03-05T19:17:53.628-06:00 DEBUG 216068 --- [    Test worker] o.s.orm.jpa.JpaTransactionManager        : Participating in existing transaction
2026-03-05T19:17:53.629-06:00 DEBUG 216068 --- [    Test worker] org.hibernate.SQL                        : 
    insert 
    into
        usuarios
        (empleado_id, fecha_actualizacion, fecha_creacion, password, role, username, usuario_actualizacion, usuario_creacion, id) 
    values
        (?, ?, ?, ?, ?, ?, ?, ?, default)
2026-03-05T19:17:53.633-06:00 DEBUG 216068 --- [    Test worker] org.hibernate.SQL                        : 
    select
        u1_0.id,
        u1_0.empleado_id,
        u1_0.fecha_actualizacion,
        u1_0.fecha_creacion,
        u1_0.password,
        u1_0.role,
        u1_0.username,
        u1_0.usuario_actualizacion,
        u1_0.usuario_creacion 
    from
        usuarios u1_0 
    where
        u1_0.username=?
2026-03-05T19:17:53.634-06:00 DEBUG 216068 --- [    Test worker] o.h.stat.internal.StatisticsImpl         : HHH000117: HQL: [CRITERIA] select u1_0.id,u1_0.empleado_id,u1_0.fecha_actualizacion,u1_0.fecha_creacion,u1_0.password,u1_0.role,u1_0.username,u1_0.usuario_actualizacion,u1_0.usuario_creacion from usuarios u1_0 where u1_0.username=?, time: 0ms, rows: 1
2026-03-05T19:17:53.635-06:00  INFO 216068 --- [    Test worker] c.n.almacen.common.config.LogFilter      : >> Iniciando petición: POST /api/v1/usuarios
2026-03-05T19:17:53.639-06:00 DEBUG 216068 --- [    Test worker] org.hibernate.SQL                        : 
    select
        u1_0.id,
        u1_0.empleado_id,
        u1_0.fecha_actualizacion,
        u1_0.fecha_creacion,
        u1_0.password,
        u1_0.role,
        u1_0.username,
        u1_0.usuario_actualizacion,
        u1_0.usuario_creacion 
    from
        usuarios u1_0 
    where
        u1_0.username=?
2026-03-05T19:17:53.640-06:00 DEBUG 216068 --- [    Test worker] o.h.stat.internal.StatisticsImpl         : HHH000117: HQL: [CRITERIA] select u1_0.id,u1_0.empleado_id,u1_0.fecha_actualizacion,u1_0.fecha_creacion,u1_0.password,u1_0.role,u1_0.username,u1_0.usuario_actualizacion,u1_0.usuario_creacion from usuarios u1_0 where u1_0.username=?, time: 0ms, rows: 0
2026-03-05T19:17:53.699-06:00 DEBUG 216068 --- [    Test worker] o.s.orm.jpa.JpaTransactionManager        : Found thread-bound EntityManager [SessionImpl(416928002<open>)] for JPA transaction
2026-03-05T19:17:53.699-06:00 DEBUG 216068 --- [    Test worker] o.s.orm.jpa.JpaTransactionManager        : Participating in existing transaction
2026-03-05T19:17:53.699-06:00 DEBUG 216068 --- [    Test worker] org.hibernate.SQL                        : 
    insert 
    into
        usuarios
        (empleado_id, fecha_actualizacion, fecha_creacion, password, role, username, usuario_actualizacion, usuario_creacion, id) 
    values
        (?, ?, ?, ?, ?, ?, ?, ?, default)
2026-03-05T19:17:53.701-06:00  INFO 216068 --- [    Test worker] c.n.almacen.common.config.LogFilter      : << Petición finalizada en 66 ms
2026-03-05T19:17:53.703-06:00 DEBUG 216068 --- [    Test worker] org.hibernate.SQL                        : 
    select
        u1_0.id,
        u1_0.empleado_id,
        u1_0.fecha_actualizacion,
        u1_0.fecha_creacion,
        u1_0.password,
        u1_0.role,
        u1_0.username,
        u1_0.usuario_actualizacion,
        u1_0.usuario_creacion 
    from
        usuarios u1_0 
    where
        u1_0.username=?
2026-03-05T19:17:53.703-06:00 DEBUG 216068 --- [    Test worker] o.h.stat.internal.StatisticsImpl         : HHH000117: HQL: [CRITERIA] select u1_0.id,u1_0.empleado_id,u1_0.fecha_actualizacion,u1_0.fecha_creacion,u1_0.password,u1_0.role,u1_0.username,u1_0.usuario_actualizacion,u1_0.usuario_creacion from usuarios u1_0 where u1_0.username=?, time: 0ms, rows: 1
2026-03-05T19:17:53.704-06:00 DEBUG 216068 --- [    Test worker] o.s.orm.jpa.JpaTransactionManager        : Initiating transaction rollback
2026-03-05T19:17:53.705-06:00 DEBUG 216068 --- [    Test worker] o.s.orm.jpa.JpaTransactionManager        : Rolling back JPA transaction on EntityManager [SessionImpl(416928002<open>)]
2026-03-05T19:17:53.705-06:00 DEBUG 216068 --- [    Test worker] o.s.orm.jpa.JpaTransactionManager        : Closing JPA EntityManager [SessionImpl(416928002<open>)] after transaction
2026-03-05T19:17:53.706-06:00 DEBUG 216068 --- [    Test worker] o.s.orm.jpa.JpaTransactionManager        : Creating new transaction with name [com.nexoohub.almacen.common.controller.UsuarioControllerIntegrationTest.crearUsuario_RoleAdmin]: PROPAGATION_REQUIRED,ISOLATION_DEFAULT
2026-03-05T19:17:53.706-06:00 DEBUG 216068 --- [    Test worker] o.s.orm.jpa.JpaTransactionManager        : Opened new EntityManager [SessionImpl(1379727491<open>)] for JPA transaction
2026-03-05T19:17:53.706-06:00 DEBUG 216068 --- [    Test worker] o.s.orm.jpa.JpaTransactionManager        : Exposing JPA transaction as JDBC [org.springframework.orm.jpa.vendor.HibernateJpaDialect$HibernateConnectionHandle@33e54533]
2026-03-05T19:17:53.707-06:00 DEBUG 216068 --- [    Test worker] o.s.orm.jpa.JpaTransactionManager        : Found thread-bound EntityManager [SessionImpl(1379727491<open>)] for JPA transaction
2026-03-05T19:17:53.707-06:00 DEBUG 216068 --- [    Test worker] o.s.orm.jpa.JpaTransactionManager        : Participating in existing transaction
2026-03-05T19:17:53.708-06:00 DEBUG 216068 --- [    Test worker] org.hibernate.SQL                        : 
    select
        u1_0.id,
        u1_0.empleado_id,
        u1_0.fecha_actualizacion,
        u1_0.fecha_creacion,
        u1_0.password,
        u1_0.role,
        u1_0.username,
        u1_0.usuario_actualizacion,
        u1_0.usuario_creacion 
    from
        usuarios u1_0
2026-03-05T19:17:53.708-06:00 DEBUG 216068 --- [    Test worker] o.h.stat.internal.StatisticsImpl         : HHH000117: HQL: [CRITERIA] select u1_0.id,u1_0.empleado_id,u1_0.fecha_actualizacion,u1_0.fecha_creacion,u1_0.password,u1_0.role,u1_0.username,u1_0.usuario_actualizacion,u1_0.usuario_creacion from usuarios u1_0, time: 0ms, rows: 0
2026-03-05T19:17:53.768-06:00 DEBUG 216068 --- [    Test worker] o.s.orm.jpa.JpaTransactionManager        : Found thread-bound EntityManager [SessionImpl(1379727491<open>)] for JPA transaction
2026-03-05T19:17:53.768-06:00 DEBUG 216068 --- [    Test worker] o.s.orm.jpa.JpaTransactionManager        : Participating in existing transaction
2026-03-05T19:17:53.769-06:00 DEBUG 216068 --- [    Test worker] org.hibernate.SQL                        : 
    insert 
    into
        usuarios
        (empleado_id, fecha_actualizacion, fecha_creacion, password, role, username, usuario_actualizacion, usuario_creacion, id) 
    values
        (?, ?, ?, ?, ?, ?, ?, ?, default)
2026-03-05T19:17:53.772-06:00 DEBUG 216068 --- [    Test worker] org.hibernate.SQL                        : 
    select
        u1_0.id,
        u1_0.empleado_id,
        u1_0.fecha_actualizacion,
        u1_0.fecha_creacion,
        u1_0.password,
        u1_0.role,
        u1_0.username,
        u1_0.usuario_actualizacion,
        u1_0.usuario_creacion 
    from
        usuarios u1_0 
    where
        u1_0.username=?
2026-03-05T19:17:53.772-06:00 DEBUG 216068 --- [    Test worker] o.h.stat.internal.StatisticsImpl         : HHH000117: HQL: [CRITERIA] select u1_0.id,u1_0.empleado_id,u1_0.fecha_actualizacion,u1_0.fecha_creacion,u1_0.password,u1_0.role,u1_0.username,u1_0.usuario_actualizacion,u1_0.usuario_creacion from usuarios u1_0 where u1_0.username=?, time: 0ms, rows: 1
2026-03-05T19:17:53.773-06:00  INFO 216068 --- [    Test worker] c.n.almacen.common.config.LogFilter      : >> Iniciando petición: POST /api/v1/usuarios
2026-03-05T19:17:53.775-06:00 DEBUG 216068 --- [    Test worker] org.hibernate.SQL                        : 
    select
        u1_0.id,
        u1_0.empleado_id,
        u1_0.fecha_actualizacion,
        u1_0.fecha_creacion,
        u1_0.password,
        u1_0.role,
        u1_0.username,
        u1_0.usuario_actualizacion,
        u1_0.usuario_creacion 
    from
        usuarios u1_0 
    where
        u1_0.username=?
2026-03-05T19:17:53.775-06:00 DEBUG 216068 --- [    Test worker] o.h.stat.internal.StatisticsImpl         : HHH000117: HQL: [CRITERIA] select u1_0.id,u1_0.empleado_id,u1_0.fecha_actualizacion,u1_0.fecha_creacion,u1_0.password,u1_0.role,u1_0.username,u1_0.usuario_actualizacion,u1_0.usuario_creacion from usuarios u1_0 where u1_0.username=?, time: 0ms, rows: 0
2026-03-05T19:17:53.834-06:00 DEBUG 216068 --- [    Test worker] o.s.orm.jpa.JpaTransactionManager        : Found thread-bound EntityManager [SessionImpl(1379727491<open>)] for JPA transaction
2026-03-05T19:17:53.834-06:00 DEBUG 216068 --- [    Test worker] o.s.orm.jpa.JpaTransactionManager        : Participating in existing transaction
2026-03-05T19:17:53.834-06:00 DEBUG 216068 --- [    Test worker] org.hibernate.SQL                        : 
    insert 
    into
        usuarios
        (empleado_id, fecha_actualizacion, fecha_creacion, password, role, username, usuario_actualizacion, usuario_creacion, id) 
    values
        (?, ?, ?, ?, ?, ?, ?, ?, default)
2026-03-05T19:17:53.835-06:00  INFO 216068 --- [    Test worker] c.n.almacen.common.config.LogFilter      : << Petición finalizada en 62 ms
2026-03-05T19:17:53.837-06:00 DEBUG 216068 --- [    Test worker] o.s.orm.jpa.JpaTransactionManager        : Initiating transaction rollback
2026-03-05T19:17:53.837-06:00 DEBUG 216068 --- [    Test worker] o.s.orm.jpa.JpaTransactionManager        : Rolling back JPA transaction on EntityManager [SessionImpl(1379727491<open>)]
2026-03-05T19:17:53.837-06:00 DEBUG 216068 --- [    Test worker] o.s.orm.jpa.JpaTransactionManager        : Closing JPA EntityManager [SessionImpl(1379727491<open>)] after transaction
2026-03-05T19:17:53.838-06:00 DEBUG 216068 --- [    Test worker] o.s.orm.jpa.JpaTransactionManager        : Creating new transaction with name [com.nexoohub.almacen.common.controller.UsuarioControllerIntegrationTest.crearUsuario_Exitoso]: PROPAGATION_REQUIRED,ISOLATION_DEFAULT
2026-03-05T19:17:53.838-06:00 DEBUG 216068 --- [    Test worker] o.s.orm.jpa.JpaTransactionManager        : Opened new EntityManager [SessionImpl(2036718131<open>)] for JPA transaction
2026-03-05T19:17:53.838-06:00 DEBUG 216068 --- [    Test worker] o.s.orm.jpa.JpaTransactionManager        : Exposing JPA transaction as JDBC [org.springframework.orm.jpa.vendor.HibernateJpaDialect$HibernateConnectionHandle@28a011c6]
2026-03-05T19:17:53.839-06:00 DEBUG 216068 --- [    Test worker] o.s.orm.jpa.JpaTransactionManager        : Found thread-bound EntityManager [SessionImpl(2036718131<open>)] for JPA transaction
2026-03-05T19:17:53.839-06:00 DEBUG 216068 --- [    Test worker] o.s.orm.jpa.JpaTransactionManager        : Participating in existing transaction
2026-03-05T19:17:53.840-06:00 DEBUG 216068 --- [    Test worker] org.hibernate.SQL                        : 
    select
        u1_0.id,
        u1_0.empleado_id,
        u1_0.fecha_actualizacion,
        u1_0.fecha_creacion,
        u1_0.password,
        u1_0.role,
        u1_0.username,
        u1_0.usuario_actualizacion,
        u1_0.usuario_creacion 
    from
        usuarios u1_0
2026-03-05T19:17:53.840-06:00 DEBUG 216068 --- [    Test worker] o.h.stat.internal.StatisticsImpl         : HHH000117: HQL: [CRITERIA] select u1_0.id,u1_0.empleado_id,u1_0.fecha_actualizacion,u1_0.fecha_creacion,u1_0.password,u1_0.role,u1_0.username,u1_0.usuario_actualizacion,u1_0.usuario_creacion from usuarios u1_0, time: 0ms, rows: 0
2026-03-05T19:17:53.899-06:00 DEBUG 216068 --- [    Test worker] o.s.orm.jpa.JpaTransactionManager        : Found thread-bound EntityManager [SessionImpl(2036718131<open>)] for JPA transaction
2026-03-05T19:17:53.899-06:00 DEBUG 216068 --- [    Test worker] o.s.orm.jpa.JpaTransactionManager        : Participating in existing transaction
2026-03-05T19:17:53.900-06:00 DEBUG 216068 --- [    Test worker] org.hibernate.SQL                        : 
    insert 
    into
        usuarios
        (empleado_id, fecha_actualizacion, fecha_creacion, password, role, username, usuario_actualizacion, usuario_creacion, id) 
    values
        (?, ?, ?, ?, ?, ?, ?, ?, default)
2026-03-05T19:17:53.903-06:00 DEBUG 216068 --- [    Test worker] org.hibernate.SQL                        : 
    select
        u1_0.id,
        u1_0.empleado_id,
        u1_0.fecha_actualizacion,
        u1_0.fecha_creacion,
        u1_0.password,
        u1_0.role,
        u1_0.username,
        u1_0.usuario_actualizacion,
        u1_0.usuario_creacion 
    from
        usuarios u1_0 
    where
        u1_0.username=?
2026-03-05T19:17:53.903-06:00 DEBUG 216068 --- [    Test worker] o.h.stat.internal.StatisticsImpl         : HHH000117: HQL: [CRITERIA] select u1_0.id,u1_0.empleado_id,u1_0.fecha_actualizacion,u1_0.fecha_creacion,u1_0.password,u1_0.role,u1_0.username,u1_0.usuario_actualizacion,u1_0.usuario_creacion from usuarios u1_0 where u1_0.username=?, time: 0ms, rows: 1
2026-03-05T19:17:53.905-06:00  INFO 216068 --- [    Test worker] c.n.almacen.common.config.LogFilter      : >> Iniciando petición: POST /api/v1/usuarios
2026-03-05T19:17:53.906-06:00 DEBUG 216068 --- [    Test worker] org.hibernate.SQL                        : 
    select
        u1_0.id,
        u1_0.empleado_id,
        u1_0.fecha_actualizacion,
        u1_0.fecha_creacion,
        u1_0.password,
        u1_0.role,
        u1_0.username,
        u1_0.usuario_actualizacion,
        u1_0.usuario_creacion 
    from
        usuarios u1_0 
    where
        u1_0.username=?
2026-03-05T19:17:53.907-06:00 DEBUG 216068 --- [    Test worker] o.h.stat.internal.StatisticsImpl         : HHH000117: HQL: [CRITERIA] select u1_0.id,u1_0.empleado_id,u1_0.fecha_actualizacion,u1_0.fecha_creacion,u1_0.password,u1_0.role,u1_0.username,u1_0.usuario_actualizacion,u1_0.usuario_creacion from usuarios u1_0 where u1_0.username=?, time: 0ms, rows: 0
2026-03-05T19:17:53.965-06:00 DEBUG 216068 --- [    Test worker] o.s.orm.jpa.JpaTransactionManager        : Found thread-bound EntityManager [SessionImpl(2036718131<open>)] for JPA transaction
2026-03-05T19:17:53.965-06:00 DEBUG 216068 --- [    Test worker] o.s.orm.jpa.JpaTransactionManager        : Participating in existing transaction
2026-03-05T19:17:53.966-06:00 DEBUG 216068 --- [    Test worker] org.hibernate.SQL                        : 
    insert 
    into
        usuarios
        (empleado_id, fecha_actualizacion, fecha_creacion, password, role, username, usuario_actualizacion, usuario_creacion, id) 
    values
        (?, ?, ?, ?, ?, ?, ?, ?, default)
2026-03-05T19:17:53.967-06:00  INFO 216068 --- [    Test worker] c.n.almacen.common.config.LogFilter      : << Petición finalizada en 62 ms
2026-03-05T19:17:53.969-06:00 DEBUG 216068 --- [    Test worker] org.hibernate.SQL                        : 
    select
        u1_0.id,
        u1_0.empleado_id,
        u1_0.fecha_actualizacion,
        u1_0.fecha_creacion,
        u1_0.password,
        u1_0.role,
        u1_0.username,
        u1_0.usuario_actualizacion,
        u1_0.usuario_creacion 
    from
        usuarios u1_0 
    where
        u1_0.username=?
2026-03-05T19:17:53.969-06:00 DEBUG 216068 --- [    Test worker] o.h.stat.internal.StatisticsImpl         : HHH000117: HQL: [CRITERIA] select u1_0.id,u1_0.empleado_id,u1_0.fecha_actualizacion,u1_0.fecha_creacion,u1_0.password,u1_0.role,u1_0.username,u1_0.usuario_actualizacion,u1_0.usuario_creacion from usuarios u1_0 where u1_0.username=?, time: 0ms, rows: 1
2026-03-05T19:17:54.031-06:00 DEBUG 216068 --- [    Test worker] o.s.orm.jpa.JpaTransactionManager        : Initiating transaction rollback
2026-03-05T19:17:54.031-06:00 DEBUG 216068 --- [    Test worker] o.s.orm.jpa.JpaTransactionManager        : Rolling back JPA transaction on EntityManager [SessionImpl(2036718131<open>)]
2026-03-05T19:17:54.032-06:00 DEBUG 216068 --- [    Test worker] o.s.orm.jpa.JpaTransactionManager        : Closing JPA EntityManager [SessionImpl(2036718131<open>)] after transaction
]]></system-out>
  <system-err><![CDATA[]]></system-err>
</testsuite>
