<?xml version="1.0" encoding="UTF-8"?>
<testsuite name="com.nexoohub.almacen.ventas.controller.VentaControllerIntegrationTest" tests="3" skipped="0" failures="0" errors="0" timestamp="2026-03-06T01:17:55" hostname="GS1727958D01LP" time="0.083">
  <properties/>
  <testcase name="sinAutenticacion_RetornaForbidden()" classname="com.nexoohub.almacen.ventas.controller.VentaControllerIntegrationTest" time="0.023"/>
  <testcase name="realizarVenta_ClienteNulo()" classname="com.nexoohub.almacen.ventas.controller.VentaControllerIntegrationTest" time="0.03"/>
  <testcase name="realizarVenta_ItemsVacio()" classname="com.nexoohub.almacen.ventas.controller.VentaControllerIntegrationTest" time="0.028"/>
  <system-out><![CDATA[2026-03-05T19:17:55.635-06:00 DEBUG 216068 --- [    Test worker] o.s.orm.jpa.JpaTransactionManager        : Creating new transaction with name [com.nexoohub.almacen.ventas.controller.VentaControllerIntegrationTest.sinAutenticacion_RetornaForbidden]: PROPAGATION_REQUIRED,ISOLATION_DEFAULT
2026-03-05T19:17:55.635-06:00 DEBUG 216068 --- [    Test worker] o.s.orm.jpa.JpaTransactionManager        : Opened new EntityManager [SessionImpl(738085243<open>)] for JPA transaction
2026-03-05T19:17:55.635-06:00 DEBUG 216068 --- [    Test worker] o.s.orm.jpa.JpaTransactionManager        : Exposing JPA transaction as JDBC [org.springframework.orm.jpa.vendor.HibernateJpaDialect$HibernateConnectionHandle@5ed1eb42]
2026-03-05T19:17:55.636-06:00 DEBUG 216068 --- [    Test worker] o.s.orm.jpa.JpaTransactionManager        : Found thread-bound EntityManager [SessionImpl(738085243<open>)] for JPA transaction
2026-03-05T19:17:55.636-06:00 DEBUG 216068 --- [    Test worker] o.s.orm.jpa.JpaTransactionManager        : Participating in existing transaction
2026-03-05T19:17:55.637-06:00 DEBUG 216068 --- [    Test worker] org.hibernate.SQL                        : 
    select
        v1_0.id,
        v1_0.cliente_id,
        v1_0.fecha_venta,
        v1_0.metodo_pago,
        v1_0.sucursal_id,
        v1_0.total,
        v1_0.vendedor_id 
    from
        venta v1_0
2026-03-05T19:17:55.637-06:00 DEBUG 216068 --- [    Test worker] o.h.stat.internal.StatisticsImpl         : HHH000117: HQL: [CRITERIA] select v1_0.id,v1_0.cliente_id,v1_0.fecha_venta,v1_0.metodo_pago,v1_0.sucursal_id,v1_0.total,v1_0.vendedor_id from venta v1_0, time: 0ms, rows: 0
2026-03-05T19:17:55.637-06:00 DEBUG 216068 --- [    Test worker] o.s.orm.jpa.JpaTransactionManager        : Found thread-bound EntityManager [SessionImpl(738085243<open>)] for JPA transaction
2026-03-05T19:17:55.637-06:00 DEBUG 216068 --- [    Test worker] o.s.orm.jpa.JpaTransactionManager        : Participating in existing transaction
2026-03-05T19:17:55.637-06:00 DEBUG 216068 --- [    Test worker] org.hibernate.SQL                        : 
    select
        is1_0.sku_interno,
        is1_0.sucursal_id,
        is1_0.costo_promedio_ponderado,
        is1_0.fecha_actualizacion,
        is1_0.fecha_creacion,
        is1_0.stock_actual,
        is1_0.stock_minimo_sucursal,
        is1_0.ubicacion_pasillo,
        is1_0.usuario_actualizacion,
        is1_0.usuario_creacion 
    from
        inventario_sucursal is1_0
2026-03-05T19:17:55.637-06:00 DEBUG 216068 --- [    Test worker] o.h.stat.internal.StatisticsImpl         : HHH000117: HQL: [CRITERIA] select is1_0.sku_interno,is1_0.sucursal_id,is1_0.costo_promedio_ponderado,is1_0.fecha_actualizacion,is1_0.fecha_creacion,is1_0.stock_actual,is1_0.stock_minimo_sucursal,is1_0.ubicacion_pasillo,is1_0.usuario_actualizacion,is1_0.usuario_creacion from inventario_sucursal is1_0, time: 0ms, rows: 0
2026-03-05T19:17:55.637-06:00 DEBUG 216068 --- [    Test worker] o.s.orm.jpa.JpaTransactionManager        : Found thread-bound EntityManager [SessionImpl(738085243<open>)] for JPA transaction
2026-03-05T19:17:55.637-06:00 DEBUG 216068 --- [    Test worker] o.s.orm.jpa.JpaTransactionManager        : Participating in existing transaction
2026-03-05T19:17:55.638-06:00 DEBUG 216068 --- [    Test worker] org.hibernate.SQL                        : 
    select
        pm1_0.sku_interno,
        pm1_0.activo,
        pm1_0.categoria_id,
        pm1_0.clave_sat,
        pm1_0.descripcion,
        pm1_0.fecha_actualizacion,
        pm1_0.fecha_creacion,
        pm1_0.nombre_comercial,
        pm1_0.proveedor_id,
        pm1_0.sensibilidad_precio,
        pm1_0.sku_proveedor,
        pm1_0.stock_minimo_global,
        pm1_0.usuario_actualizacion,
        pm1_0.usuario_creacion 
    from
        producto_maestro pm1_0
2026-03-05T19:17:55.638-06:00 DEBUG 216068 --- [    Test worker] o.h.stat.internal.StatisticsImpl         : HHH000117: HQL: [CRITERIA] select pm1_0.sku_interno,pm1_0.activo,pm1_0.categoria_id,pm1_0.clave_sat,pm1_0.descripcion,pm1_0.fecha_actualizacion,pm1_0.fecha_creacion,pm1_0.nombre_comercial,pm1_0.proveedor_id,pm1_0.sensibilidad_precio,pm1_0.sku_proveedor,pm1_0.stock_minimo_global,pm1_0.usuario_actualizacion,pm1_0.usuario_creacion from producto_maestro pm1_0, time: 0ms, rows: 0
2026-03-05T19:17:55.638-06:00 DEBUG 216068 --- [    Test worker] o.s.orm.jpa.JpaTransactionManager        : Found thread-bound EntityManager [SessionImpl(738085243<open>)] for JPA transaction
2026-03-05T19:17:55.638-06:00 DEBUG 216068 --- [    Test worker] o.s.orm.jpa.JpaTransactionManager        : Participating in existing transaction
2026-03-05T19:17:55.638-06:00 DEBUG 216068 --- [    Test worker] org.hibernate.SQL                        : 
    select
        c1_0.id,
        c1_0.direccion_fiscal,
        c1_0.email,
        c1_0.fecha_actualizacion,
        c1_0.fecha_creacion,
        c1_0.nombre,
        c1_0.rfc,
        c1_0.telefono,
        c1_0.tipo_cliente_id,
        c1_0.usuario_actualizacion,
        c1_0.usuario_creacion 
    from
        cliente c1_0
2026-03-05T19:17:55.638-06:00 DEBUG 216068 --- [    Test worker] o.h.stat.internal.StatisticsImpl         : HHH000117: HQL: [CRITERIA] select c1_0.id,c1_0.direccion_fiscal,c1_0.email,c1_0.fecha_actualizacion,c1_0.fecha_creacion,c1_0.nombre,c1_0.rfc,c1_0.telefono,c1_0.tipo_cliente_id,c1_0.usuario_actualizacion,c1_0.usuario_creacion from cliente c1_0, time: 0ms, rows: 0
2026-03-05T19:17:55.638-06:00 DEBUG 216068 --- [    Test worker] o.s.orm.jpa.JpaTransactionManager        : Found thread-bound EntityManager [SessionImpl(738085243<open>)] for JPA transaction
2026-03-05T19:17:55.638-06:00 DEBUG 216068 --- [    Test worker] o.s.orm.jpa.JpaTransactionManager        : Participating in existing transaction
2026-03-05T19:17:55.639-06:00 DEBUG 216068 --- [    Test worker] org.hibernate.SQL                        : 
    select
        tc1_0.id,
        tc1_0.descripcion,
        tc1_0.fecha_actualizacion,
        tc1_0.fecha_creacion,
        tc1_0.nombre,
        tc1_0.usuario_actualizacion,
        tc1_0.usuario_creacion 
    from
        tipo_cliente tc1_0
2026-03-05T19:17:55.639-06:00 DEBUG 216068 --- [    Test worker] o.h.stat.internal.StatisticsImpl         : HHH000117: HQL: [CRITERIA] select tc1_0.id,tc1_0.descripcion,tc1_0.fecha_actualizacion,tc1_0.fecha_creacion,tc1_0.nombre,tc1_0.usuario_actualizacion,tc1_0.usuario_creacion from tipo_cliente tc1_0, time: 0ms, rows: 0
2026-03-05T19:17:55.639-06:00 DEBUG 216068 --- [    Test worker] o.s.orm.jpa.JpaTransactionManager        : Found thread-bound EntityManager [SessionImpl(738085243<open>)] for JPA transaction
2026-03-05T19:17:55.639-06:00 DEBUG 216068 --- [    Test worker] o.s.orm.jpa.JpaTransactionManager        : Participating in existing transaction
2026-03-05T19:17:55.639-06:00 DEBUG 216068 --- [    Test worker] org.hibernate.SQL                        : 
    select
        s1_0.id,
        s1_0.activo,
        s1_0.direccion,
        s1_0.fecha_actualizacion,
        s1_0.fecha_creacion,
        s1_0.nombre,
        s1_0.usuario_actualizacion,
        s1_0.usuario_creacion 
    from
        sucursal s1_0
2026-03-05T19:17:55.640-06:00 DEBUG 216068 --- [    Test worker] o.h.stat.internal.StatisticsImpl         : HHH000117: HQL: [CRITERIA] select s1_0.id,s1_0.activo,s1_0.direccion,s1_0.fecha_actualizacion,s1_0.fecha_creacion,s1_0.nombre,s1_0.usuario_actualizacion,s1_0.usuario_creacion from sucursal s1_0, time: 0ms, rows: 0
2026-03-05T19:17:55.640-06:00 DEBUG 216068 --- [    Test worker] o.s.orm.jpa.JpaTransactionManager        : Found thread-bound EntityManager [SessionImpl(738085243<open>)] for JPA transaction
2026-03-05T19:17:55.640-06:00 DEBUG 216068 --- [    Test worker] o.s.orm.jpa.JpaTransactionManager        : Participating in existing transaction
2026-03-05T19:17:55.640-06:00 DEBUG 216068 --- [    Test worker] org.hibernate.SQL                        : 
    select
        cf1_0.id,
        cf1_0.comision_tarjeta,
        cf1_0.fecha_actualizacion,
        cf1_0.fecha_creacion,
        cf1_0.gastos_fijos_mensuales,
        cf1_0.iva,
        cf1_0.margen_ganancia_base,
        cf1_0.meta_ventas_mensual,
        cf1_0.usuario_actualizacion,
        cf1_0.usuario_creacion 
    from
        configuracion_financiera cf1_0
2026-03-05T19:17:55.640-06:00 DEBUG 216068 --- [    Test worker] o.h.stat.internal.StatisticsImpl         : HHH000117: HQL: [CRITERIA] select cf1_0.id,cf1_0.comision_tarjeta,cf1_0.fecha_actualizacion,cf1_0.fecha_creacion,cf1_0.gastos_fijos_mensuales,cf1_0.iva,cf1_0.margen_ganancia_base,cf1_0.meta_ventas_mensual,cf1_0.usuario_actualizacion,cf1_0.usuario_creacion from configuracion_financiera cf1_0, time: 0ms, rows: 0
2026-03-05T19:17:55.640-06:00 DEBUG 216068 --- [    Test worker] o.s.orm.jpa.JpaTransactionManager        : Found thread-bound EntityManager [SessionImpl(738085243<open>)] for JPA transaction
2026-03-05T19:17:55.640-06:00 DEBUG 216068 --- [    Test worker] o.s.orm.jpa.JpaTransactionManager        : Participating in existing transaction
2026-03-05T19:17:55.641-06:00 DEBUG 216068 --- [    Test worker] org.hibernate.SQL                        : 
    select
        u1_0.id,
        u1_0.empleado_id,
        u1_0.fecha_actualizacion,
        u1_0.fecha_creacion,
        u1_0.password,
        u1_0.role,
        u1_0.username,
        u1_0.usuario_actualizacion,
        u1_0.usuario_creacion 
    from
        usuarios u1_0
2026-03-05T19:17:55.642-06:00 DEBUG 216068 --- [    Test worker] o.h.stat.internal.StatisticsImpl         : HHH000117: HQL: [CRITERIA] select u1_0.id,u1_0.empleado_id,u1_0.fecha_actualizacion,u1_0.fecha_creacion,u1_0.password,u1_0.role,u1_0.username,u1_0.usuario_actualizacion,u1_0.usuario_creacion from usuarios u1_0, time: 1ms, rows: 0
2026-03-05T19:17:55.642-06:00 DEBUG 216068 --- [    Test worker] o.s.orm.jpa.JpaTransactionManager        : Found thread-bound EntityManager [SessionImpl(738085243<open>)] for JPA transaction
2026-03-05T19:17:55.642-06:00 DEBUG 216068 --- [    Test worker] o.s.orm.jpa.JpaTransactionManager        : Participating in existing transaction
2026-03-05T19:17:55.642-06:00 DEBUG 216068 --- [    Test worker] org.hibernate.SQL                        : 
    insert 
    into
        usuarios
        (empleado_id, fecha_actualizacion, fecha_creacion, password, role, username, usuario_actualizacion, usuario_creacion, id) 
    values
        (?, ?, ?, ?, ?, ?, ?, ?, default)
2026-03-05T19:17:55.643-06:00 DEBUG 216068 --- [    Test worker] o.s.orm.jpa.JpaTransactionManager        : Found thread-bound EntityManager [SessionImpl(738085243<open>)] for JPA transaction
2026-03-05T19:17:55.643-06:00 DEBUG 216068 --- [    Test worker] o.s.orm.jpa.JpaTransactionManager        : Participating in existing transaction
2026-03-05T19:17:55.643-06:00 DEBUG 216068 --- [    Test worker] org.hibernate.SQL                        : 
    select
        cf1_0.id,
        cf1_0.comision_tarjeta,
        cf1_0.fecha_actualizacion,
        cf1_0.fecha_creacion,
        cf1_0.gastos_fijos_mensuales,
        cf1_0.iva,
        cf1_0.margen_ganancia_base,
        cf1_0.meta_ventas_mensual,
        cf1_0.usuario_actualizacion,
        cf1_0.usuario_creacion 
    from
        configuracion_financiera cf1_0 
    where
        cf1_0.id=?
2026-03-05T19:17:55.644-06:00 DEBUG 216068 --- [    Test worker] org.hibernate.SQL                        : 
    insert 
    into
        configuracion_financiera
        (comision_tarjeta, fecha_actualizacion, fecha_creacion, gastos_fijos_mensuales, iva, margen_ganancia_base, meta_ventas_mensual, usuario_actualizacion, usuario_creacion, id) 
    values
        (?, ?, ?, ?, ?, ?, ?, ?, ?, default)
2026-03-05T19:17:55.644-06:00 DEBUG 216068 --- [    Test worker] o.s.orm.jpa.JpaTransactionManager        : Found thread-bound EntityManager [SessionImpl(738085243<open>)] for JPA transaction
2026-03-05T19:17:55.644-06:00 DEBUG 216068 --- [    Test worker] o.s.orm.jpa.JpaTransactionManager        : Participating in existing transaction
2026-03-05T19:17:55.645-06:00 DEBUG 216068 --- [    Test worker] org.hibernate.SQL                        : 
    insert 
    into
        sucursal
        (activo, direccion, fecha_actualizacion, fecha_creacion, nombre, usuario_actualizacion, usuario_creacion, id) 
    values
        (?, ?, ?, ?, ?, ?, ?, default)
2026-03-05T19:17:55.645-06:00 DEBUG 216068 --- [    Test worker] o.s.orm.jpa.JpaTransactionManager        : Found thread-bound EntityManager [SessionImpl(738085243<open>)] for JPA transaction
2026-03-05T19:17:55.645-06:00 DEBUG 216068 --- [    Test worker] o.s.orm.jpa.JpaTransactionManager        : Participating in existing transaction
2026-03-05T19:17:55.645-06:00 DEBUG 216068 --- [    Test worker] org.hibernate.SQL                        : 
    insert 
    into
        tipo_cliente
        (descripcion, fecha_actualizacion, fecha_creacion, nombre, usuario_actualizacion, usuario_creacion, id) 
    values
        (?, ?, ?, ?, ?, ?, default)
2026-03-05T19:17:55.646-06:00 DEBUG 216068 --- [    Test worker] o.s.orm.jpa.JpaTransactionManager        : Found thread-bound EntityManager [SessionImpl(738085243<open>)] for JPA transaction
2026-03-05T19:17:55.646-06:00 DEBUG 216068 --- [    Test worker] o.s.orm.jpa.JpaTransactionManager        : Participating in existing transaction
2026-03-05T19:17:55.646-06:00 DEBUG 216068 --- [    Test worker] org.hibernate.SQL                        : 
    insert 
    into
        cliente
        (direccion_fiscal, email, fecha_actualizacion, fecha_creacion, nombre, rfc, telefono, tipo_cliente_id, usuario_actualizacion, usuario_creacion, id) 
    values
        (?, ?, ?, ?, ?, ?, ?, ?, ?, ?, default)
2026-03-05T19:17:55.647-06:00 DEBUG 216068 --- [    Test worker] o.s.orm.jpa.JpaTransactionManager        : Found thread-bound EntityManager [SessionImpl(738085243<open>)] for JPA transaction
2026-03-05T19:17:55.647-06:00 DEBUG 216068 --- [    Test worker] o.s.orm.jpa.JpaTransactionManager        : Participating in existing transaction
2026-03-05T19:17:55.647-06:00 DEBUG 216068 --- [    Test worker] org.hibernate.SQL                        : 
    select
        pm1_0.sku_interno,
        pm1_0.activo,
        pm1_0.categoria_id,
        pm1_0.clave_sat,
        pm1_0.descripcion,
        pm1_0.fecha_actualizacion,
        pm1_0.fecha_creacion,
        pm1_0.nombre_comercial,
        pm1_0.proveedor_id,
        pm1_0.sensibilidad_precio,
        pm1_0.sku_proveedor,
        pm1_0.stock_minimo_global,
        pm1_0.usuario_actualizacion,
        pm1_0.usuario_creacion 
    from
        producto_maestro pm1_0 
    where
        pm1_0.sku_interno=?
2026-03-05T19:17:55.649-06:00 DEBUG 216068 --- [    Test worker] o.s.orm.jpa.JpaTransactionManager        : Found thread-bound EntityManager [SessionImpl(738085243<open>)] for JPA transaction
2026-03-05T19:17:55.649-06:00 DEBUG 216068 --- [    Test worker] o.s.orm.jpa.JpaTransactionManager        : Participating in existing transaction
2026-03-05T19:17:55.649-06:00 DEBUG 216068 --- [    Test worker] org.hibernate.SQL                        : 
    select
        is1_0.sku_interno,
        is1_0.sucursal_id,
        is1_0.costo_promedio_ponderado,
        is1_0.fecha_actualizacion,
        is1_0.fecha_creacion,
        is1_0.stock_actual,
        is1_0.stock_minimo_sucursal,
        is1_0.ubicacion_pasillo,
        is1_0.usuario_actualizacion,
        is1_0.usuario_creacion 
    from
        inventario_sucursal is1_0 
    where
        (
            is1_0.sku_interno, is1_0.sucursal_id
        ) in ((?, ?))
2026-03-05T19:17:55.650-06:00 DEBUG 216068 --- [    Test worker] o.s.orm.jpa.JpaTransactionManager        : Found thread-bound EntityManager [SessionImpl(738085243<open>)] for JPA transaction
2026-03-05T19:17:55.650-06:00 DEBUG 216068 --- [    Test worker] o.s.orm.jpa.JpaTransactionManager        : Participating in existing transaction
2026-03-05T19:17:55.650-06:00 DEBUG 216068 --- [    Test worker] org.hibernate.SQL                        : 
    select
        pm1_0.sku_interno,
        pm1_0.activo,
        pm1_0.categoria_id,
        pm1_0.clave_sat,
        pm1_0.descripcion,
        pm1_0.fecha_actualizacion,
        pm1_0.fecha_creacion,
        pm1_0.nombre_comercial,
        pm1_0.proveedor_id,
        pm1_0.sensibilidad_precio,
        pm1_0.sku_proveedor,
        pm1_0.stock_minimo_global,
        pm1_0.usuario_actualizacion,
        pm1_0.usuario_creacion 
    from
        producto_maestro pm1_0 
    where
        pm1_0.sku_interno=?
2026-03-05T19:17:55.650-06:00 DEBUG 216068 --- [    Test worker] o.s.orm.jpa.JpaTransactionManager        : Found thread-bound EntityManager [SessionImpl(738085243<open>)] for JPA transaction
2026-03-05T19:17:55.650-06:00 DEBUG 216068 --- [    Test worker] o.s.orm.jpa.JpaTransactionManager        : Participating in existing transaction
2026-03-05T19:17:55.651-06:00 DEBUG 216068 --- [    Test worker] org.hibernate.SQL                        : 
    select
        is1_0.sku_interno,
        is1_0.sucursal_id,
        is1_0.costo_promedio_ponderado,
        is1_0.fecha_actualizacion,
        is1_0.fecha_creacion,
        is1_0.stock_actual,
        is1_0.stock_minimo_sucursal,
        is1_0.ubicacion_pasillo,
        is1_0.usuario_actualizacion,
        is1_0.usuario_creacion 
    from
        inventario_sucursal is1_0 
    where
        (
            is1_0.sku_interno, is1_0.sucursal_id
        ) in ((?, ?))
2026-03-05T19:17:55.656-06:00 DEBUG 216068 --- [    Test worker] o.s.orm.jpa.JpaTransactionManager        : Initiating transaction rollback
2026-03-05T19:17:55.657-06:00 DEBUG 216068 --- [    Test worker] o.s.orm.jpa.JpaTransactionManager        : Rolling back JPA transaction on EntityManager [SessionImpl(738085243<open>)]
2026-03-05T19:17:55.657-06:00 DEBUG 216068 --- [    Test worker] o.s.orm.jpa.JpaTransactionManager        : Closing JPA EntityManager [SessionImpl(738085243<open>)] after transaction
2026-03-05T19:17:55.658-06:00 DEBUG 216068 --- [    Test worker] o.s.orm.jpa.JpaTransactionManager        : Creating new transaction with name [com.nexoohub.almacen.ventas.controller.VentaControllerIntegrationTest.realizarVenta_ClienteNulo]: PROPAGATION_REQUIRED,ISOLATION_DEFAULT
2026-03-05T19:17:55.658-06:00 DEBUG 216068 --- [    Test worker] o.s.orm.jpa.JpaTransactionManager        : Opened new EntityManager [SessionImpl(1035908314<open>)] for JPA transaction
2026-03-05T19:17:55.658-06:00 DEBUG 216068 --- [    Test worker] o.s.orm.jpa.JpaTransactionManager        : Exposing JPA transaction as JDBC [org.springframework.orm.jpa.vendor.HibernateJpaDialect$HibernateConnectionHandle@7e04e12a]
2026-03-05T19:17:55.659-06:00 DEBUG 216068 --- [    Test worker] o.s.orm.jpa.JpaTransactionManager        : Found thread-bound EntityManager [SessionImpl(1035908314<open>)] for JPA transaction
2026-03-05T19:17:55.659-06:00 DEBUG 216068 --- [    Test worker] o.s.orm.jpa.JpaTransactionManager        : Participating in existing transaction
2026-03-05T19:17:55.660-06:00 DEBUG 216068 --- [    Test worker] org.hibernate.SQL                        : 
    select
        v1_0.id,
        v1_0.cliente_id,
        v1_0.fecha_venta,
        v1_0.metodo_pago,
        v1_0.sucursal_id,
        v1_0.total,
        v1_0.vendedor_id 
    from
        venta v1_0
2026-03-05T19:17:55.660-06:00 DEBUG 216068 --- [    Test worker] o.h.stat.internal.StatisticsImpl         : HHH000117: HQL: [CRITERIA] select v1_0.id,v1_0.cliente_id,v1_0.fecha_venta,v1_0.metodo_pago,v1_0.sucursal_id,v1_0.total,v1_0.vendedor_id from venta v1_0, time: 0ms, rows: 0
2026-03-05T19:17:55.660-06:00 DEBUG 216068 --- [    Test worker] o.s.orm.jpa.JpaTransactionManager        : Found thread-bound EntityManager [SessionImpl(1035908314<open>)] for JPA transaction
2026-03-05T19:17:55.660-06:00 DEBUG 216068 --- [    Test worker] o.s.orm.jpa.JpaTransactionManager        : Participating in existing transaction
2026-03-05T19:17:55.661-06:00 DEBUG 216068 --- [    Test worker] org.hibernate.SQL                        : 
    select
        is1_0.sku_interno,
        is1_0.sucursal_id,
        is1_0.costo_promedio_ponderado,
        is1_0.fecha_actualizacion,
        is1_0.fecha_creacion,
        is1_0.stock_actual,
        is1_0.stock_minimo_sucursal,
        is1_0.ubicacion_pasillo,
        is1_0.usuario_actualizacion,
        is1_0.usuario_creacion 
    from
        inventario_sucursal is1_0
2026-03-05T19:17:55.661-06:00 DEBUG 216068 --- [    Test worker] o.h.stat.internal.StatisticsImpl         : HHH000117: HQL: [CRITERIA] select is1_0.sku_interno,is1_0.sucursal_id,is1_0.costo_promedio_ponderado,is1_0.fecha_actualizacion,is1_0.fecha_creacion,is1_0.stock_actual,is1_0.stock_minimo_sucursal,is1_0.ubicacion_pasillo,is1_0.usuario_actualizacion,is1_0.usuario_creacion from inventario_sucursal is1_0, time: 0ms, rows: 0
2026-03-05T19:17:55.661-06:00 DEBUG 216068 --- [    Test worker] o.s.orm.jpa.JpaTransactionManager        : Found thread-bound EntityManager [SessionImpl(1035908314<open>)] for JPA transaction
2026-03-05T19:17:55.661-06:00 DEBUG 216068 --- [    Test worker] o.s.orm.jpa.JpaTransactionManager        : Participating in existing transaction
2026-03-05T19:17:55.662-06:00 DEBUG 216068 --- [    Test worker] org.hibernate.SQL                        : 
    select
        pm1_0.sku_interno,
        pm1_0.activo,
        pm1_0.categoria_id,
        pm1_0.clave_sat,
        pm1_0.descripcion,
        pm1_0.fecha_actualizacion,
        pm1_0.fecha_creacion,
        pm1_0.nombre_comercial,
        pm1_0.proveedor_id,
        pm1_0.sensibilidad_precio,
        pm1_0.sku_proveedor,
        pm1_0.stock_minimo_global,
        pm1_0.usuario_actualizacion,
        pm1_0.usuario_creacion 
    from
        producto_maestro pm1_0
2026-03-05T19:17:55.662-06:00 DEBUG 216068 --- [    Test worker] o.h.stat.internal.StatisticsImpl         : HHH000117: HQL: [CRITERIA] select pm1_0.sku_interno,pm1_0.activo,pm1_0.categoria_id,pm1_0.clave_sat,pm1_0.descripcion,pm1_0.fecha_actualizacion,pm1_0.fecha_creacion,pm1_0.nombre_comercial,pm1_0.proveedor_id,pm1_0.sensibilidad_precio,pm1_0.sku_proveedor,pm1_0.stock_minimo_global,pm1_0.usuario_actualizacion,pm1_0.usuario_creacion from producto_maestro pm1_0, time: 0ms, rows: 0
2026-03-05T19:17:55.662-06:00 DEBUG 216068 --- [    Test worker] o.s.orm.jpa.JpaTransactionManager        : Found thread-bound EntityManager [SessionImpl(1035908314<open>)] for JPA transaction
2026-03-05T19:17:55.662-06:00 DEBUG 216068 --- [    Test worker] o.s.orm.jpa.JpaTransactionManager        : Participating in existing transaction
2026-03-05T19:17:55.662-06:00 DEBUG 216068 --- [    Test worker] org.hibernate.SQL                        : 
    select
        c1_0.id,
        c1_0.direccion_fiscal,
        c1_0.email,
        c1_0.fecha_actualizacion,
        c1_0.fecha_creacion,
        c1_0.nombre,
        c1_0.rfc,
        c1_0.telefono,
        c1_0.tipo_cliente_id,
        c1_0.usuario_actualizacion,
        c1_0.usuario_creacion 
    from
        cliente c1_0
2026-03-05T19:17:55.663-06:00 DEBUG 216068 --- [    Test worker] o.h.stat.internal.StatisticsImpl         : HHH000117: HQL: [CRITERIA] select c1_0.id,c1_0.direccion_fiscal,c1_0.email,c1_0.fecha_actualizacion,c1_0.fecha_creacion,c1_0.nombre,c1_0.rfc,c1_0.telefono,c1_0.tipo_cliente_id,c1_0.usuario_actualizacion,c1_0.usuario_creacion from cliente c1_0, time: 0ms, rows: 0
2026-03-05T19:17:55.663-06:00 DEBUG 216068 --- [    Test worker] o.s.orm.jpa.JpaTransactionManager        : Found thread-bound EntityManager [SessionImpl(1035908314<open>)] for JPA transaction
2026-03-05T19:17:55.663-06:00 DEBUG 216068 --- [    Test worker] o.s.orm.jpa.JpaTransactionManager        : Participating in existing transaction
2026-03-05T19:17:55.663-06:00 DEBUG 216068 --- [    Test worker] org.hibernate.SQL                        : 
    select
        tc1_0.id,
        tc1_0.descripcion,
        tc1_0.fecha_actualizacion,
        tc1_0.fecha_creacion,
        tc1_0.nombre,
        tc1_0.usuario_actualizacion,
        tc1_0.usuario_creacion 
    from
        tipo_cliente tc1_0
2026-03-05T19:17:55.663-06:00 DEBUG 216068 --- [    Test worker] o.h.stat.internal.StatisticsImpl         : HHH000117: HQL: [CRITERIA] select tc1_0.id,tc1_0.descripcion,tc1_0.fecha_actualizacion,tc1_0.fecha_creacion,tc1_0.nombre,tc1_0.usuario_actualizacion,tc1_0.usuario_creacion from tipo_cliente tc1_0, time: 0ms, rows: 0
2026-03-05T19:17:55.663-06:00 DEBUG 216068 --- [    Test worker] o.s.orm.jpa.JpaTransactionManager        : Found thread-bound EntityManager [SessionImpl(1035908314<open>)] for JPA transaction
2026-03-05T19:17:55.663-06:00 DEBUG 216068 --- [    Test worker] o.s.orm.jpa.JpaTransactionManager        : Participating in existing transaction
2026-03-05T19:17:55.664-06:00 DEBUG 216068 --- [    Test worker] org.hibernate.SQL                        : 
    select
        s1_0.id,
        s1_0.activo,
        s1_0.direccion,
        s1_0.fecha_actualizacion,
        s1_0.fecha_creacion,
        s1_0.nombre,
        s1_0.usuario_actualizacion,
        s1_0.usuario_creacion 
    from
        sucursal s1_0
2026-03-05T19:17:55.664-06:00 DEBUG 216068 --- [    Test worker] o.h.stat.internal.StatisticsImpl         : HHH000117: HQL: [CRITERIA] select s1_0.id,s1_0.activo,s1_0.direccion,s1_0.fecha_actualizacion,s1_0.fecha_creacion,s1_0.nombre,s1_0.usuario_actualizacion,s1_0.usuario_creacion from sucursal s1_0, time: 0ms, rows: 0
2026-03-05T19:17:55.664-06:00 DEBUG 216068 --- [    Test worker] o.s.orm.jpa.JpaTransactionManager        : Found thread-bound EntityManager [SessionImpl(1035908314<open>)] for JPA transaction
2026-03-05T19:17:55.664-06:00 DEBUG 216068 --- [    Test worker] o.s.orm.jpa.JpaTransactionManager        : Participating in existing transaction
2026-03-05T19:17:55.664-06:00 DEBUG 216068 --- [    Test worker] org.hibernate.SQL                        : 
    select
        cf1_0.id,
        cf1_0.comision_tarjeta,
        cf1_0.fecha_actualizacion,
        cf1_0.fecha_creacion,
        cf1_0.gastos_fijos_mensuales,
        cf1_0.iva,
        cf1_0.margen_ganancia_base,
        cf1_0.meta_ventas_mensual,
        cf1_0.usuario_actualizacion,
        cf1_0.usuario_creacion 
    from
        configuracion_financiera cf1_0
2026-03-05T19:17:55.664-06:00 DEBUG 216068 --- [    Test worker] o.h.stat.internal.StatisticsImpl         : HHH000117: HQL: [CRITERIA] select cf1_0.id,cf1_0.comision_tarjeta,cf1_0.fecha_actualizacion,cf1_0.fecha_creacion,cf1_0.gastos_fijos_mensuales,cf1_0.iva,cf1_0.margen_ganancia_base,cf1_0.meta_ventas_mensual,cf1_0.usuario_actualizacion,cf1_0.usuario_creacion from configuracion_financiera cf1_0, time: 0ms, rows: 0
2026-03-05T19:17:55.665-06:00 DEBUG 216068 --- [    Test worker] o.s.orm.jpa.JpaTransactionManager        : Found thread-bound EntityManager [SessionImpl(1035908314<open>)] for JPA transaction
2026-03-05T19:17:55.665-06:00 DEBUG 216068 --- [    Test worker] o.s.orm.jpa.JpaTransactionManager        : Participating in existing transaction
2026-03-05T19:17:55.665-06:00 DEBUG 216068 --- [    Test worker] org.hibernate.SQL                        : 
    select
        u1_0.id,
        u1_0.empleado_id,
        u1_0.fecha_actualizacion,
        u1_0.fecha_creacion,
        u1_0.password,
        u1_0.role,
        u1_0.username,
        u1_0.usuario_actualizacion,
        u1_0.usuario_creacion 
    from
        usuarios u1_0
2026-03-05T19:17:55.665-06:00 DEBUG 216068 --- [    Test worker] o.h.stat.internal.StatisticsImpl         : HHH000117: HQL: [CRITERIA] select u1_0.id,u1_0.empleado_id,u1_0.fecha_actualizacion,u1_0.fecha_creacion,u1_0.password,u1_0.role,u1_0.username,u1_0.usuario_actualizacion,u1_0.usuario_creacion from usuarios u1_0, time: 0ms, rows: 0
2026-03-05T19:17:55.665-06:00 DEBUG 216068 --- [    Test worker] o.s.orm.jpa.JpaTransactionManager        : Found thread-bound EntityManager [SessionImpl(1035908314<open>)] for JPA transaction
2026-03-05T19:17:55.665-06:00 DEBUG 216068 --- [    Test worker] o.s.orm.jpa.JpaTransactionManager        : Participating in existing transaction
2026-03-05T19:17:55.666-06:00 DEBUG 216068 --- [    Test worker] org.hibernate.SQL                        : 
    insert 
    into
        usuarios
        (empleado_id, fecha_actualizacion, fecha_creacion, password, role, username, usuario_actualizacion, usuario_creacion, id) 
    values
        (?, ?, ?, ?, ?, ?, ?, ?, default)
2026-03-05T19:17:55.667-06:00 DEBUG 216068 --- [    Test worker] o.s.orm.jpa.JpaTransactionManager        : Found thread-bound EntityManager [SessionImpl(1035908314<open>)] for JPA transaction
2026-03-05T19:17:55.667-06:00 DEBUG 216068 --- [    Test worker] o.s.orm.jpa.JpaTransactionManager        : Participating in existing transaction
2026-03-05T19:17:55.667-06:00 DEBUG 216068 --- [    Test worker] org.hibernate.SQL                        : 
    select
        cf1_0.id,
        cf1_0.comision_tarjeta,
        cf1_0.fecha_actualizacion,
        cf1_0.fecha_creacion,
        cf1_0.gastos_fijos_mensuales,
        cf1_0.iva,
        cf1_0.margen_ganancia_base,
        cf1_0.meta_ventas_mensual,
        cf1_0.usuario_actualizacion,
        cf1_0.usuario_creacion 
    from
        configuracion_financiera cf1_0 
    where
        cf1_0.id=?
2026-03-05T19:17:55.668-06:00 DEBUG 216068 --- [    Test worker] org.hibernate.SQL                        : 
    insert 
    into
        configuracion_financiera
        (comision_tarjeta, fecha_actualizacion, fecha_creacion, gastos_fijos_mensuales, iva, margen_ganancia_base, meta_ventas_mensual, usuario_actualizacion, usuario_creacion, id) 
    values
        (?, ?, ?, ?, ?, ?, ?, ?, ?, default)
2026-03-05T19:17:55.668-06:00 DEBUG 216068 --- [    Test worker] o.s.orm.jpa.JpaTransactionManager        : Found thread-bound EntityManager [SessionImpl(1035908314<open>)] for JPA transaction
2026-03-05T19:17:55.668-06:00 DEBUG 216068 --- [    Test worker] o.s.orm.jpa.JpaTransactionManager        : Participating in existing transaction
2026-03-05T19:17:55.668-06:00 DEBUG 216068 --- [    Test worker] org.hibernate.SQL                        : 
    insert 
    into
        sucursal
        (activo, direccion, fecha_actualizacion, fecha_creacion, nombre, usuario_actualizacion, usuario_creacion, id) 
    values
        (?, ?, ?, ?, ?, ?, ?, default)
2026-03-05T19:17:55.669-06:00 DEBUG 216068 --- [    Test worker] o.s.orm.jpa.JpaTransactionManager        : Found thread-bound EntityManager [SessionImpl(1035908314<open>)] for JPA transaction
2026-03-05T19:17:55.669-06:00 DEBUG 216068 --- [    Test worker] o.s.orm.jpa.JpaTransactionManager        : Participating in existing transaction
2026-03-05T19:17:55.669-06:00 DEBUG 216068 --- [    Test worker] org.hibernate.SQL                        : 
    insert 
    into
        tipo_cliente
        (descripcion, fecha_actualizacion, fecha_creacion, nombre, usuario_actualizacion, usuario_creacion, id) 
    values
        (?, ?, ?, ?, ?, ?, default)
2026-03-05T19:17:55.670-06:00 DEBUG 216068 --- [    Test worker] o.s.orm.jpa.JpaTransactionManager        : Found thread-bound EntityManager [SessionImpl(1035908314<open>)] for JPA transaction
2026-03-05T19:17:55.670-06:00 DEBUG 216068 --- [    Test worker] o.s.orm.jpa.JpaTransactionManager        : Participating in existing transaction
2026-03-05T19:17:55.670-06:00 DEBUG 216068 --- [    Test worker] org.hibernate.SQL                        : 
    insert 
    into
        cliente
        (direccion_fiscal, email, fecha_actualizacion, fecha_creacion, nombre, rfc, telefono, tipo_cliente_id, usuario_actualizacion, usuario_creacion, id) 
    values
        (?, ?, ?, ?, ?, ?, ?, ?, ?, ?, default)
2026-03-05T19:17:55.671-06:00 DEBUG 216068 --- [    Test worker] o.s.orm.jpa.JpaTransactionManager        : Found thread-bound EntityManager [SessionImpl(1035908314<open>)] for JPA transaction
2026-03-05T19:17:55.671-06:00 DEBUG 216068 --- [    Test worker] o.s.orm.jpa.JpaTransactionManager        : Participating in existing transaction
2026-03-05T19:17:55.671-06:00 DEBUG 216068 --- [    Test worker] org.hibernate.SQL                        : 
    select
        pm1_0.sku_interno,
        pm1_0.activo,
        pm1_0.categoria_id,
        pm1_0.clave_sat,
        pm1_0.descripcion,
        pm1_0.fecha_actualizacion,
        pm1_0.fecha_creacion,
        pm1_0.nombre_comercial,
        pm1_0.proveedor_id,
        pm1_0.sensibilidad_precio,
        pm1_0.sku_proveedor,
        pm1_0.stock_minimo_global,
        pm1_0.usuario_actualizacion,
        pm1_0.usuario_creacion 
    from
        producto_maestro pm1_0 
    where
        pm1_0.sku_interno=?
2026-03-05T19:17:55.672-06:00 DEBUG 216068 --- [    Test worker] o.s.orm.jpa.JpaTransactionManager        : Found thread-bound EntityManager [SessionImpl(1035908314<open>)] for JPA transaction
2026-03-05T19:17:55.672-06:00 DEBUG 216068 --- [    Test worker] o.s.orm.jpa.JpaTransactionManager        : Participating in existing transaction
2026-03-05T19:17:55.673-06:00 DEBUG 216068 --- [    Test worker] org.hibernate.SQL                        : 
    select
        is1_0.sku_interno,
        is1_0.sucursal_id,
        is1_0.costo_promedio_ponderado,
        is1_0.fecha_actualizacion,
        is1_0.fecha_creacion,
        is1_0.stock_actual,
        is1_0.stock_minimo_sucursal,
        is1_0.ubicacion_pasillo,
        is1_0.usuario_actualizacion,
        is1_0.usuario_creacion 
    from
        inventario_sucursal is1_0 
    where
        (
            is1_0.sku_interno, is1_0.sucursal_id
        ) in ((?, ?))
2026-03-05T19:17:55.674-06:00 DEBUG 216068 --- [    Test worker] o.s.orm.jpa.JpaTransactionManager        : Found thread-bound EntityManager [SessionImpl(1035908314<open>)] for JPA transaction
2026-03-05T19:17:55.674-06:00 DEBUG 216068 --- [    Test worker] o.s.orm.jpa.JpaTransactionManager        : Participating in existing transaction
2026-03-05T19:17:55.674-06:00 DEBUG 216068 --- [    Test worker] org.hibernate.SQL                        : 
    select
        pm1_0.sku_interno,
        pm1_0.activo,
        pm1_0.categoria_id,
        pm1_0.clave_sat,
        pm1_0.descripcion,
        pm1_0.fecha_actualizacion,
        pm1_0.fecha_creacion,
        pm1_0.nombre_comercial,
        pm1_0.proveedor_id,
        pm1_0.sensibilidad_precio,
        pm1_0.sku_proveedor,
        pm1_0.stock_minimo_global,
        pm1_0.usuario_actualizacion,
        pm1_0.usuario_creacion 
    from
        producto_maestro pm1_0 
    where
        pm1_0.sku_interno=?
2026-03-05T19:17:55.674-06:00 DEBUG 216068 --- [    Test worker] o.s.orm.jpa.JpaTransactionManager        : Found thread-bound EntityManager [SessionImpl(1035908314<open>)] for JPA transaction
2026-03-05T19:17:55.674-06:00 DEBUG 216068 --- [    Test worker] o.s.orm.jpa.JpaTransactionManager        : Participating in existing transaction
2026-03-05T19:17:55.675-06:00 DEBUG 216068 --- [    Test worker] org.hibernate.SQL                        : 
    select
        is1_0.sku_interno,
        is1_0.sucursal_id,
        is1_0.costo_promedio_ponderado,
        is1_0.fecha_actualizacion,
        is1_0.fecha_creacion,
        is1_0.stock_actual,
        is1_0.stock_minimo_sucursal,
        is1_0.ubicacion_pasillo,
        is1_0.usuario_actualizacion,
        is1_0.usuario_creacion 
    from
        inventario_sucursal is1_0 
    where
        (
            is1_0.sku_interno, is1_0.sucursal_id
        ) in ((?, ?))
2026-03-05T19:17:55.679-06:00 DEBUG 216068 --- [    Test worker] org.hibernate.SQL                        : 
    select
        u1_0.id,
        u1_0.empleado_id,
        u1_0.fecha_actualizacion,
        u1_0.fecha_creacion,
        u1_0.password,
        u1_0.role,
        u1_0.username,
        u1_0.usuario_actualizacion,
        u1_0.usuario_creacion 
    from
        usuarios u1_0 
    where
        u1_0.username=?
2026-03-05T19:17:55.680-06:00 DEBUG 216068 --- [    Test worker] o.h.stat.internal.StatisticsImpl         : HHH000117: HQL: [CRITERIA] select u1_0.id,u1_0.empleado_id,u1_0.fecha_actualizacion,u1_0.fecha_creacion,u1_0.password,u1_0.role,u1_0.username,u1_0.usuario_actualizacion,u1_0.usuario_creacion from usuarios u1_0 where u1_0.username=?, time: 0ms, rows: 1
2026-03-05T19:17:55.681-06:00  INFO 216068 --- [    Test worker] c.n.almacen.common.config.LogFilter      : >> Iniciando petición: POST /api/v1/ventas
2026-03-05T19:17:55.685-06:00  WARN 216068 --- [    Test worker] c.n.a.c.e.GlobalExceptionHandler         : Fallo en validación de datos: [clienteId: El cliente es obligatorio]
2026-03-05T19:17:55.686-06:00  INFO 216068 --- [    Test worker] c.n.almacen.common.config.LogFilter      : << Petición finalizada en 5 ms
2026-03-05T19:17:55.687-06:00 DEBUG 216068 --- [    Test worker] o.s.orm.jpa.JpaTransactionManager        : Initiating transaction rollback
2026-03-05T19:17:55.687-06:00 DEBUG 216068 --- [    Test worker] o.s.orm.jpa.JpaTransactionManager        : Rolling back JPA transaction on EntityManager [SessionImpl(1035908314<open>)]
2026-03-05T19:17:55.688-06:00 DEBUG 216068 --- [    Test worker] o.s.orm.jpa.JpaTransactionManager        : Closing JPA EntityManager [SessionImpl(1035908314<open>)] after transaction
2026-03-05T19:17:55.689-06:00 DEBUG 216068 --- [    Test worker] o.s.orm.jpa.JpaTransactionManager        : Creating new transaction with name [com.nexoohub.almacen.ventas.controller.VentaControllerIntegrationTest.realizarVenta_ItemsVacio]: PROPAGATION_REQUIRED,ISOLATION_DEFAULT
2026-03-05T19:17:55.689-06:00 DEBUG 216068 --- [    Test worker] o.s.orm.jpa.JpaTransactionManager        : Opened new EntityManager [SessionImpl(1216215298<open>)] for JPA transaction
2026-03-05T19:17:55.689-06:00 DEBUG 216068 --- [    Test worker] o.s.orm.jpa.JpaTransactionManager        : Exposing JPA transaction as JDBC [org.springframework.orm.jpa.vendor.HibernateJpaDialect$HibernateConnectionHandle@47748b8f]
2026-03-05T19:17:55.690-06:00 DEBUG 216068 --- [    Test worker] o.s.orm.jpa.JpaTransactionManager        : Found thread-bound EntityManager [SessionImpl(1216215298<open>)] for JPA transaction
2026-03-05T19:17:55.690-06:00 DEBUG 216068 --- [    Test worker] o.s.orm.jpa.JpaTransactionManager        : Participating in existing transaction
2026-03-05T19:17:55.690-06:00 DEBUG 216068 --- [    Test worker] org.hibernate.SQL                        : 
    select
        v1_0.id,
        v1_0.cliente_id,
        v1_0.fecha_venta,
        v1_0.metodo_pago,
        v1_0.sucursal_id,
        v1_0.total,
        v1_0.vendedor_id 
    from
        venta v1_0
2026-03-05T19:17:55.691-06:00 DEBUG 216068 --- [    Test worker] o.h.stat.internal.StatisticsImpl         : HHH000117: HQL: [CRITERIA] select v1_0.id,v1_0.cliente_id,v1_0.fecha_venta,v1_0.metodo_pago,v1_0.sucursal_id,v1_0.total,v1_0.vendedor_id from venta v1_0, time: 0ms, rows: 0
2026-03-05T19:17:55.691-06:00 DEBUG 216068 --- [    Test worker] o.s.orm.jpa.JpaTransactionManager        : Found thread-bound EntityManager [SessionImpl(1216215298<open>)] for JPA transaction
2026-03-05T19:17:55.691-06:00 DEBUG 216068 --- [    Test worker] o.s.orm.jpa.JpaTransactionManager        : Participating in existing transaction
2026-03-05T19:17:55.691-06:00 DEBUG 216068 --- [    Test worker] org.hibernate.SQL                        : 
    select
        is1_0.sku_interno,
        is1_0.sucursal_id,
        is1_0.costo_promedio_ponderado,
        is1_0.fecha_actualizacion,
        is1_0.fecha_creacion,
        is1_0.stock_actual,
        is1_0.stock_minimo_sucursal,
        is1_0.ubicacion_pasillo,
        is1_0.usuario_actualizacion,
        is1_0.usuario_creacion 
    from
        inventario_sucursal is1_0
2026-03-05T19:17:55.692-06:00 DEBUG 216068 --- [    Test worker] o.h.stat.internal.StatisticsImpl         : HHH000117: HQL: [CRITERIA] select is1_0.sku_interno,is1_0.sucursal_id,is1_0.costo_promedio_ponderado,is1_0.fecha_actualizacion,is1_0.fecha_creacion,is1_0.stock_actual,is1_0.stock_minimo_sucursal,is1_0.ubicacion_pasillo,is1_0.usuario_actualizacion,is1_0.usuario_creacion from inventario_sucursal is1_0, time: 0ms, rows: 0
2026-03-05T19:17:55.692-06:00 DEBUG 216068 --- [    Test worker] o.s.orm.jpa.JpaTransactionManager        : Found thread-bound EntityManager [SessionImpl(1216215298<open>)] for JPA transaction
2026-03-05T19:17:55.692-06:00 DEBUG 216068 --- [    Test worker] o.s.orm.jpa.JpaTransactionManager        : Participating in existing transaction
2026-03-05T19:17:55.692-06:00 DEBUG 216068 --- [    Test worker] org.hibernate.SQL                        : 
    select
        pm1_0.sku_interno,
        pm1_0.activo,
        pm1_0.categoria_id,
        pm1_0.clave_sat,
        pm1_0.descripcion,
        pm1_0.fecha_actualizacion,
        pm1_0.fecha_creacion,
        pm1_0.nombre_comercial,
        pm1_0.proveedor_id,
        pm1_0.sensibilidad_precio,
        pm1_0.sku_proveedor,
        pm1_0.stock_minimo_global,
        pm1_0.usuario_actualizacion,
        pm1_0.usuario_creacion 
    from
        producto_maestro pm1_0
2026-03-05T19:17:55.692-06:00 DEBUG 216068 --- [    Test worker] o.h.stat.internal.StatisticsImpl         : HHH000117: HQL: [CRITERIA] select pm1_0.sku_interno,pm1_0.activo,pm1_0.categoria_id,pm1_0.clave_sat,pm1_0.descripcion,pm1_0.fecha_actualizacion,pm1_0.fecha_creacion,pm1_0.nombre_comercial,pm1_0.proveedor_id,pm1_0.sensibilidad_precio,pm1_0.sku_proveedor,pm1_0.stock_minimo_global,pm1_0.usuario_actualizacion,pm1_0.usuario_creacion from producto_maestro pm1_0, time: 0ms, rows: 0
2026-03-05T19:17:55.692-06:00 DEBUG 216068 --- [    Test worker] o.s.orm.jpa.JpaTransactionManager        : Found thread-bound EntityManager [SessionImpl(1216215298<open>)] for JPA transaction
2026-03-05T19:17:55.692-06:00 DEBUG 216068 --- [    Test worker] o.s.orm.jpa.JpaTransactionManager        : Participating in existing transaction
2026-03-05T19:17:55.693-06:00 DEBUG 216068 --- [    Test worker] org.hibernate.SQL                        : 
    select
        c1_0.id,
        c1_0.direccion_fiscal,
        c1_0.email,
        c1_0.fecha_actualizacion,
        c1_0.fecha_creacion,
        c1_0.nombre,
        c1_0.rfc,
        c1_0.telefono,
        c1_0.tipo_cliente_id,
        c1_0.usuario_actualizacion,
        c1_0.usuario_creacion 
    from
        cliente c1_0
2026-03-05T19:17:55.693-06:00 DEBUG 216068 --- [    Test worker] o.h.stat.internal.StatisticsImpl         : HHH000117: HQL: [CRITERIA] select c1_0.id,c1_0.direccion_fiscal,c1_0.email,c1_0.fecha_actualizacion,c1_0.fecha_creacion,c1_0.nombre,c1_0.rfc,c1_0.telefono,c1_0.tipo_cliente_id,c1_0.usuario_actualizacion,c1_0.usuario_creacion from cliente c1_0, time: 0ms, rows: 0
2026-03-05T19:17:55.693-06:00 DEBUG 216068 --- [    Test worker] o.s.orm.jpa.JpaTransactionManager        : Found thread-bound EntityManager [SessionImpl(1216215298<open>)] for JPA transaction
2026-03-05T19:17:55.693-06:00 DEBUG 216068 --- [    Test worker] o.s.orm.jpa.JpaTransactionManager        : Participating in existing transaction
2026-03-05T19:17:55.693-06:00 DEBUG 216068 --- [    Test worker] org.hibernate.SQL                        : 
    select
        tc1_0.id,
        tc1_0.descripcion,
        tc1_0.fecha_actualizacion,
        tc1_0.fecha_creacion,
        tc1_0.nombre,
        tc1_0.usuario_actualizacion,
        tc1_0.usuario_creacion 
    from
        tipo_cliente tc1_0
2026-03-05T19:17:55.693-06:00 DEBUG 216068 --- [    Test worker] o.h.stat.internal.StatisticsImpl         : HHH000117: HQL: [CRITERIA] select tc1_0.id,tc1_0.descripcion,tc1_0.fecha_actualizacion,tc1_0.fecha_creacion,tc1_0.nombre,tc1_0.usuario_actualizacion,tc1_0.usuario_creacion from tipo_cliente tc1_0, time: 0ms, rows: 0
2026-03-05T19:17:55.693-06:00 DEBUG 216068 --- [    Test worker] o.s.orm.jpa.JpaTransactionManager        : Found thread-bound EntityManager [SessionImpl(1216215298<open>)] for JPA transaction
2026-03-05T19:17:55.693-06:00 DEBUG 216068 --- [    Test worker] o.s.orm.jpa.JpaTransactionManager        : Participating in existing transaction
2026-03-05T19:17:55.694-06:00 DEBUG 216068 --- [    Test worker] org.hibernate.SQL                        : 
    select
        s1_0.id,
        s1_0.activo,
        s1_0.direccion,
        s1_0.fecha_actualizacion,
        s1_0.fecha_creacion,
        s1_0.nombre,
        s1_0.usuario_actualizacion,
        s1_0.usuario_creacion 
    from
        sucursal s1_0
2026-03-05T19:17:55.694-06:00 DEBUG 216068 --- [    Test worker] o.h.stat.internal.StatisticsImpl         : HHH000117: HQL: [CRITERIA] select s1_0.id,s1_0.activo,s1_0.direccion,s1_0.fecha_actualizacion,s1_0.fecha_creacion,s1_0.nombre,s1_0.usuario_actualizacion,s1_0.usuario_creacion from sucursal s1_0, time: 0ms, rows: 0
2026-03-05T19:17:55.694-06:00 DEBUG 216068 --- [    Test worker] o.s.orm.jpa.JpaTransactionManager        : Found thread-bound EntityManager [SessionImpl(1216215298<open>)] for JPA transaction
2026-03-05T19:17:55.694-06:00 DEBUG 216068 --- [    Test worker] o.s.orm.jpa.JpaTransactionManager        : Participating in existing transaction
2026-03-05T19:17:55.694-06:00 DEBUG 216068 --- [    Test worker] org.hibernate.SQL                        : 
    select
        cf1_0.id,
        cf1_0.comision_tarjeta,
        cf1_0.fecha_actualizacion,
        cf1_0.fecha_creacion,
        cf1_0.gastos_fijos_mensuales,
        cf1_0.iva,
        cf1_0.margen_ganancia_base,
        cf1_0.meta_ventas_mensual,
        cf1_0.usuario_actualizacion,
        cf1_0.usuario_creacion 
    from
        configuracion_financiera cf1_0
2026-03-05T19:17:55.695-06:00 DEBUG 216068 --- [    Test worker] o.h.stat.internal.StatisticsImpl         : HHH000117: HQL: [CRITERIA] select cf1_0.id,cf1_0.comision_tarjeta,cf1_0.fecha_actualizacion,cf1_0.fecha_creacion,cf1_0.gastos_fijos_mensuales,cf1_0.iva,cf1_0.margen_ganancia_base,cf1_0.meta_ventas_mensual,cf1_0.usuario_actualizacion,cf1_0.usuario_creacion from configuracion_financiera cf1_0, time: 0ms, rows: 0
2026-03-05T19:17:55.695-06:00 DEBUG 216068 --- [    Test worker] o.s.orm.jpa.JpaTransactionManager        : Found thread-bound EntityManager [SessionImpl(1216215298<open>)] for JPA transaction
2026-03-05T19:17:55.695-06:00 DEBUG 216068 --- [    Test worker] o.s.orm.jpa.JpaTransactionManager        : Participating in existing transaction
2026-03-05T19:17:55.695-06:00 DEBUG 216068 --- [    Test worker] org.hibernate.SQL                        : 
    select
        u1_0.id,
        u1_0.empleado_id,
        u1_0.fecha_actualizacion,
        u1_0.fecha_creacion,
        u1_0.password,
        u1_0.role,
        u1_0.username,
        u1_0.usuario_actualizacion,
        u1_0.usuario_creacion 
    from
        usuarios u1_0
2026-03-05T19:17:55.696-06:00 DEBUG 216068 --- [    Test worker] o.h.stat.internal.StatisticsImpl         : HHH000117: HQL: [CRITERIA] select u1_0.id,u1_0.empleado_id,u1_0.fecha_actualizacion,u1_0.fecha_creacion,u1_0.password,u1_0.role,u1_0.username,u1_0.usuario_actualizacion,u1_0.usuario_creacion from usuarios u1_0, time: 0ms, rows: 0
2026-03-05T19:17:55.696-06:00 DEBUG 216068 --- [    Test worker] o.s.orm.jpa.JpaTransactionManager        : Found thread-bound EntityManager [SessionImpl(1216215298<open>)] for JPA transaction
2026-03-05T19:17:55.696-06:00 DEBUG 216068 --- [    Test worker] o.s.orm.jpa.JpaTransactionManager        : Participating in existing transaction
2026-03-05T19:17:55.696-06:00 DEBUG 216068 --- [    Test worker] org.hibernate.SQL                        : 
    insert 
    into
        usuarios
        (empleado_id, fecha_actualizacion, fecha_creacion, password, role, username, usuario_actualizacion, usuario_creacion, id) 
    values
        (?, ?, ?, ?, ?, ?, ?, ?, default)
2026-03-05T19:17:55.697-06:00 DEBUG 216068 --- [    Test worker] o.s.orm.jpa.JpaTransactionManager        : Found thread-bound EntityManager [SessionImpl(1216215298<open>)] for JPA transaction
2026-03-05T19:17:55.697-06:00 DEBUG 216068 --- [    Test worker] o.s.orm.jpa.JpaTransactionManager        : Participating in existing transaction
2026-03-05T19:17:55.697-06:00 DEBUG 216068 --- [    Test worker] org.hibernate.SQL                        : 
    select
        cf1_0.id,
        cf1_0.comision_tarjeta,
        cf1_0.fecha_actualizacion,
        cf1_0.fecha_creacion,
        cf1_0.gastos_fijos_mensuales,
        cf1_0.iva,
        cf1_0.margen_ganancia_base,
        cf1_0.meta_ventas_mensual,
        cf1_0.usuario_actualizacion,
        cf1_0.usuario_creacion 
    from
        configuracion_financiera cf1_0 
    where
        cf1_0.id=?
2026-03-05T19:17:55.699-06:00 DEBUG 216068 --- [    Test worker] org.hibernate.SQL                        : 
    insert 
    into
        configuracion_financiera
        (comision_tarjeta, fecha_actualizacion, fecha_creacion, gastos_fijos_mensuales, iva, margen_ganancia_base, meta_ventas_mensual, usuario_actualizacion, usuario_creacion, id) 
    values
        (?, ?, ?, ?, ?, ?, ?, ?, ?, default)
2026-03-05T19:17:55.699-06:00 DEBUG 216068 --- [    Test worker] o.s.orm.jpa.JpaTransactionManager        : Found thread-bound EntityManager [SessionImpl(1216215298<open>)] for JPA transaction
2026-03-05T19:17:55.699-06:00 DEBUG 216068 --- [    Test worker] o.s.orm.jpa.JpaTransactionManager        : Participating in existing transaction
2026-03-05T19:17:55.700-06:00 DEBUG 216068 --- [    Test worker] org.hibernate.SQL                        : 
    insert 
    into
        sucursal
        (activo, direccion, fecha_actualizacion, fecha_creacion, nombre, usuario_actualizacion, usuario_creacion, id) 
    values
        (?, ?, ?, ?, ?, ?, ?, default)
2026-03-05T19:17:55.700-06:00 DEBUG 216068 --- [    Test worker] o.s.orm.jpa.JpaTransactionManager        : Found thread-bound EntityManager [SessionImpl(1216215298<open>)] for JPA transaction
2026-03-05T19:17:55.700-06:00 DEBUG 216068 --- [    Test worker] o.s.orm.jpa.JpaTransactionManager        : Participating in existing transaction
2026-03-05T19:17:55.700-06:00 DEBUG 216068 --- [    Test worker] org.hibernate.SQL                        : 
    insert 
    into
        tipo_cliente
        (descripcion, fecha_actualizacion, fecha_creacion, nombre, usuario_actualizacion, usuario_creacion, id) 
    values
        (?, ?, ?, ?, ?, ?, default)
2026-03-05T19:17:55.701-06:00 DEBUG 216068 --- [    Test worker] o.s.orm.jpa.JpaTransactionManager        : Found thread-bound EntityManager [SessionImpl(1216215298<open>)] for JPA transaction
2026-03-05T19:17:55.701-06:00 DEBUG 216068 --- [    Test worker] o.s.orm.jpa.JpaTransactionManager        : Participating in existing transaction
2026-03-05T19:17:55.702-06:00 DEBUG 216068 --- [    Test worker] org.hibernate.SQL                        : 
    insert 
    into
        cliente
        (direccion_fiscal, email, fecha_actualizacion, fecha_creacion, nombre, rfc, telefono, tipo_cliente_id, usuario_actualizacion, usuario_creacion, id) 
    values
        (?, ?, ?, ?, ?, ?, ?, ?, ?, ?, default)
2026-03-05T19:17:55.702-06:00 DEBUG 216068 --- [    Test worker] o.s.orm.jpa.JpaTransactionManager        : Found thread-bound EntityManager [SessionImpl(1216215298<open>)] for JPA transaction
2026-03-05T19:17:55.702-06:00 DEBUG 216068 --- [    Test worker] o.s.orm.jpa.JpaTransactionManager        : Participating in existing transaction
2026-03-05T19:17:55.702-06:00 DEBUG 216068 --- [    Test worker] org.hibernate.SQL                        : 
    select
        pm1_0.sku_interno,
        pm1_0.activo,
        pm1_0.categoria_id,
        pm1_0.clave_sat,
        pm1_0.descripcion,
        pm1_0.fecha_actualizacion,
        pm1_0.fecha_creacion,
        pm1_0.nombre_comercial,
        pm1_0.proveedor_id,
        pm1_0.sensibilidad_precio,
        pm1_0.sku_proveedor,
        pm1_0.stock_minimo_global,
        pm1_0.usuario_actualizacion,
        pm1_0.usuario_creacion 
    from
        producto_maestro pm1_0 
    where
        pm1_0.sku_interno=?
2026-03-05T19:17:55.703-06:00 DEBUG 216068 --- [    Test worker] o.s.orm.jpa.JpaTransactionManager        : Found thread-bound EntityManager [SessionImpl(1216215298<open>)] for JPA transaction
2026-03-05T19:17:55.703-06:00 DEBUG 216068 --- [    Test worker] o.s.orm.jpa.JpaTransactionManager        : Participating in existing transaction
2026-03-05T19:17:55.703-06:00 DEBUG 216068 --- [    Test worker] org.hibernate.SQL                        : 
    select
        is1_0.sku_interno,
        is1_0.sucursal_id,
        is1_0.costo_promedio_ponderado,
        is1_0.fecha_actualizacion,
        is1_0.fecha_creacion,
        is1_0.stock_actual,
        is1_0.stock_minimo_sucursal,
        is1_0.ubicacion_pasillo,
        is1_0.usuario_actualizacion,
        is1_0.usuario_creacion 
    from
        inventario_sucursal is1_0 
    where
        (
            is1_0.sku_interno, is1_0.sucursal_id
        ) in ((?, ?))
2026-03-05T19:17:55.705-06:00 DEBUG 216068 --- [    Test worker] o.s.orm.jpa.JpaTransactionManager        : Found thread-bound EntityManager [SessionImpl(1216215298<open>)] for JPA transaction
2026-03-05T19:17:55.705-06:00 DEBUG 216068 --- [    Test worker] o.s.orm.jpa.JpaTransactionManager        : Participating in existing transaction
2026-03-05T19:17:55.705-06:00 DEBUG 216068 --- [    Test worker] org.hibernate.SQL                        : 
    select
        pm1_0.sku_interno,
        pm1_0.activo,
        pm1_0.categoria_id,
        pm1_0.clave_sat,
        pm1_0.descripcion,
        pm1_0.fecha_actualizacion,
        pm1_0.fecha_creacion,
        pm1_0.nombre_comercial,
        pm1_0.proveedor_id,
        pm1_0.sensibilidad_precio,
        pm1_0.sku_proveedor,
        pm1_0.stock_minimo_global,
        pm1_0.usuario_actualizacion,
        pm1_0.usuario_creacion 
    from
        producto_maestro pm1_0 
    where
        pm1_0.sku_interno=?
2026-03-05T19:17:55.706-06:00 DEBUG 216068 --- [    Test worker] o.s.orm.jpa.JpaTransactionManager        : Found thread-bound EntityManager [SessionImpl(1216215298<open>)] for JPA transaction
2026-03-05T19:17:55.706-06:00 DEBUG 216068 --- [    Test worker] o.s.orm.jpa.JpaTransactionManager        : Participating in existing transaction
2026-03-05T19:17:55.706-06:00 DEBUG 216068 --- [    Test worker] org.hibernate.SQL                        : 
    select
        is1_0.sku_interno,
        is1_0.sucursal_id,
        is1_0.costo_promedio_ponderado,
        is1_0.fecha_actualizacion,
        is1_0.fecha_creacion,
        is1_0.stock_actual,
        is1_0.stock_minimo_sucursal,
        is1_0.ubicacion_pasillo,
        is1_0.usuario_actualizacion,
        is1_0.usuario_creacion 
    from
        inventario_sucursal is1_0 
    where
        (
            is1_0.sku_interno, is1_0.sucursal_id
        ) in ((?, ?))
2026-03-05T19:17:55.710-06:00 DEBUG 216068 --- [    Test worker] org.hibernate.SQL                        : 
    select
        u1_0.id,
        u1_0.empleado_id,
        u1_0.fecha_actualizacion,
        u1_0.fecha_creacion,
        u1_0.password,
        u1_0.role,
        u1_0.username,
        u1_0.usuario_actualizacion,
        u1_0.usuario_creacion 
    from
        usuarios u1_0 
    where
        u1_0.username=?
2026-03-05T19:17:55.710-06:00 DEBUG 216068 --- [    Test worker] o.h.stat.internal.StatisticsImpl         : HHH000117: HQL: [CRITERIA] select u1_0.id,u1_0.empleado_id,u1_0.fecha_actualizacion,u1_0.fecha_creacion,u1_0.password,u1_0.role,u1_0.username,u1_0.usuario_actualizacion,u1_0.usuario_creacion from usuarios u1_0 where u1_0.username=?, time: 0ms, rows: 1
2026-03-05T19:17:55.712-06:00  INFO 216068 --- [    Test worker] c.n.almacen.common.config.LogFilter      : >> Iniciando petición: POST /api/v1/ventas
2026-03-05T19:17:55.714-06:00  WARN 216068 --- [    Test worker] c.n.a.c.e.GlobalExceptionHandler         : Fallo en validación de datos: [items: La venta debe tener al menos un artículo]
2026-03-05T19:17:55.714-06:00  INFO 216068 --- [    Test worker] c.n.almacen.common.config.LogFilter      : << Petición finalizada en 2 ms
2026-03-05T19:17:55.716-06:00 DEBUG 216068 --- [    Test worker] o.s.orm.jpa.JpaTransactionManager        : Initiating transaction rollback
2026-03-05T19:17:55.716-06:00 DEBUG 216068 --- [    Test worker] o.s.orm.jpa.JpaTransactionManager        : Rolling back JPA transaction on EntityManager [SessionImpl(1216215298<open>)]
2026-03-05T19:17:55.716-06:00 DEBUG 216068 --- [    Test worker] o.s.orm.jpa.JpaTransactionManager        : Closing JPA EntityManager [SessionImpl(1216215298<open>)] after transaction
]]></system-out>
  <system-err><![CDATA[]]></system-err>
</testsuite>
