<?xml version="1.0" encoding="UTF-8"?>
<testsuite name="com.nexoohub.almacen.inventario.controller.TraspasoControllerIntegrationTest" tests="5" skipped="0" failures="0" errors="0" timestamp="2026-03-06T01:17:55" hostname="GS1727958D01LP" time="0.128">
  <properties/>
  <testcase name="sinAutenticacion_RetornaForbidden()" classname="com.nexoohub.almacen.inventario.controller.TraspasoControllerIntegrationTest" time="0.014"/>
  <testcase name="realizarTraspaso_OrigenNulo()" classname="com.nexoohub.almacen.inventario.controller.TraspasoControllerIntegrationTest" time="0.052"/>
  <testcase name="realizarTraspaso_ItemsVacio()" classname="com.nexoohub.almacen.inventario.controller.TraspasoControllerIntegrationTest" time="0.018"/>
  <testcase name="realizarTraspaso_Exitoso()" classname="com.nexoohub.almacen.inventario.controller.TraspasoControllerIntegrationTest" time="0.027"/>
  <testcase name="realizarTraspaso_DestinoNulo()" classname="com.nexoohub.almacen.inventario.controller.TraspasoControllerIntegrationTest" time="0.015"/>
  <system-out><![CDATA[2026-03-05T19:17:55.126-06:00 DEBUG 216068 --- [    Test worker] o.s.orm.jpa.JpaTransactionManager        : Creating new transaction with name [com.nexoohub.almacen.inventario.controller.TraspasoControllerIntegrationTest.sinAutenticacion_RetornaForbidden]: PROPAGATION_REQUIRED,ISOLATION_DEFAULT
2026-03-05T19:17:55.126-06:00 DEBUG 216068 --- [    Test worker] o.s.orm.jpa.JpaTransactionManager        : Opened new EntityManager [SessionImpl(2101770676<open>)] for JPA transaction
2026-03-05T19:17:55.126-06:00 DEBUG 216068 --- [    Test worker] o.s.orm.jpa.JpaTransactionManager        : Exposing JPA transaction as JDBC [org.springframework.orm.jpa.vendor.HibernateJpaDialect$HibernateConnectionHandle@7b07c26d]
2026-03-05T19:17:55.127-06:00 DEBUG 216068 --- [    Test worker] o.s.orm.jpa.JpaTransactionManager        : Found thread-bound EntityManager [SessionImpl(2101770676<open>)] for JPA transaction
2026-03-05T19:17:55.127-06:00 DEBUG 216068 --- [    Test worker] o.s.orm.jpa.JpaTransactionManager        : Participating in existing transaction
2026-03-05T19:17:55.128-06:00 DEBUG 216068 --- [    Test worker] org.hibernate.SQL                        : 
    select
        is1_0.sku_interno,
        is1_0.sucursal_id,
        is1_0.costo_promedio_ponderado,
        is1_0.fecha_actualizacion,
        is1_0.fecha_creacion,
        is1_0.stock_actual,
        is1_0.stock_minimo_sucursal,
        is1_0.ubicacion_pasillo,
        is1_0.usuario_actualizacion,
        is1_0.usuario_creacion 
    from
        inventario_sucursal is1_0
2026-03-05T19:17:55.128-06:00 DEBUG 216068 --- [    Test worker] o.h.stat.internal.StatisticsImpl         : HHH000117: HQL: [CRITERIA] select is1_0.sku_interno,is1_0.sucursal_id,is1_0.costo_promedio_ponderado,is1_0.fecha_actualizacion,is1_0.fecha_creacion,is1_0.stock_actual,is1_0.stock_minimo_sucursal,is1_0.ubicacion_pasillo,is1_0.usuario_actualizacion,is1_0.usuario_creacion from inventario_sucursal is1_0, time: 0ms, rows: 0
2026-03-05T19:17:55.128-06:00 DEBUG 216068 --- [    Test worker] o.s.orm.jpa.JpaTransactionManager        : Found thread-bound EntityManager [SessionImpl(2101770676<open>)] for JPA transaction
2026-03-05T19:17:55.128-06:00 DEBUG 216068 --- [    Test worker] o.s.orm.jpa.JpaTransactionManager        : Participating in existing transaction
2026-03-05T19:17:55.129-06:00 DEBUG 216068 --- [    Test worker] org.hibernate.SQL                        : 
    select
        pm1_0.sku_interno,
        pm1_0.activo,
        pm1_0.categoria_id,
        pm1_0.clave_sat,
        pm1_0.descripcion,
        pm1_0.fecha_actualizacion,
        pm1_0.fecha_creacion,
        pm1_0.nombre_comercial,
        pm1_0.proveedor_id,
        pm1_0.sensibilidad_precio,
        pm1_0.sku_proveedor,
        pm1_0.stock_minimo_global,
        pm1_0.usuario_actualizacion,
        pm1_0.usuario_creacion 
    from
        producto_maestro pm1_0
2026-03-05T19:17:55.129-06:00 DEBUG 216068 --- [    Test worker] o.h.stat.internal.StatisticsImpl         : HHH000117: HQL: [CRITERIA] select pm1_0.sku_interno,pm1_0.activo,pm1_0.categoria_id,pm1_0.clave_sat,pm1_0.descripcion,pm1_0.fecha_actualizacion,pm1_0.fecha_creacion,pm1_0.nombre_comercial,pm1_0.proveedor_id,pm1_0.sensibilidad_precio,pm1_0.sku_proveedor,pm1_0.stock_minimo_global,pm1_0.usuario_actualizacion,pm1_0.usuario_creacion from producto_maestro pm1_0, time: 0ms, rows: 0
2026-03-05T19:17:55.129-06:00 DEBUG 216068 --- [    Test worker] o.s.orm.jpa.JpaTransactionManager        : Found thread-bound EntityManager [SessionImpl(2101770676<open>)] for JPA transaction
2026-03-05T19:17:55.129-06:00 DEBUG 216068 --- [    Test worker] o.s.orm.jpa.JpaTransactionManager        : Participating in existing transaction
2026-03-05T19:17:55.130-06:00 DEBUG 216068 --- [    Test worker] org.hibernate.SQL                        : 
    select
        s1_0.id,
        s1_0.activo,
        s1_0.direccion,
        s1_0.fecha_actualizacion,
        s1_0.fecha_creacion,
        s1_0.nombre,
        s1_0.usuario_actualizacion,
        s1_0.usuario_creacion 
    from
        sucursal s1_0
2026-03-05T19:17:55.130-06:00 DEBUG 216068 --- [    Test worker] o.h.stat.internal.StatisticsImpl         : HHH000117: HQL: [CRITERIA] select s1_0.id,s1_0.activo,s1_0.direccion,s1_0.fecha_actualizacion,s1_0.fecha_creacion,s1_0.nombre,s1_0.usuario_actualizacion,s1_0.usuario_creacion from sucursal s1_0, time: 0ms, rows: 0
2026-03-05T19:17:55.130-06:00 DEBUG 216068 --- [    Test worker] o.s.orm.jpa.JpaTransactionManager        : Found thread-bound EntityManager [SessionImpl(2101770676<open>)] for JPA transaction
2026-03-05T19:17:55.130-06:00 DEBUG 216068 --- [    Test worker] o.s.orm.jpa.JpaTransactionManager        : Participating in existing transaction
2026-03-05T19:17:55.131-06:00 DEBUG 216068 --- [    Test worker] org.hibernate.SQL                        : 
    select
        u1_0.id,
        u1_0.empleado_id,
        u1_0.fecha_actualizacion,
        u1_0.fecha_creacion,
        u1_0.password,
        u1_0.role,
        u1_0.username,
        u1_0.usuario_actualizacion,
        u1_0.usuario_creacion 
    from
        usuarios u1_0
2026-03-05T19:17:55.131-06:00 DEBUG 216068 --- [    Test worker] o.h.stat.internal.StatisticsImpl         : HHH000117: HQL: [CRITERIA] select u1_0.id,u1_0.empleado_id,u1_0.fecha_actualizacion,u1_0.fecha_creacion,u1_0.password,u1_0.role,u1_0.username,u1_0.usuario_actualizacion,u1_0.usuario_creacion from usuarios u1_0, time: 0ms, rows: 0
2026-03-05T19:17:55.131-06:00 DEBUG 216068 --- [    Test worker] o.s.orm.jpa.JpaTransactionManager        : Found thread-bound EntityManager [SessionImpl(2101770676<open>)] for JPA transaction
2026-03-05T19:17:55.131-06:00 DEBUG 216068 --- [    Test worker] o.s.orm.jpa.JpaTransactionManager        : Participating in existing transaction
2026-03-05T19:17:55.132-06:00 DEBUG 216068 --- [    Test worker] org.hibernate.SQL                        : 
    insert 
    into
        usuarios
        (empleado_id, fecha_actualizacion, fecha_creacion, password, role, username, usuario_actualizacion, usuario_creacion, id) 
    values
        (?, ?, ?, ?, ?, ?, ?, ?, default)
2026-03-05T19:17:55.132-06:00 DEBUG 216068 --- [    Test worker] o.s.orm.jpa.JpaTransactionManager        : Found thread-bound EntityManager [SessionImpl(2101770676<open>)] for JPA transaction
2026-03-05T19:17:55.133-06:00 DEBUG 216068 --- [    Test worker] o.s.orm.jpa.JpaTransactionManager        : Participating in existing transaction
2026-03-05T19:17:55.133-06:00 DEBUG 216068 --- [    Test worker] org.hibernate.SQL                        : 
    insert 
    into
        sucursal
        (activo, direccion, fecha_actualizacion, fecha_creacion, nombre, usuario_actualizacion, usuario_creacion, id) 
    values
        (?, ?, ?, ?, ?, ?, ?, default)
2026-03-05T19:17:55.134-06:00 DEBUG 216068 --- [    Test worker] o.s.orm.jpa.JpaTransactionManager        : Found thread-bound EntityManager [SessionImpl(2101770676<open>)] for JPA transaction
2026-03-05T19:17:55.134-06:00 DEBUG 216068 --- [    Test worker] o.s.orm.jpa.JpaTransactionManager        : Participating in existing transaction
2026-03-05T19:17:55.134-06:00 DEBUG 216068 --- [    Test worker] org.hibernate.SQL                        : 
    insert 
    into
        sucursal
        (activo, direccion, fecha_actualizacion, fecha_creacion, nombre, usuario_actualizacion, usuario_creacion, id) 
    values
        (?, ?, ?, ?, ?, ?, ?, default)
2026-03-05T19:17:55.138-06:00 DEBUG 216068 --- [    Test worker] o.s.orm.jpa.JpaTransactionManager        : Initiating transaction rollback
2026-03-05T19:17:55.138-06:00 DEBUG 216068 --- [    Test worker] o.s.orm.jpa.JpaTransactionManager        : Rolling back JPA transaction on EntityManager [SessionImpl(2101770676<open>)]
2026-03-05T19:17:55.139-06:00 DEBUG 216068 --- [    Test worker] o.s.orm.jpa.JpaTransactionManager        : Closing JPA EntityManager [SessionImpl(2101770676<open>)] after transaction
2026-03-05T19:17:55.140-06:00 DEBUG 216068 --- [    Test worker] o.s.orm.jpa.JpaTransactionManager        : Creating new transaction with name [com.nexoohub.almacen.inventario.controller.TraspasoControllerIntegrationTest.realizarTraspaso_OrigenNulo]: PROPAGATION_REQUIRED,ISOLATION_DEFAULT
2026-03-05T19:17:55.140-06:00 DEBUG 216068 --- [    Test worker] o.s.orm.jpa.JpaTransactionManager        : Opened new EntityManager [SessionImpl(627014926<open>)] for JPA transaction
2026-03-05T19:17:55.140-06:00 DEBUG 216068 --- [    Test worker] o.s.orm.jpa.JpaTransactionManager        : Exposing JPA transaction as JDBC [org.springframework.orm.jpa.vendor.HibernateJpaDialect$HibernateConnectionHandle@3e1a9642]
2026-03-05T19:17:55.141-06:00 DEBUG 216068 --- [    Test worker] o.s.orm.jpa.JpaTransactionManager        : Found thread-bound EntityManager [SessionImpl(627014926<open>)] for JPA transaction
2026-03-05T19:17:55.141-06:00 DEBUG 216068 --- [    Test worker] o.s.orm.jpa.JpaTransactionManager        : Participating in existing transaction
2026-03-05T19:17:55.141-06:00 DEBUG 216068 --- [    Test worker] org.hibernate.SQL                        : 
    select
        is1_0.sku_interno,
        is1_0.sucursal_id,
        is1_0.costo_promedio_ponderado,
        is1_0.fecha_actualizacion,
        is1_0.fecha_creacion,
        is1_0.stock_actual,
        is1_0.stock_minimo_sucursal,
        is1_0.ubicacion_pasillo,
        is1_0.usuario_actualizacion,
        is1_0.usuario_creacion 
    from
        inventario_sucursal is1_0
2026-03-05T19:17:55.142-06:00 DEBUG 216068 --- [    Test worker] o.h.stat.internal.StatisticsImpl         : HHH000117: HQL: [CRITERIA] select is1_0.sku_interno,is1_0.sucursal_id,is1_0.costo_promedio_ponderado,is1_0.fecha_actualizacion,is1_0.fecha_creacion,is1_0.stock_actual,is1_0.stock_minimo_sucursal,is1_0.ubicacion_pasillo,is1_0.usuario_actualizacion,is1_0.usuario_creacion from inventario_sucursal is1_0, time: 0ms, rows: 0
2026-03-05T19:17:55.142-06:00 DEBUG 216068 --- [    Test worker] o.s.orm.jpa.JpaTransactionManager        : Found thread-bound EntityManager [SessionImpl(627014926<open>)] for JPA transaction
2026-03-05T19:17:55.142-06:00 DEBUG 216068 --- [    Test worker] o.s.orm.jpa.JpaTransactionManager        : Participating in existing transaction
2026-03-05T19:17:55.142-06:00 DEBUG 216068 --- [    Test worker] org.hibernate.SQL                        : 
    select
        pm1_0.sku_interno,
        pm1_0.activo,
        pm1_0.categoria_id,
        pm1_0.clave_sat,
        pm1_0.descripcion,
        pm1_0.fecha_actualizacion,
        pm1_0.fecha_creacion,
        pm1_0.nombre_comercial,
        pm1_0.proveedor_id,
        pm1_0.sensibilidad_precio,
        pm1_0.sku_proveedor,
        pm1_0.stock_minimo_global,
        pm1_0.usuario_actualizacion,
        pm1_0.usuario_creacion 
    from
        producto_maestro pm1_0
2026-03-05T19:17:55.143-06:00 DEBUG 216068 --- [    Test worker] o.h.stat.internal.StatisticsImpl         : HHH000117: HQL: [CRITERIA] select pm1_0.sku_interno,pm1_0.activo,pm1_0.categoria_id,pm1_0.clave_sat,pm1_0.descripcion,pm1_0.fecha_actualizacion,pm1_0.fecha_creacion,pm1_0.nombre_comercial,pm1_0.proveedor_id,pm1_0.sensibilidad_precio,pm1_0.sku_proveedor,pm1_0.stock_minimo_global,pm1_0.usuario_actualizacion,pm1_0.usuario_creacion from producto_maestro pm1_0, time: 0ms, rows: 0
2026-03-05T19:17:55.143-06:00 DEBUG 216068 --- [    Test worker] o.s.orm.jpa.JpaTransactionManager        : Found thread-bound EntityManager [SessionImpl(627014926<open>)] for JPA transaction
2026-03-05T19:17:55.143-06:00 DEBUG 216068 --- [    Test worker] o.s.orm.jpa.JpaTransactionManager        : Participating in existing transaction
2026-03-05T19:17:55.143-06:00 DEBUG 216068 --- [    Test worker] org.hibernate.SQL                        : 
    select
        s1_0.id,
        s1_0.activo,
        s1_0.direccion,
        s1_0.fecha_actualizacion,
        s1_0.fecha_creacion,
        s1_0.nombre,
        s1_0.usuario_actualizacion,
        s1_0.usuario_creacion 
    from
        sucursal s1_0
2026-03-05T19:17:55.143-06:00 DEBUG 216068 --- [    Test worker] o.h.stat.internal.StatisticsImpl         : HHH000117: HQL: [CRITERIA] select s1_0.id,s1_0.activo,s1_0.direccion,s1_0.fecha_actualizacion,s1_0.fecha_creacion,s1_0.nombre,s1_0.usuario_actualizacion,s1_0.usuario_creacion from sucursal s1_0, time: 0ms, rows: 0
2026-03-05T19:17:55.143-06:00 DEBUG 216068 --- [    Test worker] o.s.orm.jpa.JpaTransactionManager        : Found thread-bound EntityManager [SessionImpl(627014926<open>)] for JPA transaction
2026-03-05T19:17:55.143-06:00 DEBUG 216068 --- [    Test worker] o.s.orm.jpa.JpaTransactionManager        : Participating in existing transaction
2026-03-05T19:17:55.143-06:00 DEBUG 216068 --- [    Test worker] org.hibernate.SQL                        : 
    select
        u1_0.id,
        u1_0.empleado_id,
        u1_0.fecha_actualizacion,
        u1_0.fecha_creacion,
        u1_0.password,
        u1_0.role,
        u1_0.username,
        u1_0.usuario_actualizacion,
        u1_0.usuario_creacion 
    from
        usuarios u1_0
2026-03-05T19:17:55.144-06:00 DEBUG 216068 --- [    Test worker] o.h.stat.internal.StatisticsImpl         : HHH000117: HQL: [CRITERIA] select u1_0.id,u1_0.empleado_id,u1_0.fecha_actualizacion,u1_0.fecha_creacion,u1_0.password,u1_0.role,u1_0.username,u1_0.usuario_actualizacion,u1_0.usuario_creacion from usuarios u1_0, time: 0ms, rows: 0
2026-03-05T19:17:55.144-06:00 DEBUG 216068 --- [    Test worker] o.s.orm.jpa.JpaTransactionManager        : Found thread-bound EntityManager [SessionImpl(627014926<open>)] for JPA transaction
2026-03-05T19:17:55.144-06:00 DEBUG 216068 --- [    Test worker] o.s.orm.jpa.JpaTransactionManager        : Participating in existing transaction
2026-03-05T19:17:55.144-06:00 DEBUG 216068 --- [    Test worker] org.hibernate.SQL                        : 
    insert 
    into
        usuarios
        (empleado_id, fecha_actualizacion, fecha_creacion, password, role, username, usuario_actualizacion, usuario_creacion, id) 
    values
        (?, ?, ?, ?, ?, ?, ?, ?, default)
2026-03-05T19:17:55.145-06:00 DEBUG 216068 --- [    Test worker] o.s.orm.jpa.JpaTransactionManager        : Found thread-bound EntityManager [SessionImpl(627014926<open>)] for JPA transaction
2026-03-05T19:17:55.145-06:00 DEBUG 216068 --- [    Test worker] o.s.orm.jpa.JpaTransactionManager        : Participating in existing transaction
2026-03-05T19:17:55.146-06:00 DEBUG 216068 --- [    Test worker] org.hibernate.SQL                        : 
    insert 
    into
        sucursal
        (activo, direccion, fecha_actualizacion, fecha_creacion, nombre, usuario_actualizacion, usuario_creacion, id) 
    values
        (?, ?, ?, ?, ?, ?, ?, default)
2026-03-05T19:17:55.146-06:00 DEBUG 216068 --- [    Test worker] o.s.orm.jpa.JpaTransactionManager        : Found thread-bound EntityManager [SessionImpl(627014926<open>)] for JPA transaction
2026-03-05T19:17:55.146-06:00 DEBUG 216068 --- [    Test worker] o.s.orm.jpa.JpaTransactionManager        : Participating in existing transaction
2026-03-05T19:17:55.146-06:00 DEBUG 216068 --- [    Test worker] org.hibernate.SQL                        : 
    insert 
    into
        sucursal
        (activo, direccion, fecha_actualizacion, fecha_creacion, nombre, usuario_actualizacion, usuario_creacion, id) 
    values
        (?, ?, ?, ?, ?, ?, ?, default)
2026-03-05T19:17:55.150-06:00 DEBUG 216068 --- [    Test worker] org.hibernate.SQL                        : 
    select
        u1_0.id,
        u1_0.empleado_id,
        u1_0.fecha_actualizacion,
        u1_0.fecha_creacion,
        u1_0.password,
        u1_0.role,
        u1_0.username,
        u1_0.usuario_actualizacion,
        u1_0.usuario_creacion 
    from
        usuarios u1_0 
    where
        u1_0.username=?
2026-03-05T19:17:55.151-06:00 DEBUG 216068 --- [    Test worker] o.h.stat.internal.StatisticsImpl         : HHH000117: HQL: [CRITERIA] select u1_0.id,u1_0.empleado_id,u1_0.fecha_actualizacion,u1_0.fecha_creacion,u1_0.password,u1_0.role,u1_0.username,u1_0.usuario_actualizacion,u1_0.usuario_creacion from usuarios u1_0 where u1_0.username=?, time: 0ms, rows: 1
2026-03-05T19:17:55.152-06:00  INFO 216068 --- [    Test worker] c.n.almacen.common.config.LogFilter      : >> Iniciando petición: POST /api/v1/inventario/traspasos
2026-03-05T19:17:55.189-06:00  WARN 216068 --- [    Test worker] c.n.a.c.e.GlobalExceptionHandler         : Fallo en validación de datos: [sucursalOrigenId: La sucursal de origen es obligatoria]
2026-03-05T19:17:55.190-06:00  INFO 216068 --- [    Test worker] c.n.almacen.common.config.LogFilter      : << Petición finalizada en 38 ms
2026-03-05T19:17:55.191-06:00 DEBUG 216068 --- [    Test worker] o.s.orm.jpa.JpaTransactionManager        : Initiating transaction rollback
2026-03-05T19:17:55.191-06:00 DEBUG 216068 --- [    Test worker] o.s.orm.jpa.JpaTransactionManager        : Rolling back JPA transaction on EntityManager [SessionImpl(627014926<open>)]
2026-03-05T19:17:55.192-06:00 DEBUG 216068 --- [    Test worker] o.s.orm.jpa.JpaTransactionManager        : Closing JPA EntityManager [SessionImpl(627014926<open>)] after transaction
2026-03-05T19:17:55.193-06:00 DEBUG 216068 --- [    Test worker] o.s.orm.jpa.JpaTransactionManager        : Creating new transaction with name [com.nexoohub.almacen.inventario.controller.TraspasoControllerIntegrationTest.realizarTraspaso_ItemsVacio]: PROPAGATION_REQUIRED,ISOLATION_DEFAULT
2026-03-05T19:17:55.193-06:00 DEBUG 216068 --- [    Test worker] o.s.orm.jpa.JpaTransactionManager        : Opened new EntityManager [SessionImpl(1811610329<open>)] for JPA transaction
2026-03-05T19:17:55.193-06:00 DEBUG 216068 --- [    Test worker] o.s.orm.jpa.JpaTransactionManager        : Exposing JPA transaction as JDBC [org.springframework.orm.jpa.vendor.HibernateJpaDialect$HibernateConnectionHandle@7cc9df64]
2026-03-05T19:17:55.194-06:00 DEBUG 216068 --- [    Test worker] o.s.orm.jpa.JpaTransactionManager        : Found thread-bound EntityManager [SessionImpl(1811610329<open>)] for JPA transaction
2026-03-05T19:17:55.194-06:00 DEBUG 216068 --- [    Test worker] o.s.orm.jpa.JpaTransactionManager        : Participating in existing transaction
2026-03-05T19:17:55.194-06:00 DEBUG 216068 --- [    Test worker] org.hibernate.SQL                        : 
    select
        is1_0.sku_interno,
        is1_0.sucursal_id,
        is1_0.costo_promedio_ponderado,
        is1_0.fecha_actualizacion,
        is1_0.fecha_creacion,
        is1_0.stock_actual,
        is1_0.stock_minimo_sucursal,
        is1_0.ubicacion_pasillo,
        is1_0.usuario_actualizacion,
        is1_0.usuario_creacion 
    from
        inventario_sucursal is1_0
2026-03-05T19:17:55.194-06:00 DEBUG 216068 --- [    Test worker] o.h.stat.internal.StatisticsImpl         : HHH000117: HQL: [CRITERIA] select is1_0.sku_interno,is1_0.sucursal_id,is1_0.costo_promedio_ponderado,is1_0.fecha_actualizacion,is1_0.fecha_creacion,is1_0.stock_actual,is1_0.stock_minimo_sucursal,is1_0.ubicacion_pasillo,is1_0.usuario_actualizacion,is1_0.usuario_creacion from inventario_sucursal is1_0, time: 0ms, rows: 0
2026-03-05T19:17:55.195-06:00 DEBUG 216068 --- [    Test worker] o.s.orm.jpa.JpaTransactionManager        : Found thread-bound EntityManager [SessionImpl(1811610329<open>)] for JPA transaction
2026-03-05T19:17:55.195-06:00 DEBUG 216068 --- [    Test worker] o.s.orm.jpa.JpaTransactionManager        : Participating in existing transaction
2026-03-05T19:17:55.195-06:00 DEBUG 216068 --- [    Test worker] org.hibernate.SQL                        : 
    select
        pm1_0.sku_interno,
        pm1_0.activo,
        pm1_0.categoria_id,
        pm1_0.clave_sat,
        pm1_0.descripcion,
        pm1_0.fecha_actualizacion,
        pm1_0.fecha_creacion,
        pm1_0.nombre_comercial,
        pm1_0.proveedor_id,
        pm1_0.sensibilidad_precio,
        pm1_0.sku_proveedor,
        pm1_0.stock_minimo_global,
        pm1_0.usuario_actualizacion,
        pm1_0.usuario_creacion 
    from
        producto_maestro pm1_0
2026-03-05T19:17:55.196-06:00 DEBUG 216068 --- [    Test worker] o.h.stat.internal.StatisticsImpl         : HHH000117: HQL: [CRITERIA] select pm1_0.sku_interno,pm1_0.activo,pm1_0.categoria_id,pm1_0.clave_sat,pm1_0.descripcion,pm1_0.fecha_actualizacion,pm1_0.fecha_creacion,pm1_0.nombre_comercial,pm1_0.proveedor_id,pm1_0.sensibilidad_precio,pm1_0.sku_proveedor,pm1_0.stock_minimo_global,pm1_0.usuario_actualizacion,pm1_0.usuario_creacion from producto_maestro pm1_0, time: 0ms, rows: 0
2026-03-05T19:17:55.196-06:00 DEBUG 216068 --- [    Test worker] o.s.orm.jpa.JpaTransactionManager        : Found thread-bound EntityManager [SessionImpl(1811610329<open>)] for JPA transaction
2026-03-05T19:17:55.196-06:00 DEBUG 216068 --- [    Test worker] o.s.orm.jpa.JpaTransactionManager        : Participating in existing transaction
2026-03-05T19:17:55.196-06:00 DEBUG 216068 --- [    Test worker] org.hibernate.SQL                        : 
    select
        s1_0.id,
        s1_0.activo,
        s1_0.direccion,
        s1_0.fecha_actualizacion,
        s1_0.fecha_creacion,
        s1_0.nombre,
        s1_0.usuario_actualizacion,
        s1_0.usuario_creacion 
    from
        sucursal s1_0
2026-03-05T19:17:55.197-06:00 DEBUG 216068 --- [    Test worker] o.h.stat.internal.StatisticsImpl         : HHH000117: HQL: [CRITERIA] select s1_0.id,s1_0.activo,s1_0.direccion,s1_0.fecha_actualizacion,s1_0.fecha_creacion,s1_0.nombre,s1_0.usuario_actualizacion,s1_0.usuario_creacion from sucursal s1_0, time: 0ms, rows: 0
2026-03-05T19:17:55.197-06:00 DEBUG 216068 --- [    Test worker] o.s.orm.jpa.JpaTransactionManager        : Found thread-bound EntityManager [SessionImpl(1811610329<open>)] for JPA transaction
2026-03-05T19:17:55.197-06:00 DEBUG 216068 --- [    Test worker] o.s.orm.jpa.JpaTransactionManager        : Participating in existing transaction
2026-03-05T19:17:55.197-06:00 DEBUG 216068 --- [    Test worker] org.hibernate.SQL                        : 
    select
        u1_0.id,
        u1_0.empleado_id,
        u1_0.fecha_actualizacion,
        u1_0.fecha_creacion,
        u1_0.password,
        u1_0.role,
        u1_0.username,
        u1_0.usuario_actualizacion,
        u1_0.usuario_creacion 
    from
        usuarios u1_0
2026-03-05T19:17:55.197-06:00 DEBUG 216068 --- [    Test worker] o.h.stat.internal.StatisticsImpl         : HHH000117: HQL: [CRITERIA] select u1_0.id,u1_0.empleado_id,u1_0.fecha_actualizacion,u1_0.fecha_creacion,u1_0.password,u1_0.role,u1_0.username,u1_0.usuario_actualizacion,u1_0.usuario_creacion from usuarios u1_0, time: 0ms, rows: 0
2026-03-05T19:17:55.197-06:00 DEBUG 216068 --- [    Test worker] o.s.orm.jpa.JpaTransactionManager        : Found thread-bound EntityManager [SessionImpl(1811610329<open>)] for JPA transaction
2026-03-05T19:17:55.197-06:00 DEBUG 216068 --- [    Test worker] o.s.orm.jpa.JpaTransactionManager        : Participating in existing transaction
2026-03-05T19:17:55.198-06:00 DEBUG 216068 --- [    Test worker] org.hibernate.SQL                        : 
    insert 
    into
        usuarios
        (empleado_id, fecha_actualizacion, fecha_creacion, password, role, username, usuario_actualizacion, usuario_creacion, id) 
    values
        (?, ?, ?, ?, ?, ?, ?, ?, default)
2026-03-05T19:17:55.199-06:00 DEBUG 216068 --- [    Test worker] o.s.orm.jpa.JpaTransactionManager        : Found thread-bound EntityManager [SessionImpl(1811610329<open>)] for JPA transaction
2026-03-05T19:17:55.199-06:00 DEBUG 216068 --- [    Test worker] o.s.orm.jpa.JpaTransactionManager        : Participating in existing transaction
2026-03-05T19:17:55.199-06:00 DEBUG 216068 --- [    Test worker] org.hibernate.SQL                        : 
    insert 
    into
        sucursal
        (activo, direccion, fecha_actualizacion, fecha_creacion, nombre, usuario_actualizacion, usuario_creacion, id) 
    values
        (?, ?, ?, ?, ?, ?, ?, default)
2026-03-05T19:17:55.199-06:00 DEBUG 216068 --- [    Test worker] o.s.orm.jpa.JpaTransactionManager        : Found thread-bound EntityManager [SessionImpl(1811610329<open>)] for JPA transaction
2026-03-05T19:17:55.199-06:00 DEBUG 216068 --- [    Test worker] o.s.orm.jpa.JpaTransactionManager        : Participating in existing transaction
2026-03-05T19:17:55.200-06:00 DEBUG 216068 --- [    Test worker] org.hibernate.SQL                        : 
    insert 
    into
        sucursal
        (activo, direccion, fecha_actualizacion, fecha_creacion, nombre, usuario_actualizacion, usuario_creacion, id) 
    values
        (?, ?, ?, ?, ?, ?, ?, default)
2026-03-05T19:17:55.203-06:00 DEBUG 216068 --- [    Test worker] org.hibernate.SQL                        : 
    select
        u1_0.id,
        u1_0.empleado_id,
        u1_0.fecha_actualizacion,
        u1_0.fecha_creacion,
        u1_0.password,
        u1_0.role,
        u1_0.username,
        u1_0.usuario_actualizacion,
        u1_0.usuario_creacion 
    from
        usuarios u1_0 
    where
        u1_0.username=?
2026-03-05T19:17:55.204-06:00 DEBUG 216068 --- [    Test worker] o.h.stat.internal.StatisticsImpl         : HHH000117: HQL: [CRITERIA] select u1_0.id,u1_0.empleado_id,u1_0.fecha_actualizacion,u1_0.fecha_creacion,u1_0.password,u1_0.role,u1_0.username,u1_0.usuario_actualizacion,u1_0.usuario_creacion from usuarios u1_0 where u1_0.username=?, time: 0ms, rows: 1
2026-03-05T19:17:55.206-06:00  INFO 216068 --- [    Test worker] c.n.almacen.common.config.LogFilter      : >> Iniciando petición: POST /api/v1/inventario/traspasos
2026-03-05T19:17:55.207-06:00  WARN 216068 --- [    Test worker] c.n.a.c.e.GlobalExceptionHandler         : Fallo en validación de datos: [items: Debes enviar al menos un producto para traspasar]
2026-03-05T19:17:55.208-06:00  INFO 216068 --- [    Test worker] c.n.almacen.common.config.LogFilter      : << Petición finalizada en 2 ms
2026-03-05T19:17:55.210-06:00 DEBUG 216068 --- [    Test worker] o.s.orm.jpa.JpaTransactionManager        : Initiating transaction rollback
2026-03-05T19:17:55.210-06:00 DEBUG 216068 --- [    Test worker] o.s.orm.jpa.JpaTransactionManager        : Rolling back JPA transaction on EntityManager [SessionImpl(1811610329<open>)]
2026-03-05T19:17:55.210-06:00 DEBUG 216068 --- [    Test worker] o.s.orm.jpa.JpaTransactionManager        : Closing JPA EntityManager [SessionImpl(1811610329<open>)] after transaction
2026-03-05T19:17:55.211-06:00 DEBUG 216068 --- [    Test worker] o.s.orm.jpa.JpaTransactionManager        : Creating new transaction with name [com.nexoohub.almacen.inventario.controller.TraspasoControllerIntegrationTest.realizarTraspaso_Exitoso]: PROPAGATION_REQUIRED,ISOLATION_DEFAULT
2026-03-05T19:17:55.211-06:00 DEBUG 216068 --- [    Test worker] o.s.orm.jpa.JpaTransactionManager        : Opened new EntityManager [SessionImpl(474567538<open>)] for JPA transaction
2026-03-05T19:17:55.211-06:00 DEBUG 216068 --- [    Test worker] o.s.orm.jpa.JpaTransactionManager        : Exposing JPA transaction as JDBC [org.springframework.orm.jpa.vendor.HibernateJpaDialect$HibernateConnectionHandle@1b832527]
2026-03-05T19:17:55.212-06:00 DEBUG 216068 --- [    Test worker] o.s.orm.jpa.JpaTransactionManager        : Found thread-bound EntityManager [SessionImpl(474567538<open>)] for JPA transaction
2026-03-05T19:17:55.212-06:00 DEBUG 216068 --- [    Test worker] o.s.orm.jpa.JpaTransactionManager        : Participating in existing transaction
2026-03-05T19:17:55.213-06:00 DEBUG 216068 --- [    Test worker] org.hibernate.SQL                        : 
    select
        is1_0.sku_interno,
        is1_0.sucursal_id,
        is1_0.costo_promedio_ponderado,
        is1_0.fecha_actualizacion,
        is1_0.fecha_creacion,
        is1_0.stock_actual,
        is1_0.stock_minimo_sucursal,
        is1_0.ubicacion_pasillo,
        is1_0.usuario_actualizacion,
        is1_0.usuario_creacion 
    from
        inventario_sucursal is1_0
2026-03-05T19:17:55.213-06:00 DEBUG 216068 --- [    Test worker] o.h.stat.internal.StatisticsImpl         : HHH000117: HQL: [CRITERIA] select is1_0.sku_interno,is1_0.sucursal_id,is1_0.costo_promedio_ponderado,is1_0.fecha_actualizacion,is1_0.fecha_creacion,is1_0.stock_actual,is1_0.stock_minimo_sucursal,is1_0.ubicacion_pasillo,is1_0.usuario_actualizacion,is1_0.usuario_creacion from inventario_sucursal is1_0, time: 0ms, rows: 0
2026-03-05T19:17:55.213-06:00 DEBUG 216068 --- [    Test worker] o.s.orm.jpa.JpaTransactionManager        : Found thread-bound EntityManager [SessionImpl(474567538<open>)] for JPA transaction
2026-03-05T19:17:55.213-06:00 DEBUG 216068 --- [    Test worker] o.s.orm.jpa.JpaTransactionManager        : Participating in existing transaction
2026-03-05T19:17:55.214-06:00 DEBUG 216068 --- [    Test worker] org.hibernate.SQL                        : 
    select
        pm1_0.sku_interno,
        pm1_0.activo,
        pm1_0.categoria_id,
        pm1_0.clave_sat,
        pm1_0.descripcion,
        pm1_0.fecha_actualizacion,
        pm1_0.fecha_creacion,
        pm1_0.nombre_comercial,
        pm1_0.proveedor_id,
        pm1_0.sensibilidad_precio,
        pm1_0.sku_proveedor,
        pm1_0.stock_minimo_global,
        pm1_0.usuario_actualizacion,
        pm1_0.usuario_creacion 
    from
        producto_maestro pm1_0
2026-03-05T19:17:55.214-06:00 DEBUG 216068 --- [    Test worker] o.h.stat.internal.StatisticsImpl         : HHH000117: HQL: [CRITERIA] select pm1_0.sku_interno,pm1_0.activo,pm1_0.categoria_id,pm1_0.clave_sat,pm1_0.descripcion,pm1_0.fecha_actualizacion,pm1_0.fecha_creacion,pm1_0.nombre_comercial,pm1_0.proveedor_id,pm1_0.sensibilidad_precio,pm1_0.sku_proveedor,pm1_0.stock_minimo_global,pm1_0.usuario_actualizacion,pm1_0.usuario_creacion from producto_maestro pm1_0, time: 0ms, rows: 0
2026-03-05T19:17:55.214-06:00 DEBUG 216068 --- [    Test worker] o.s.orm.jpa.JpaTransactionManager        : Found thread-bound EntityManager [SessionImpl(474567538<open>)] for JPA transaction
2026-03-05T19:17:55.214-06:00 DEBUG 216068 --- [    Test worker] o.s.orm.jpa.JpaTransactionManager        : Participating in existing transaction
2026-03-05T19:17:55.214-06:00 DEBUG 216068 --- [    Test worker] org.hibernate.SQL                        : 
    select
        s1_0.id,
        s1_0.activo,
        s1_0.direccion,
        s1_0.fecha_actualizacion,
        s1_0.fecha_creacion,
        s1_0.nombre,
        s1_0.usuario_actualizacion,
        s1_0.usuario_creacion 
    from
        sucursal s1_0
2026-03-05T19:17:55.215-06:00 DEBUG 216068 --- [    Test worker] o.h.stat.internal.StatisticsImpl         : HHH000117: HQL: [CRITERIA] select s1_0.id,s1_0.activo,s1_0.direccion,s1_0.fecha_actualizacion,s1_0.fecha_creacion,s1_0.nombre,s1_0.usuario_actualizacion,s1_0.usuario_creacion from sucursal s1_0, time: 0ms, rows: 0
2026-03-05T19:17:55.215-06:00 DEBUG 216068 --- [    Test worker] o.s.orm.jpa.JpaTransactionManager        : Found thread-bound EntityManager [SessionImpl(474567538<open>)] for JPA transaction
2026-03-05T19:17:55.215-06:00 DEBUG 216068 --- [    Test worker] o.s.orm.jpa.JpaTransactionManager        : Participating in existing transaction
2026-03-05T19:17:55.215-06:00 DEBUG 216068 --- [    Test worker] org.hibernate.SQL                        : 
    select
        u1_0.id,
        u1_0.empleado_id,
        u1_0.fecha_actualizacion,
        u1_0.fecha_creacion,
        u1_0.password,
        u1_0.role,
        u1_0.username,
        u1_0.usuario_actualizacion,
        u1_0.usuario_creacion 
    from
        usuarios u1_0
2026-03-05T19:17:55.215-06:00 DEBUG 216068 --- [    Test worker] o.h.stat.internal.StatisticsImpl         : HHH000117: HQL: [CRITERIA] select u1_0.id,u1_0.empleado_id,u1_0.fecha_actualizacion,u1_0.fecha_creacion,u1_0.password,u1_0.role,u1_0.username,u1_0.usuario_actualizacion,u1_0.usuario_creacion from usuarios u1_0, time: 0ms, rows: 0
2026-03-05T19:17:55.215-06:00 DEBUG 216068 --- [    Test worker] o.s.orm.jpa.JpaTransactionManager        : Found thread-bound EntityManager [SessionImpl(474567538<open>)] for JPA transaction
2026-03-05T19:17:55.215-06:00 DEBUG 216068 --- [    Test worker] o.s.orm.jpa.JpaTransactionManager        : Participating in existing transaction
2026-03-05T19:17:55.216-06:00 DEBUG 216068 --- [    Test worker] org.hibernate.SQL                        : 
    insert 
    into
        usuarios
        (empleado_id, fecha_actualizacion, fecha_creacion, password, role, username, usuario_actualizacion, usuario_creacion, id) 
    values
        (?, ?, ?, ?, ?, ?, ?, ?, default)
2026-03-05T19:17:55.216-06:00 DEBUG 216068 --- [    Test worker] o.s.orm.jpa.JpaTransactionManager        : Found thread-bound EntityManager [SessionImpl(474567538<open>)] for JPA transaction
2026-03-05T19:17:55.216-06:00 DEBUG 216068 --- [    Test worker] o.s.orm.jpa.JpaTransactionManager        : Participating in existing transaction
2026-03-05T19:17:55.217-06:00 DEBUG 216068 --- [    Test worker] org.hibernate.SQL                        : 
    insert 
    into
        sucursal
        (activo, direccion, fecha_actualizacion, fecha_creacion, nombre, usuario_actualizacion, usuario_creacion, id) 
    values
        (?, ?, ?, ?, ?, ?, ?, default)
2026-03-05T19:17:55.218-06:00 DEBUG 216068 --- [    Test worker] o.s.orm.jpa.JpaTransactionManager        : Found thread-bound EntityManager [SessionImpl(474567538<open>)] for JPA transaction
2026-03-05T19:17:55.218-06:00 DEBUG 216068 --- [    Test worker] o.s.orm.jpa.JpaTransactionManager        : Participating in existing transaction
2026-03-05T19:17:55.218-06:00 DEBUG 216068 --- [    Test worker] org.hibernate.SQL                        : 
    insert 
    into
        sucursal
        (activo, direccion, fecha_actualizacion, fecha_creacion, nombre, usuario_actualizacion, usuario_creacion, id) 
    values
        (?, ?, ?, ?, ?, ?, ?, default)
2026-03-05T19:17:55.219-06:00 DEBUG 216068 --- [    Test worker] o.s.orm.jpa.JpaTransactionManager        : Found thread-bound EntityManager [SessionImpl(474567538<open>)] for JPA transaction
2026-03-05T19:17:55.219-06:00 DEBUG 216068 --- [    Test worker] o.s.orm.jpa.JpaTransactionManager        : Participating in existing transaction
2026-03-05T19:17:55.220-06:00 DEBUG 216068 --- [    Test worker] org.hibernate.SQL                        : 
    select
        pm1_0.sku_interno,
        pm1_0.activo,
        pm1_0.categoria_id,
        pm1_0.clave_sat,
        pm1_0.descripcion,
        pm1_0.fecha_actualizacion,
        pm1_0.fecha_creacion,
        pm1_0.nombre_comercial,
        pm1_0.proveedor_id,
        pm1_0.sensibilidad_precio,
        pm1_0.sku_proveedor,
        pm1_0.stock_minimo_global,
        pm1_0.usuario_actualizacion,
        pm1_0.usuario_creacion 
    from
        producto_maestro pm1_0 
    where
        pm1_0.sku_interno=?
2026-03-05T19:17:55.220-06:00 DEBUG 216068 --- [    Test worker] o.s.orm.jpa.JpaTransactionManager        : Found thread-bound EntityManager [SessionImpl(474567538<open>)] for JPA transaction
2026-03-05T19:17:55.220-06:00 DEBUG 216068 --- [    Test worker] o.s.orm.jpa.JpaTransactionManager        : Participating in existing transaction
2026-03-05T19:17:55.221-06:00 DEBUG 216068 --- [    Test worker] org.hibernate.SQL                        : 
    select
        is1_0.sku_interno,
        is1_0.sucursal_id,
        is1_0.costo_promedio_ponderado,
        is1_0.fecha_actualizacion,
        is1_0.fecha_creacion,
        is1_0.stock_actual,
        is1_0.stock_minimo_sucursal,
        is1_0.ubicacion_pasillo,
        is1_0.usuario_actualizacion,
        is1_0.usuario_creacion 
    from
        inventario_sucursal is1_0 
    where
        (
            is1_0.sku_interno, is1_0.sucursal_id
        ) in ((?, ?))
2026-03-05T19:17:55.222-06:00 DEBUG 216068 --- [    Test worker] o.s.orm.jpa.JpaTransactionManager        : Found thread-bound EntityManager [SessionImpl(474567538<open>)] for JPA transaction
2026-03-05T19:17:55.222-06:00 DEBUG 216068 --- [    Test worker] o.s.orm.jpa.JpaTransactionManager        : Participating in existing transaction
2026-03-05T19:17:55.222-06:00 DEBUG 216068 --- [    Test worker] org.hibernate.SQL                        : 
    select
        is1_0.sku_interno,
        is1_0.sucursal_id,
        is1_0.costo_promedio_ponderado,
        is1_0.fecha_actualizacion,
        is1_0.fecha_creacion,
        is1_0.stock_actual,
        is1_0.stock_minimo_sucursal,
        is1_0.ubicacion_pasillo,
        is1_0.usuario_actualizacion,
        is1_0.usuario_creacion 
    from
        inventario_sucursal is1_0 
    where
        (
            is1_0.sku_interno, is1_0.sucursal_id
        ) in ((?, ?))
2026-03-05T19:17:55.226-06:00 DEBUG 216068 --- [    Test worker] org.hibernate.SQL                        : 
    select
        u1_0.id,
        u1_0.empleado_id,
        u1_0.fecha_actualizacion,
        u1_0.fecha_creacion,
        u1_0.password,
        u1_0.role,
        u1_0.username,
        u1_0.usuario_actualizacion,
        u1_0.usuario_creacion 
    from
        usuarios u1_0 
    where
        u1_0.username=?
2026-03-05T19:17:55.227-06:00 DEBUG 216068 --- [    Test worker] o.h.stat.internal.StatisticsImpl         : HHH000117: HQL: [CRITERIA] select u1_0.id,u1_0.empleado_id,u1_0.fecha_actualizacion,u1_0.fecha_creacion,u1_0.password,u1_0.role,u1_0.username,u1_0.usuario_actualizacion,u1_0.usuario_creacion from usuarios u1_0 where u1_0.username=?, time: 0ms, rows: 1
2026-03-05T19:17:55.228-06:00  INFO 216068 --- [    Test worker] c.n.almacen.common.config.LogFilter      : >> Iniciando petición: POST /api/v1/inventario/traspasos
2026-03-05T19:17:55.229-06:00 DEBUG 216068 --- [    Test worker] o.s.orm.jpa.JpaTransactionManager        : Found thread-bound EntityManager [SessionImpl(474567538<open>)] for JPA transaction
2026-03-05T19:17:55.229-06:00 DEBUG 216068 --- [    Test worker] o.s.orm.jpa.JpaTransactionManager        : Participating in existing transaction
2026-03-05T19:17:55.230-06:00 DEBUG 216068 --- [    Test worker] org.hibernate.SQL                        : 
    select
        u1_0.id,
        u1_0.empleado_id,
        u1_0.fecha_actualizacion,
        u1_0.fecha_creacion,
        u1_0.password,
        u1_0.role,
        u1_0.username,
        u1_0.usuario_actualizacion,
        u1_0.usuario_creacion 
    from
        usuarios u1_0 
    where
        u1_0.username=?
2026-03-05T19:17:55.230-06:00 DEBUG 216068 --- [    Test worker] o.h.stat.internal.StatisticsImpl         : HHH000117: HQL: [CRITERIA] select u1_0.id,u1_0.empleado_id,u1_0.fecha_actualizacion,u1_0.fecha_creacion,u1_0.password,u1_0.role,u1_0.username,u1_0.usuario_actualizacion,u1_0.usuario_creacion from usuarios u1_0 where u1_0.username=?, time: 0ms, rows: 1
2026-03-05T19:17:55.230-06:00 DEBUG 216068 --- [    Test worker] o.s.orm.jpa.JpaTransactionManager        : Found thread-bound EntityManager [SessionImpl(474567538<open>)] for JPA transaction
2026-03-05T19:17:55.230-06:00 DEBUG 216068 --- [    Test worker] o.s.orm.jpa.JpaTransactionManager        : Participating in existing transaction
2026-03-05T19:17:55.231-06:00 DEBUG 216068 --- [    Test worker] o.s.orm.jpa.JpaTransactionManager        : Found thread-bound EntityManager [SessionImpl(474567538<open>)] for JPA transaction
2026-03-05T19:17:55.231-06:00 DEBUG 216068 --- [    Test worker] o.s.orm.jpa.JpaTransactionManager        : Participating in existing transaction
2026-03-05T19:17:55.231-06:00 DEBUG 216068 --- [    Test worker] o.s.orm.jpa.JpaTransactionManager        : Found thread-bound EntityManager [SessionImpl(474567538<open>)] for JPA transaction
2026-03-05T19:17:55.231-06:00 DEBUG 216068 --- [    Test worker] o.s.orm.jpa.JpaTransactionManager        : Participating in existing transaction
2026-03-05T19:17:55.231-06:00 DEBUG 216068 --- [    Test worker] o.s.orm.jpa.JpaTransactionManager        : Found thread-bound EntityManager [SessionImpl(474567538<open>)] for JPA transaction
2026-03-05T19:17:55.231-06:00 DEBUG 216068 --- [    Test worker] o.s.orm.jpa.JpaTransactionManager        : Participating in existing transaction
2026-03-05T19:17:55.231-06:00 DEBUG 216068 --- [    Test worker] o.s.orm.jpa.JpaTransactionManager        : Found thread-bound EntityManager [SessionImpl(474567538<open>)] for JPA transaction
2026-03-05T19:17:55.231-06:00 DEBUG 216068 --- [    Test worker] o.s.orm.jpa.JpaTransactionManager        : Participating in existing transaction
2026-03-05T19:17:55.232-06:00 DEBUG 216068 --- [    Test worker] org.hibernate.SQL                        : 
    insert 
    into
        producto_maestro
        (activo, categoria_id, clave_sat, descripcion, fecha_actualizacion, fecha_creacion, nombre_comercial, proveedor_id, sensibilidad_precio, sku_proveedor, stock_minimo_global, usuario_actualizacion, usuario_creacion, sku_interno) 
    values
        (?, ?, ?, ?, ?, ?, ?, ?, ?, ?, ?, ?, ?, ?)
2026-03-05T19:17:55.232-06:00 DEBUG 216068 --- [    Test worker] org.hibernate.SQL                        : 
    insert 
    into
        inventario_sucursal
        (costo_promedio_ponderado, fecha_actualizacion, fecha_creacion, stock_actual, stock_minimo_sucursal, ubicacion_pasillo, usuario_actualizacion, usuario_creacion, sku_interno, sucursal_id) 
    values
        (?, ?, ?, ?, ?, ?, ?, ?, ?, ?)
2026-03-05T19:17:55.233-06:00 DEBUG 216068 --- [    Test worker] org.hibernate.SQL                        : 
    insert 
    into
        inventario_sucursal
        (costo_promedio_ponderado, fecha_actualizacion, fecha_creacion, stock_actual, stock_minimo_sucursal, ubicacion_pasillo, usuario_actualizacion, usuario_creacion, sku_interno, sucursal_id) 
    values
        (?, ?, ?, ?, ?, ?, ?, ?, ?, ?)
2026-03-05T19:17:55.233-06:00 DEBUG 216068 --- [    Test worker] org.hibernate.SQL                        : 
    insert 
    into
        movimiento_inventario
        (cantidad, comentarios, fecha_movimiento, rastreo_id, sku_interno, sucursal_id, tipo_movimiento, usuario_id, id) 
    values
        (?, ?, ?, ?, ?, ?, ?, ?, default)
2026-03-05T19:17:55.234-06:00 DEBUG 216068 --- [    Test worker] o.s.orm.jpa.JpaTransactionManager        : Found thread-bound EntityManager [SessionImpl(474567538<open>)] for JPA transaction
2026-03-05T19:17:55.234-06:00 DEBUG 216068 --- [    Test worker] o.s.orm.jpa.JpaTransactionManager        : Participating in existing transaction
2026-03-05T19:17:55.234-06:00 DEBUG 216068 --- [    Test worker] org.hibernate.SQL                        : 
    insert 
    into
        movimiento_inventario
        (cantidad, comentarios, fecha_movimiento, rastreo_id, sku_interno, sucursal_id, tipo_movimiento, usuario_id, id) 
    values
        (?, ?, ?, ?, ?, ?, ?, ?, default)
2026-03-05T19:17:55.235-06:00  INFO 216068 --- [    Test worker] c.n.almacen.common.config.LogFilter      : << Petición finalizada en 7 ms
2026-03-05T19:17:55.236-06:00 DEBUG 216068 --- [    Test worker] o.s.orm.jpa.JpaTransactionManager        : Found thread-bound EntityManager [SessionImpl(474567538<open>)] for JPA transaction
2026-03-05T19:17:55.236-06:00 DEBUG 216068 --- [    Test worker] o.s.orm.jpa.JpaTransactionManager        : Participating in existing transaction
2026-03-05T19:17:55.236-06:00 DEBUG 216068 --- [    Test worker] o.s.orm.jpa.JpaTransactionManager        : Found thread-bound EntityManager [SessionImpl(474567538<open>)] for JPA transaction
2026-03-05T19:17:55.236-06:00 DEBUG 216068 --- [    Test worker] o.s.orm.jpa.JpaTransactionManager        : Participating in existing transaction
2026-03-05T19:17:55.237-06:00 DEBUG 216068 --- [    Test worker] o.s.orm.jpa.JpaTransactionManager        : Initiating transaction rollback
2026-03-05T19:17:55.237-06:00 DEBUG 216068 --- [    Test worker] o.s.orm.jpa.JpaTransactionManager        : Rolling back JPA transaction on EntityManager [SessionImpl(474567538<open>)]
2026-03-05T19:17:55.238-06:00 DEBUG 216068 --- [    Test worker] o.s.orm.jpa.JpaTransactionManager        : Closing JPA EntityManager [SessionImpl(474567538<open>)] after transaction
2026-03-05T19:17:55.239-06:00 DEBUG 216068 --- [    Test worker] o.s.orm.jpa.JpaTransactionManager        : Creating new transaction with name [com.nexoohub.almacen.inventario.controller.TraspasoControllerIntegrationTest.realizarTraspaso_DestinoNulo]: PROPAGATION_REQUIRED,ISOLATION_DEFAULT
2026-03-05T19:17:55.239-06:00 DEBUG 216068 --- [    Test worker] o.s.orm.jpa.JpaTransactionManager        : Opened new EntityManager [SessionImpl(1872915229<open>)] for JPA transaction
2026-03-05T19:17:55.239-06:00 DEBUG 216068 --- [    Test worker] o.s.orm.jpa.JpaTransactionManager        : Exposing JPA transaction as JDBC [org.springframework.orm.jpa.vendor.HibernateJpaDialect$HibernateConnectionHandle@7741d655]
2026-03-05T19:17:55.240-06:00 DEBUG 216068 --- [    Test worker] o.s.orm.jpa.JpaTransactionManager        : Found thread-bound EntityManager [SessionImpl(1872915229<open>)] for JPA transaction
2026-03-05T19:17:55.240-06:00 DEBUG 216068 --- [    Test worker] o.s.orm.jpa.JpaTransactionManager        : Participating in existing transaction
2026-03-05T19:17:55.240-06:00 DEBUG 216068 --- [    Test worker] org.hibernate.SQL                        : 
    select
        is1_0.sku_interno,
        is1_0.sucursal_id,
        is1_0.costo_promedio_ponderado,
        is1_0.fecha_actualizacion,
        is1_0.fecha_creacion,
        is1_0.stock_actual,
        is1_0.stock_minimo_sucursal,
        is1_0.ubicacion_pasillo,
        is1_0.usuario_actualizacion,
        is1_0.usuario_creacion 
    from
        inventario_sucursal is1_0
2026-03-05T19:17:55.241-06:00 DEBUG 216068 --- [    Test worker] o.h.stat.internal.StatisticsImpl         : HHH000117: HQL: [CRITERIA] select is1_0.sku_interno,is1_0.sucursal_id,is1_0.costo_promedio_ponderado,is1_0.fecha_actualizacion,is1_0.fecha_creacion,is1_0.stock_actual,is1_0.stock_minimo_sucursal,is1_0.ubicacion_pasillo,is1_0.usuario_actualizacion,is1_0.usuario_creacion from inventario_sucursal is1_0, time: 0ms, rows: 0
2026-03-05T19:17:55.241-06:00 DEBUG 216068 --- [    Test worker] o.s.orm.jpa.JpaTransactionManager        : Found thread-bound EntityManager [SessionImpl(1872915229<open>)] for JPA transaction
2026-03-05T19:17:55.241-06:00 DEBUG 216068 --- [    Test worker] o.s.orm.jpa.JpaTransactionManager        : Participating in existing transaction
2026-03-05T19:17:55.241-06:00 DEBUG 216068 --- [    Test worker] org.hibernate.SQL                        : 
    select
        pm1_0.sku_interno,
        pm1_0.activo,
        pm1_0.categoria_id,
        pm1_0.clave_sat,
        pm1_0.descripcion,
        pm1_0.fecha_actualizacion,
        pm1_0.fecha_creacion,
        pm1_0.nombre_comercial,
        pm1_0.proveedor_id,
        pm1_0.sensibilidad_precio,
        pm1_0.sku_proveedor,
        pm1_0.stock_minimo_global,
        pm1_0.usuario_actualizacion,
        pm1_0.usuario_creacion 
    from
        producto_maestro pm1_0
2026-03-05T19:17:55.242-06:00 DEBUG 216068 --- [    Test worker] o.h.stat.internal.StatisticsImpl         : HHH000117: HQL: [CRITERIA] select pm1_0.sku_interno,pm1_0.activo,pm1_0.categoria_id,pm1_0.clave_sat,pm1_0.descripcion,pm1_0.fecha_actualizacion,pm1_0.fecha_creacion,pm1_0.nombre_comercial,pm1_0.proveedor_id,pm1_0.sensibilidad_precio,pm1_0.sku_proveedor,pm1_0.stock_minimo_global,pm1_0.usuario_actualizacion,pm1_0.usuario_creacion from producto_maestro pm1_0, time: 0ms, rows: 0
2026-03-05T19:17:55.242-06:00 DEBUG 216068 --- [    Test worker] o.s.orm.jpa.JpaTransactionManager        : Found thread-bound EntityManager [SessionImpl(1872915229<open>)] for JPA transaction
2026-03-05T19:17:55.242-06:00 DEBUG 216068 --- [    Test worker] o.s.orm.jpa.JpaTransactionManager        : Participating in existing transaction
2026-03-05T19:17:55.242-06:00 DEBUG 216068 --- [    Test worker] org.hibernate.SQL                        : 
    select
        s1_0.id,
        s1_0.activo,
        s1_0.direccion,
        s1_0.fecha_actualizacion,
        s1_0.fecha_creacion,
        s1_0.nombre,
        s1_0.usuario_actualizacion,
        s1_0.usuario_creacion 
    from
        sucursal s1_0
2026-03-05T19:17:55.242-06:00 DEBUG 216068 --- [    Test worker] o.h.stat.internal.StatisticsImpl         : HHH000117: HQL: [CRITERIA] select s1_0.id,s1_0.activo,s1_0.direccion,s1_0.fecha_actualizacion,s1_0.fecha_creacion,s1_0.nombre,s1_0.usuario_actualizacion,s1_0.usuario_creacion from sucursal s1_0, time: 0ms, rows: 0
2026-03-05T19:17:55.242-06:00 DEBUG 216068 --- [    Test worker] o.s.orm.jpa.JpaTransactionManager        : Found thread-bound EntityManager [SessionImpl(1872915229<open>)] for JPA transaction
2026-03-05T19:17:55.242-06:00 DEBUG 216068 --- [    Test worker] o.s.orm.jpa.JpaTransactionManager        : Participating in existing transaction
2026-03-05T19:17:55.243-06:00 DEBUG 216068 --- [    Test worker] org.hibernate.SQL                        : 
    select
        u1_0.id,
        u1_0.empleado_id,
        u1_0.fecha_actualizacion,
        u1_0.fecha_creacion,
        u1_0.password,
        u1_0.role,
        u1_0.username,
        u1_0.usuario_actualizacion,
        u1_0.usuario_creacion 
    from
        usuarios u1_0
2026-03-05T19:17:55.243-06:00 DEBUG 216068 --- [    Test worker] o.h.stat.internal.StatisticsImpl         : HHH000117: HQL: [CRITERIA] select u1_0.id,u1_0.empleado_id,u1_0.fecha_actualizacion,u1_0.fecha_creacion,u1_0.password,u1_0.role,u1_0.username,u1_0.usuario_actualizacion,u1_0.usuario_creacion from usuarios u1_0, time: 0ms, rows: 0
2026-03-05T19:17:55.243-06:00 DEBUG 216068 --- [    Test worker] o.s.orm.jpa.JpaTransactionManager        : Found thread-bound EntityManager [SessionImpl(1872915229<open>)] for JPA transaction
2026-03-05T19:17:55.243-06:00 DEBUG 216068 --- [    Test worker] o.s.orm.jpa.JpaTransactionManager        : Participating in existing transaction
2026-03-05T19:17:55.243-06:00 DEBUG 216068 --- [    Test worker] org.hibernate.SQL                        : 
    insert 
    into
        usuarios
        (empleado_id, fecha_actualizacion, fecha_creacion, password, role, username, usuario_actualizacion, usuario_creacion, id) 
    values
        (?, ?, ?, ?, ?, ?, ?, ?, default)
2026-03-05T19:17:55.244-06:00 DEBUG 216068 --- [    Test worker] o.s.orm.jpa.JpaTransactionManager        : Found thread-bound EntityManager [SessionImpl(1872915229<open>)] for JPA transaction
2026-03-05T19:17:55.244-06:00 DEBUG 216068 --- [    Test worker] o.s.orm.jpa.JpaTransactionManager        : Participating in existing transaction
2026-03-05T19:17:55.245-06:00 DEBUG 216068 --- [    Test worker] org.hibernate.SQL                        : 
    insert 
    into
        sucursal
        (activo, direccion, fecha_actualizacion, fecha_creacion, nombre, usuario_actualizacion, usuario_creacion, id) 
    values
        (?, ?, ?, ?, ?, ?, ?, default)
2026-03-05T19:17:55.245-06:00 DEBUG 216068 --- [    Test worker] o.s.orm.jpa.JpaTransactionManager        : Found thread-bound EntityManager [SessionImpl(1872915229<open>)] for JPA transaction
2026-03-05T19:17:55.245-06:00 DEBUG 216068 --- [    Test worker] o.s.orm.jpa.JpaTransactionManager        : Participating in existing transaction
2026-03-05T19:17:55.245-06:00 DEBUG 216068 --- [    Test worker] org.hibernate.SQL                        : 
    insert 
    into
        sucursal
        (activo, direccion, fecha_actualizacion, fecha_creacion, nombre, usuario_actualizacion, usuario_creacion, id) 
    values
        (?, ?, ?, ?, ?, ?, ?, default)
2026-03-05T19:17:55.248-06:00 DEBUG 216068 --- [    Test worker] org.hibernate.SQL                        : 
    select
        u1_0.id,
        u1_0.empleado_id,
        u1_0.fecha_actualizacion,
        u1_0.fecha_creacion,
        u1_0.password,
        u1_0.role,
        u1_0.username,
        u1_0.usuario_actualizacion,
        u1_0.usuario_creacion 
    from
        usuarios u1_0 
    where
        u1_0.username=?
2026-03-05T19:17:55.249-06:00 DEBUG 216068 --- [    Test worker] o.h.stat.internal.StatisticsImpl         : HHH000117: HQL: [CRITERIA] select u1_0.id,u1_0.empleado_id,u1_0.fecha_actualizacion,u1_0.fecha_creacion,u1_0.password,u1_0.role,u1_0.username,u1_0.usuario_actualizacion,u1_0.usuario_creacion from usuarios u1_0 where u1_0.username=?, time: 0ms, rows: 1
2026-03-05T19:17:55.250-06:00  INFO 216068 --- [    Test worker] c.n.almacen.common.config.LogFilter      : >> Iniciando petición: POST /api/v1/inventario/traspasos
2026-03-05T19:17:55.251-06:00  WARN 216068 --- [    Test worker] c.n.a.c.e.GlobalExceptionHandler         : Fallo en validación de datos: [sucursalDestinoId: La sucursal de destino es obligatoria]
2026-03-05T19:17:55.251-06:00  INFO 216068 --- [    Test worker] c.n.almacen.common.config.LogFilter      : << Petición finalizada en 1 ms
2026-03-05T19:17:55.253-06:00 DEBUG 216068 --- [    Test worker] o.s.orm.jpa.JpaTransactionManager        : Initiating transaction rollback
2026-03-05T19:17:55.253-06:00 DEBUG 216068 --- [    Test worker] o.s.orm.jpa.JpaTransactionManager        : Rolling back JPA transaction on EntityManager [SessionImpl(1872915229<open>)]
2026-03-05T19:17:55.253-06:00 DEBUG 216068 --- [    Test worker] o.s.orm.jpa.JpaTransactionManager        : Closing JPA EntityManager [SessionImpl(1872915229<open>)] after transaction
]]></system-out>
  <system-err><![CDATA[]]></system-err>
</testsuite>
