<?xml version="1.0" encoding="UTF-8"?>
<testsuite name="Moto - Tests de Entidad" tests="11" skipped="0" failures="0" errors="0" timestamp="2026-03-06T01:17:51" hostname="GS1727958D01LP" time="0.006">
  <properties/>
  <testcase name="Debe manejar diferentes cilindradas" classname="com.nexoohub.almacen.catalogo.entity.MotoTest" time="0.0"/>
  <testcase name="Debe establecer y obtener marca" classname="com.nexoohub.almacen.catalogo.entity.MotoTest" time="0.0"/>
  <testcase name="Debe crear moto con ID" classname="com.nexoohub.almacen.catalogo.entity.MotoTest" time="0.0"/>
  <testcase name="Debe crear moto completa" classname="com.nexoohub.almacen.catalogo.entity.MotoTest" time="0.0"/>
  <testcase name="Debe permitir cilindrada null" classname="com.nexoohub.almacen.catalogo.entity.MotoTest" time="0.0"/>
  <testcase name="Debe manejar modelos con caracteres especiales" classname="com.nexoohub.almacen.catalogo.entity.MotoTest" time="0.001"/>
  <testcase name="Debe crear diferentes motos Honda" classname="com.nexoohub.almacen.catalogo.entity.MotoTest" time="0.0"/>
  <testcase name="Debe establecer y obtener modelo" classname="com.nexoohub.almacen.catalogo.entity.MotoTest" time="0.0"/>
  <testcase name="Debe establecer y obtener cilindrada" classname="com.nexoohub.almacen.catalogo.entity.MotoTest" time="0.0"/>
  <testcase name="Debe crear instancia sin valores por defecto" classname="com.nexoohub.almacen.catalogo.entity.MotoTest" time="0.001"/>
  <testcase name="Debe manejar diferentes marcas" classname="com.nexoohub.almacen.catalogo.entity.MotoTest" time="0.0"/>
  <system-out><![CDATA[]]></system-out>
  <system-err><![CDATA[]]></system-err>
</testsuite>
