<?xml version="1.0" encoding="UTF-8"?>
<testsuite name="InventarioSucursalId - Tests de Clave Compuesta" tests="13" skipped="0" failures="0" errors="0" timestamp="2026-03-06T01:17:55" hostname="GS1727958D01LP" time="0.005">
  <properties/>
  <testcase name="Debe crear ID con constructor parametrizado" classname="com.nexoohub.almacen.inventario.entity.InventarioSucursalIdTest" time="0.0"/>
  <testcase name="Debe ser igual cuando ambos campos coinciden" classname="com.nexoohub.almacen.inventario.entity.InventarioSucursalIdTest" time="0.0"/>
  <testcase name="No debe ser igual a objeto de otra clase" classname="com.nexoohub.almacen.inventario.entity.InventarioSucursalIdTest" time="0.0"/>
  <testcase name="Debe crear ID con constructor vacío" classname="com.nexoohub.almacen.inventario.entity.InventarioSucursalIdTest" time="0.0"/>
  <testcase name="Debe establecer y obtener skuInterno" classname="com.nexoohub.almacen.inventario.entity.InventarioSucursalIdTest" time="0.0"/>
  <testcase name="Debe generar diferente hashCode para objetos diferentes" classname="com.nexoohub.almacen.inventario.entity.InventarioSucursalIdTest" time="0.0"/>
  <testcase name="Debe ser igual a sí mismo" classname="com.nexoohub.almacen.inventario.entity.InventarioSucursalIdTest" time="0.0"/>
  <testcase name="Debe generar mismo hashCode para objetos iguales" classname="com.nexoohub.almacen.inventario.entity.InventarioSucursalIdTest" time="0.0"/>
  <testcase name="Debe crear ID completo con setters" classname="com.nexoohub.almacen.inventario.entity.InventarioSucursalIdTest" time="0.0"/>
  <testcase name="No debe ser igual a null" classname="com.nexoohub.almacen.inventario.entity.InventarioSucursalIdTest" time="0.001"/>
  <testcase name="No debe ser igual cuando sucursalId difiere" classname="com.nexoohub.almacen.inventario.entity.InventarioSucursalIdTest" time="0.0"/>
  <testcase name="No debe ser igual cuando skuInterno difiere" classname="com.nexoohub.almacen.inventario.entity.InventarioSucursalIdTest" time="0.0"/>
  <testcase name="Debe establecer y obtener sucursalId" classname="com.nexoohub.almacen.inventario.entity.InventarioSucursalIdTest" time="0.001"/>
  <system-out><![CDATA[]]></system-out>
  <system-err><![CDATA[]]></system-err>
</testsuite>
