<?xml version="1.0" encoding="UTF-8"?>
<testsuite name="Cliente - Tests de Entidad" tests="8" skipped="0" failures="0" errors="0" timestamp="2026-03-06T01:17:51" hostname="GS1727958D01LP" time="0.006">
  <properties/>
  <testcase name="Debe establecer y obtener ID correctamente" classname="com.nexoohub.almacen.catalogo.entity.ClienteTest" time="0.0"/>
  <testcase name="Debe establecer y obtener email correctamente" classname="com.nexoohub.almacen.catalogo.entity.ClienteTest" time="0.001"/>
  <testcase name="Debe establecer y obtener teléfono correctamente" classname="com.nexoohub.almacen.catalogo.entity.ClienteTest" time="0.0"/>
  <testcase name="Debe establecer y obtener tipo de cliente ID correctamente" classname="com.nexoohub.almacen.catalogo.entity.ClienteTest" time="0.0"/>
  <testcase name="Debe crear cliente completo con todos los campos" classname="com.nexoohub.almacen.catalogo.entity.ClienteTest" time="0.003"/>
  <testcase name="Debe establecer y obtener dirección fiscal correctamente" classname="com.nexoohub.almacen.catalogo.entity.ClienteTest" time="0.0"/>
  <testcase name="Debe establecer y obtener RFC correctamente" classname="com.nexoohub.almacen.catalogo.entity.ClienteTest" time="0.001"/>
  <testcase name="Debe establecer y obtener nombre correctamente" classname="com.nexoohub.almacen.catalogo.entity.ClienteTest" time="0.0"/>
  <system-out><![CDATA[]]></system-out>
  <system-err><![CDATA[]]></system-err>
</testsuite>
