<?xml version="1.0" encoding="UTF-8"?>
<testsuite name="CompraService - Tests de Procesamiento de Compras" tests="10" skipped="0" failures="0" errors="0" timestamp="2026-03-06T01:17:31" hostname="GS1727958D01LP" time="4.98">
  <properties/>
  <testcase name="Debe procesar compra con precios que incluyen IVA y limpiarlos correctamente" classname="com.nexoohub.almacen.compras.service.CompraServiceTest" time="4.882"/>
  <testcase name="Debe crear inventario nuevo si no existe en la sucursal" classname="com.nexoohub.almacen.compras.service.CompraServiceTest" time="0.016"/>
  <testcase name="Debe manejar correctamente lista de detalles vacía" classname="com.nexoohub.almacen.compras.service.CompraServiceTest" time="0.01"/>
  <testcase name="Debe aplicar redondeo psicológico a múltiplos de 5" classname="com.nexoohub.almacen.compras.service.CompraServiceTest" time="0.01"/>
  <testcase name="Debe lanzar excepción cuando el SKU no existe" classname="com.nexoohub.almacen.compras.service.CompraServiceTest" time="0.01"/>
  <testcase name="Debe lanzar excepción cuando no existe configuración financiera" classname="com.nexoohub.almacen.compras.service.CompraServiceTest" time="0.006"/>
  <testcase name="Debe calcular CPP correctamente con inventario existente" classname="com.nexoohub.almacen.compras.service.CompraServiceTest" time="0.007"/>
  <testcase name="Debe calcular total de compra con IVA correctamente" classname="com.nexoohub.almacen.compras.service.CompraServiceTest" time="0.007"/>
  <testcase name="Debe procesar compra exitosamente con precios sin IVA" classname="com.nexoohub.almacen.compras.service.CompraServiceTest" time="0.006"/>
  <testcase name="Debe aplicar estrategia de sensibilidad BAJA correctamente" classname="com.nexoohub.almacen.compras.service.CompraServiceTest" time="0.006"/>
  <system-out><![CDATA[]]></system-out>
  <system-err><![CDATA[WARNING: A Java agent has been loaded dynamically (E:\Users\1019660\.gradle\caches\modules-2\files-2.1\net.bytebuddy\byte-buddy-agent\1.14.12\be4984cb6fd1ef1d11f218a648889dfda44b8a15\byte-buddy-agent-1.14.12.jar)
WARNING: If a serviceability tool is in use, please run with -XX:+EnableDynamicAgentLoading to hide this warning
WARNING: If a serviceability tool is not in use, please run with -Djdk.instrument.traceUsage for more information
WARNING: Dynamic loading of agents will be disallowed by default in a future release
]]></system-err>
</testsuite>
