<?xml version="1.0" encoding="UTF-8"?>
<testsuite name="AuditableEntity - Tests de Entidad Base" tests="11" skipped="0" failures="0" errors="0" timestamp="2026-03-06T01:17:54" hostname="GS1727958D01LP" time="0.004">
  <properties/>
  <testcase name="Debe establecer y obtener usuarioCreacion" classname="com.nexoohub.almacen.common.entity.AuditableEntityTest" time="0.001"/>
  <testcase name="Debe manejar nombres de usuario largos" classname="com.nexoohub.almacen.common.entity.AuditableEntityTest" time="0.0"/>
  <testcase name="Debe establecer y obtener usuarioActualizacion" classname="com.nexoohub.almacen.common.entity.AuditableEntityTest" time="0.0"/>
  <testcase name="Debe establecer todos los campos de auditoría" classname="com.nexoohub.almacen.common.entity.AuditableEntityTest" time="0.001"/>
  <testcase name="Debe permitir valores null en campos de auditoría" classname="com.nexoohub.almacen.common.entity.AuditableEntityTest" time="0.0"/>
  <testcase name="Debe heredarse correctamente en subclases" classname="com.nexoohub.almacen.common.entity.AuditableEntityTest" time="0.0"/>
  <testcase name="Debe establecer y obtener fechaCreacion" classname="com.nexoohub.almacen.common.entity.AuditableEntityTest" time="0.001"/>
  <testcase name="Debe manejar múltiples actualizaciones" classname="com.nexoohub.almacen.common.entity.AuditableEntityTest" time="0.0"/>
  <testcase name="Debe establecer y obtener fechaActualizacion" classname="com.nexoohub.almacen.common.entity.AuditableEntityTest" time="0.0"/>
  <testcase name="Debe validar que fechaActualizacion sea posterior a fechaCreacion" classname="com.nexoohub.almacen.common.entity.AuditableEntityTest" time="0.001"/>
  <testcase name="Debe crear instancia sin valores por defecto" classname="com.nexoohub.almacen.common.entity.AuditableEntityTest" time="0.0"/>
  <system-out><![CDATA[]]></system-out>
  <system-err><![CDATA[]]></system-err>
</testsuite>
