<?xml version="1.0" encoding="UTF-8"?>
<testsuite name="com.nexoohub.almacen.common.controller.AuthControllerIntegrationTest" tests="4" skipped="0" failures="0" errors="0" timestamp="2026-03-06T01:17:52" hostname="GS1727958D01LP" time="0.576">
  <properties/>
  <testcase name="loginFallido_CredencialesIncorrectas()" classname="com.nexoohub.almacen.common.controller.AuthControllerIntegrationTest" time="0.241"/>
  <testcase name="loginExitoso()" classname="com.nexoohub.almacen.common.controller.AuthControllerIntegrationTest" time="0.133"/>
  <testcase name="loginFallido_UsuarioNoExiste()" classname="com.nexoohub.almacen.common.controller.AuthControllerIntegrationTest" time="0.131"/>
  <testcase name="loginFallido_RequestVacio()" classname="com.nexoohub.almacen.common.controller.AuthControllerIntegrationTest" time="0.07"/>
  <system-out><![CDATA[2026-03-05T19:17:52.989-06:00 DEBUG 216068 --- [    Test worker] o.s.orm.jpa.JpaTransactionManager        : Creating new transaction with name [com.nexoohub.almacen.common.controller.AuthControllerIntegrationTest.loginFallido_CredencialesIncorrectas]: PROPAGATION_REQUIRED,ISOLATION_DEFAULT
2026-03-05T19:17:52.989-06:00 DEBUG 216068 --- [    Test worker] o.s.orm.jpa.JpaTransactionManager        : Opened new EntityManager [SessionImpl(1466786805<open>)] for JPA transaction
2026-03-05T19:17:52.989-06:00 DEBUG 216068 --- [    Test worker] o.s.orm.jpa.JpaTransactionManager        : Exposing JPA transaction as JDBC [org.springframework.orm.jpa.vendor.HibernateJpaDialect$HibernateConnectionHandle@58f4609e]
2026-03-05T19:17:52.990-06:00 DEBUG 216068 --- [    Test worker] o.s.orm.jpa.JpaTransactionManager        : Found thread-bound EntityManager [SessionImpl(1466786805<open>)] for JPA transaction
2026-03-05T19:17:52.990-06:00 DEBUG 216068 --- [    Test worker] o.s.orm.jpa.JpaTransactionManager        : Participating in existing transaction
2026-03-05T19:17:52.991-06:00 DEBUG 216068 --- [    Test worker] org.hibernate.SQL                        : 
    select
        u1_0.id,
        u1_0.empleado_id,
        u1_0.fecha_actualizacion,
        u1_0.fecha_creacion,
        u1_0.password,
        u1_0.role,
        u1_0.username,
        u1_0.usuario_actualizacion,
        u1_0.usuario_creacion 
    from
        usuarios u1_0
2026-03-05T19:17:52.991-06:00 DEBUG 216068 --- [    Test worker] o.h.stat.internal.StatisticsImpl         : HHH000117: HQL: [CRITERIA] select u1_0.id,u1_0.empleado_id,u1_0.fecha_actualizacion,u1_0.fecha_creacion,u1_0.password,u1_0.role,u1_0.username,u1_0.usuario_actualizacion,u1_0.usuario_creacion from usuarios u1_0, time: 0ms, rows: 0
2026-03-05T19:17:53.078-06:00 DEBUG 216068 --- [    Test worker] o.s.orm.jpa.JpaTransactionManager        : Found thread-bound EntityManager [SessionImpl(1466786805<open>)] for JPA transaction
2026-03-05T19:17:53.078-06:00 DEBUG 216068 --- [    Test worker] o.s.orm.jpa.JpaTransactionManager        : Participating in existing transaction
2026-03-05T19:17:53.078-06:00 DEBUG 216068 --- [    Test worker] org.hibernate.SQL                        : 
    insert 
    into
        usuarios
        (empleado_id, fecha_actualizacion, fecha_creacion, password, role, username, usuario_actualizacion, usuario_creacion, id) 
    values
        (?, ?, ?, ?, ?, ?, ?, ?, default)
2026-03-05T19:17:53.081-06:00  INFO 216068 --- [    Test worker] c.n.almacen.common.config.LogFilter      : >> Iniciando petición: POST /api/v1/auth/login
2026-03-05T19:17:53.099-06:00  INFO 216068 --- [    Test worker] c.n.a.common.controller.AuthController   : Intento de login para el usuario: admin@nexoo.com
2026-03-05T19:17:53.162-06:00 DEBUG 216068 --- [    Test worker] org.hibernate.SQL                        : 
    select
        u1_0.id,
        u1_0.empleado_id,
        u1_0.fecha_actualizacion,
        u1_0.fecha_creacion,
        u1_0.password,
        u1_0.role,
        u1_0.username,
        u1_0.usuario_actualizacion,
        u1_0.usuario_creacion 
    from
        usuarios u1_0 
    where
        u1_0.username=?
2026-03-05T19:17:53.163-06:00 DEBUG 216068 --- [    Test worker] o.h.stat.internal.StatisticsImpl         : HHH000117: HQL: [CRITERIA] select u1_0.id,u1_0.empleado_id,u1_0.fecha_actualizacion,u1_0.fecha_creacion,u1_0.password,u1_0.role,u1_0.username,u1_0.usuario_actualizacion,u1_0.usuario_creacion from usuarios u1_0 where u1_0.username=?, time: 0ms, rows: 1
2026-03-05T19:17:53.226-06:00  WARN 216068 --- [    Test worker] c.n.a.c.e.GlobalExceptionHandler         : Intento de login fallido: Credenciales incorrectas
2026-03-05T19:17:53.227-06:00  INFO 216068 --- [    Test worker] c.n.almacen.common.config.LogFilter      : << Petición finalizada en 146 ms
2026-03-05T19:17:53.228-06:00 DEBUG 216068 --- [    Test worker] o.s.orm.jpa.JpaTransactionManager        : Initiating transaction rollback
2026-03-05T19:17:53.228-06:00 DEBUG 216068 --- [    Test worker] o.s.orm.jpa.JpaTransactionManager        : Rolling back JPA transaction on EntityManager [SessionImpl(1466786805<open>)]
2026-03-05T19:17:53.229-06:00 DEBUG 216068 --- [    Test worker] o.s.orm.jpa.JpaTransactionManager        : Closing JPA EntityManager [SessionImpl(1466786805<open>)] after transaction
2026-03-05T19:17:53.230-06:00 DEBUG 216068 --- [    Test worker] o.s.orm.jpa.JpaTransactionManager        : Creating new transaction with name [com.nexoohub.almacen.common.controller.AuthControllerIntegrationTest.loginExitoso]: PROPAGATION_REQUIRED,ISOLATION_DEFAULT
2026-03-05T19:17:53.230-06:00 DEBUG 216068 --- [    Test worker] o.s.orm.jpa.JpaTransactionManager        : Opened new EntityManager [SessionImpl(1366411839<open>)] for JPA transaction
2026-03-05T19:17:53.230-06:00 DEBUG 216068 --- [    Test worker] o.s.orm.jpa.JpaTransactionManager        : Exposing JPA transaction as JDBC [org.springframework.orm.jpa.vendor.HibernateJpaDialect$HibernateConnectionHandle@71690abd]
2026-03-05T19:17:53.231-06:00 DEBUG 216068 --- [    Test worker] o.s.orm.jpa.JpaTransactionManager        : Found thread-bound EntityManager [SessionImpl(1366411839<open>)] for JPA transaction
2026-03-05T19:17:53.231-06:00 DEBUG 216068 --- [    Test worker] o.s.orm.jpa.JpaTransactionManager        : Participating in existing transaction
2026-03-05T19:17:53.231-06:00 DEBUG 216068 --- [    Test worker] org.hibernate.SQL                        : 
    select
        u1_0.id,
        u1_0.empleado_id,
        u1_0.fecha_actualizacion,
        u1_0.fecha_creacion,
        u1_0.password,
        u1_0.role,
        u1_0.username,
        u1_0.usuario_actualizacion,
        u1_0.usuario_creacion 
    from
        usuarios u1_0
2026-03-05T19:17:53.232-06:00 DEBUG 216068 --- [    Test worker] o.h.stat.internal.StatisticsImpl         : HHH000117: HQL: [CRITERIA] select u1_0.id,u1_0.empleado_id,u1_0.fecha_actualizacion,u1_0.fecha_creacion,u1_0.password,u1_0.role,u1_0.username,u1_0.usuario_actualizacion,u1_0.usuario_creacion from usuarios u1_0, time: 0ms, rows: 0
2026-03-05T19:17:53.290-06:00 DEBUG 216068 --- [    Test worker] o.s.orm.jpa.JpaTransactionManager        : Found thread-bound EntityManager [SessionImpl(1366411839<open>)] for JPA transaction
2026-03-05T19:17:53.290-06:00 DEBUG 216068 --- [    Test worker] o.s.orm.jpa.JpaTransactionManager        : Participating in existing transaction
2026-03-05T19:17:53.290-06:00 DEBUG 216068 --- [    Test worker] org.hibernate.SQL                        : 
    insert 
    into
        usuarios
        (empleado_id, fecha_actualizacion, fecha_creacion, password, role, username, usuario_actualizacion, usuario_creacion, id) 
    values
        (?, ?, ?, ?, ?, ?, ?, ?, default)
2026-03-05T19:17:53.292-06:00  INFO 216068 --- [    Test worker] c.n.almacen.common.config.LogFilter      : >> Iniciando petición: POST /api/v1/auth/login
2026-03-05T19:17:53.293-06:00  INFO 216068 --- [    Test worker] c.n.a.common.controller.AuthController   : Intento de login para el usuario: admin@nexoo.com
2026-03-05T19:17:53.294-06:00 DEBUG 216068 --- [    Test worker] org.hibernate.SQL                        : 
    select
        u1_0.id,
        u1_0.empleado_id,
        u1_0.fecha_actualizacion,
        u1_0.fecha_creacion,
        u1_0.password,
        u1_0.role,
        u1_0.username,
        u1_0.usuario_actualizacion,
        u1_0.usuario_creacion 
    from
        usuarios u1_0 
    where
        u1_0.username=?
2026-03-05T19:17:53.294-06:00 DEBUG 216068 --- [    Test worker] o.h.stat.internal.StatisticsImpl         : HHH000117: HQL: [CRITERIA] select u1_0.id,u1_0.empleado_id,u1_0.fecha_actualizacion,u1_0.fecha_creacion,u1_0.password,u1_0.role,u1_0.username,u1_0.usuario_actualizacion,u1_0.usuario_creacion from usuarios u1_0 where u1_0.username=?, time: 0ms, rows: 1
2026-03-05T19:17:53.354-06:00  INFO 216068 --- [    Test worker] c.n.a.common.controller.AuthController   : Login exitoso. Token generado para: admin@nexoo.com
2026-03-05T19:17:53.359-06:00  INFO 216068 --- [    Test worker] c.n.almacen.common.config.LogFilter      : << Petición finalizada en 67 ms
2026-03-05T19:17:53.362-06:00 DEBUG 216068 --- [    Test worker] o.s.orm.jpa.JpaTransactionManager        : Initiating transaction rollback
2026-03-05T19:17:53.362-06:00 DEBUG 216068 --- [    Test worker] o.s.orm.jpa.JpaTransactionManager        : Rolling back JPA transaction on EntityManager [SessionImpl(1366411839<open>)]
2026-03-05T19:17:53.362-06:00 DEBUG 216068 --- [    Test worker] o.s.orm.jpa.JpaTransactionManager        : Closing JPA EntityManager [SessionImpl(1366411839<open>)] after transaction
2026-03-05T19:17:53.363-06:00 DEBUG 216068 --- [    Test worker] o.s.orm.jpa.JpaTransactionManager        : Creating new transaction with name [com.nexoohub.almacen.common.controller.AuthControllerIntegrationTest.loginFallido_UsuarioNoExiste]: PROPAGATION_REQUIRED,ISOLATION_DEFAULT
2026-03-05T19:17:53.363-06:00 DEBUG 216068 --- [    Test worker] o.s.orm.jpa.JpaTransactionManager        : Opened new EntityManager [SessionImpl(1580851501<open>)] for JPA transaction
2026-03-05T19:17:53.363-06:00 DEBUG 216068 --- [    Test worker] o.s.orm.jpa.JpaTransactionManager        : Exposing JPA transaction as JDBC [org.springframework.orm.jpa.vendor.HibernateJpaDialect$HibernateConnectionHandle@6f48b85c]
2026-03-05T19:17:53.364-06:00 DEBUG 216068 --- [    Test worker] o.s.orm.jpa.JpaTransactionManager        : Found thread-bound EntityManager [SessionImpl(1580851501<open>)] for JPA transaction
2026-03-05T19:17:53.364-06:00 DEBUG 216068 --- [    Test worker] o.s.orm.jpa.JpaTransactionManager        : Participating in existing transaction
2026-03-05T19:17:53.365-06:00 DEBUG 216068 --- [    Test worker] org.hibernate.SQL                        : 
    select
        u1_0.id,
        u1_0.empleado_id,
        u1_0.fecha_actualizacion,
        u1_0.fecha_creacion,
        u1_0.password,
        u1_0.role,
        u1_0.username,
        u1_0.usuario_actualizacion,
        u1_0.usuario_creacion 
    from
        usuarios u1_0
2026-03-05T19:17:53.365-06:00 DEBUG 216068 --- [    Test worker] o.h.stat.internal.StatisticsImpl         : HHH000117: HQL: [CRITERIA] select u1_0.id,u1_0.empleado_id,u1_0.fecha_actualizacion,u1_0.fecha_creacion,u1_0.password,u1_0.role,u1_0.username,u1_0.usuario_actualizacion,u1_0.usuario_creacion from usuarios u1_0, time: 0ms, rows: 0
2026-03-05T19:17:53.425-06:00 DEBUG 216068 --- [    Test worker] o.s.orm.jpa.JpaTransactionManager        : Found thread-bound EntityManager [SessionImpl(1580851501<open>)] for JPA transaction
2026-03-05T19:17:53.425-06:00 DEBUG 216068 --- [    Test worker] o.s.orm.jpa.JpaTransactionManager        : Participating in existing transaction
2026-03-05T19:17:53.426-06:00 DEBUG 216068 --- [    Test worker] org.hibernate.SQL                        : 
    insert 
    into
        usuarios
        (empleado_id, fecha_actualizacion, fecha_creacion, password, role, username, usuario_actualizacion, usuario_creacion, id) 
    values
        (?, ?, ?, ?, ?, ?, ?, ?, default)
2026-03-05T19:17:53.427-06:00  INFO 216068 --- [    Test worker] c.n.almacen.common.config.LogFilter      : >> Iniciando petición: POST /api/v1/auth/login
2026-03-05T19:17:53.428-06:00  INFO 216068 --- [    Test worker] c.n.a.common.controller.AuthController   : Intento de login para el usuario: noexiste@nexoo.com
2026-03-05T19:17:53.429-06:00 DEBUG 216068 --- [    Test worker] org.hibernate.SQL                        : 
    select
        u1_0.id,
        u1_0.empleado_id,
        u1_0.fecha_actualizacion,
        u1_0.fecha_creacion,
        u1_0.password,
        u1_0.role,
        u1_0.username,
        u1_0.usuario_actualizacion,
        u1_0.usuario_creacion 
    from
        usuarios u1_0 
    where
        u1_0.username=?
2026-03-05T19:17:53.430-06:00 DEBUG 216068 --- [    Test worker] o.h.stat.internal.StatisticsImpl         : HHH000117: HQL: [CRITERIA] select u1_0.id,u1_0.empleado_id,u1_0.fecha_actualizacion,u1_0.fecha_creacion,u1_0.password,u1_0.role,u1_0.username,u1_0.usuario_actualizacion,u1_0.usuario_creacion from usuarios u1_0 where u1_0.username=?, time: 0ms, rows: 0
2026-03-05T19:17:53.490-06:00  WARN 216068 --- [    Test worker] c.n.a.c.e.GlobalExceptionHandler         : Intento de login fallido: Credenciales incorrectas
2026-03-05T19:17:53.491-06:00  INFO 216068 --- [    Test worker] c.n.almacen.common.config.LogFilter      : << Petición finalizada en 64 ms
2026-03-05T19:17:53.492-06:00 DEBUG 216068 --- [    Test worker] o.s.orm.jpa.JpaTransactionManager        : Initiating transaction rollback
2026-03-05T19:17:53.492-06:00 DEBUG 216068 --- [    Test worker] o.s.orm.jpa.JpaTransactionManager        : Rolling back JPA transaction on EntityManager [SessionImpl(1580851501<open>)]
2026-03-05T19:17:53.493-06:00 DEBUG 216068 --- [    Test worker] o.s.orm.jpa.JpaTransactionManager        : Closing JPA EntityManager [SessionImpl(1580851501<open>)] after transaction
2026-03-05T19:17:53.495-06:00 DEBUG 216068 --- [    Test worker] o.s.orm.jpa.JpaTransactionManager        : Creating new transaction with name [com.nexoohub.almacen.common.controller.AuthControllerIntegrationTest.loginFallido_RequestVacio]: PROPAGATION_REQUIRED,ISOLATION_DEFAULT
2026-03-05T19:17:53.495-06:00 DEBUG 216068 --- [    Test worker] o.s.orm.jpa.JpaTransactionManager        : Opened new EntityManager [SessionImpl(2010809580<open>)] for JPA transaction
2026-03-05T19:17:53.495-06:00 DEBUG 216068 --- [    Test worker] o.s.orm.jpa.JpaTransactionManager        : Exposing JPA transaction as JDBC [org.springframework.orm.jpa.vendor.HibernateJpaDialect$HibernateConnectionHandle@1345dab0]
2026-03-05T19:17:53.496-06:00 DEBUG 216068 --- [    Test worker] o.s.orm.jpa.JpaTransactionManager        : Found thread-bound EntityManager [SessionImpl(2010809580<open>)] for JPA transaction
2026-03-05T19:17:53.496-06:00 DEBUG 216068 --- [    Test worker] o.s.orm.jpa.JpaTransactionManager        : Participating in existing transaction
2026-03-05T19:17:53.497-06:00 DEBUG 216068 --- [    Test worker] org.hibernate.SQL                        : 
    select
        u1_0.id,
        u1_0.empleado_id,
        u1_0.fecha_actualizacion,
        u1_0.fecha_creacion,
        u1_0.password,
        u1_0.role,
        u1_0.username,
        u1_0.usuario_actualizacion,
        u1_0.usuario_creacion 
    from
        usuarios u1_0
2026-03-05T19:17:53.497-06:00 DEBUG 216068 --- [    Test worker] o.h.stat.internal.StatisticsImpl         : HHH000117: HQL: [CRITERIA] select u1_0.id,u1_0.empleado_id,u1_0.fecha_actualizacion,u1_0.fecha_creacion,u1_0.password,u1_0.role,u1_0.username,u1_0.usuario_actualizacion,u1_0.usuario_creacion from usuarios u1_0, time: 0ms, rows: 0
2026-03-05T19:17:53.557-06:00 DEBUG 216068 --- [    Test worker] o.s.orm.jpa.JpaTransactionManager        : Found thread-bound EntityManager [SessionImpl(2010809580<open>)] for JPA transaction
2026-03-05T19:17:53.557-06:00 DEBUG 216068 --- [    Test worker] o.s.orm.jpa.JpaTransactionManager        : Participating in existing transaction
2026-03-05T19:17:53.558-06:00 DEBUG 216068 --- [    Test worker] org.hibernate.SQL                        : 
    insert 
    into
        usuarios
        (empleado_id, fecha_actualizacion, fecha_creacion, password, role, username, usuario_actualizacion, usuario_creacion, id) 
    values
        (?, ?, ?, ?, ?, ?, ?, ?, default)
2026-03-05T19:17:53.560-06:00  INFO 216068 --- [    Test worker] c.n.almacen.common.config.LogFilter      : >> Iniciando petición: POST /api/v1/auth/login
2026-03-05T19:17:53.561-06:00  WARN 216068 --- [    Test worker] c.n.a.c.e.GlobalExceptionHandler         : Fallo en validación de datos: [username: El usuario es obligatorio, password: La contraseña es obligatoria]
2026-03-05T19:17:53.562-06:00  INFO 216068 --- [    Test worker] c.n.almacen.common.config.LogFilter      : << Petición finalizada en 2 ms
2026-03-05T19:17:53.563-06:00 DEBUG 216068 --- [    Test worker] o.s.orm.jpa.JpaTransactionManager        : Initiating transaction rollback
2026-03-05T19:17:53.563-06:00 DEBUG 216068 --- [    Test worker] o.s.orm.jpa.JpaTransactionManager        : Rolling back JPA transaction on EntityManager [SessionImpl(2010809580<open>)]
2026-03-05T19:17:53.564-06:00 DEBUG 216068 --- [    Test worker] o.s.orm.jpa.JpaTransactionManager        : Closing JPA EntityManager [SessionImpl(2010809580<open>)] after transaction
]]></system-out>
  <system-err><![CDATA[]]></system-err>
</testsuite>
